sample.interval=20000
".newSignature" ".findInheritedMethods" "selectMethod" ".selectClosestMethod1" "names" "names" "names" "names" "names" "names" "dimnames" "dimnames" "dimnames" "colnames" "unique" ".check_x" "psupertime::psupertime" 
"base::rowMeans" "Matrix::rowMeans" "Matrix::rowMeans" ".calc_hvg_genes" ".select_genes" "psupertime::psupertime" 
"base::rowMeans" "Matrix::rowMeans" "Matrix::rowMeans" ".calc_hvg_genes" ".select_genes" "psupertime::psupertime" 
"base::rowMeans" "Matrix::rowMeans" "Matrix::rowMeans" ".calc_hvg_genes" ".select_genes" "psupertime::psupertime" 
"base::rowMeans" "Matrix::rowMeans" "Matrix::rowMeans" ".calc_hvg_genes" ".select_genes" "psupertime::psupertime" 
".Call" "beachmat_internal_FUN" ".viewport_helper" ".blockApply2" "rowBlockApply" ".compute_mean_var" "FUN" ".model_gene_var" ".local" "modelGeneVar" "modelGeneVar" ".calc_hvg_genes" ".select_genes" "psupertime::psupertime" 
".Call" "beachmat_internal_FUN" ".viewport_helper" ".blockApply2" "rowBlockApply" ".compute_mean_var" "FUN" ".model_gene_var" ".local" "modelGeneVar" "modelGeneVar" ".calc_hvg_genes" ".select_genes" "psupertime::psupertime" 
".Call" "beachmat_internal_FUN" ".viewport_helper" ".blockApply2" "rowBlockApply" ".compute_mean_var" "FUN" ".model_gene_var" ".local" "modelGeneVar" "modelGeneVar" ".calc_hvg_genes" ".select_genes" "psupertime::psupertime" 
".Call" "beachmat_internal_FUN" ".viewport_helper" ".blockApply2" "rowBlockApply" ".compute_mean_var" "FUN" ".model_gene_var" ".local" "modelGeneVar" "modelGeneVar" ".calc_hvg_genes" ".select_genes" "psupertime::psupertime" 
".Call" "beachmat_internal_FUN" ".viewport_helper" ".blockApply2" "rowBlockApply" ".compute_mean_var" "FUN" ".model_gene_var" ".local" "modelGeneVar" "modelGeneVar" ".calc_hvg_genes" ".select_genes" "psupertime::psupertime" 
".Call" "beachmat_internal_FUN" ".viewport_helper" ".blockApply2" "rowBlockApply" ".compute_mean_var" "FUN" ".model_gene_var" ".local" "modelGeneVar" "modelGeneVar" ".calc_hvg_genes" ".select_genes" "psupertime::psupertime" 
".Call" "beachmat_internal_FUN" ".viewport_helper" ".blockApply2" "rowBlockApply" ".compute_mean_var" "FUN" ".model_gene_var" ".local" "modelGeneVar" "modelGeneVar" ".calc_hvg_genes" ".select_genes" "psupertime::psupertime" 
".Call" "beachmat_internal_FUN" ".viewport_helper" ".blockApply2" "rowBlockApply" ".compute_mean_var" "FUN" ".model_gene_var" ".local" "modelGeneVar" "modelGeneVar" ".calc_hvg_genes" ".select_genes" "psupertime::psupertime" 
"<Anonymous>" "mapply" "<Anonymous>" "do.call" ".setup_nls_args" "fitTrendVar" ".decompose_log_exprs" ".model_gene_var" ".local" "modelGeneVar" "modelGeneVar" ".calc_hvg_genes" ".select_genes" "psupertime::psupertime" 
"<Anonymous>" "mapply" "<Anonymous>" "do.call" ".setup_nls_args" "fitTrendVar" ".decompose_log_exprs" ".model_gene_var" ".local" "modelGeneVar" "modelGeneVar" ".calc_hvg_genes" ".select_genes" "psupertime::psupertime" 
"numericDeriv" "getRHS" "<Anonymous>" "<Anonymous>" "do.call" "doTryCatch" "tryCatchOne" "tryCatchList" "tryCatch" "try" "fitTrendVar" ".decompose_log_exprs" ".model_gene_var" ".local" "modelGeneVar" "modelGeneVar" ".calc_hvg_genes" ".select_genes" "psupertime::psupertime" 
".Call" "weightedLowess" "fitTrendVar" ".decompose_log_exprs" ".model_gene_var" ".local" "modelGeneVar" "modelGeneVar" ".calc_hvg_genes" ".select_genes" "psupertime::psupertime" 
".Call" "weightedLowess" "fitTrendVar" ".decompose_log_exprs" ".model_gene_var" ".local" "modelGeneVar" "modelGeneVar" ".calc_hvg_genes" ".select_genes" "psupertime::psupertime" 
".Call" "weightedLowess" "fitTrendVar" ".decompose_log_exprs" ".model_gene_var" ".local" "modelGeneVar" "modelGeneVar" ".calc_hvg_genes" ".select_genes" "psupertime::psupertime" 
".Call" "weightedLowess" "fitTrendVar" ".decompose_log_exprs" ".model_gene_var" ".local" "modelGeneVar" "modelGeneVar" ".calc_hvg_genes" ".select_genes" "psupertime::psupertime" 
".Call" "weightedLowess" "fitTrendVar" ".decompose_log_exprs" ".model_gene_var" ".local" "modelGeneVar" "modelGeneVar" ".calc_hvg_genes" ".select_genes" "psupertime::psupertime" 
".Call" "weightedLowess" "fitTrendVar" ".decompose_log_exprs" ".model_gene_var" ".local" "modelGeneVar" "modelGeneVar" ".calc_hvg_genes" ".select_genes" "psupertime::psupertime" 
".Call" "weightedLowess" "fitTrendVar" ".decompose_log_exprs" ".model_gene_var" ".local" "modelGeneVar" "modelGeneVar" ".calc_hvg_genes" ".select_genes" "psupertime::psupertime" 
".Call" "weightedLowess" "fitTrendVar" ".decompose_log_exprs" ".model_gene_var" ".local" "modelGeneVar" "modelGeneVar" ".calc_hvg_genes" ".select_genes" "psupertime::psupertime" 
"weightedLowess" "fitTrendVar" ".decompose_log_exprs" ".model_gene_var" ".local" "modelGeneVar" "modelGeneVar" ".calc_hvg_genes" ".select_genes" "psupertime::psupertime" 
"order" "p.adjust" ".decompose_log_exprs" ".model_gene_var" ".local" "modelGeneVar" "modelGeneVar" ".calc_hvg_genes" ".select_genes" "psupertime::psupertime" 
"forderv" "setorderv" "setorder" ".calc_hvg_genes" ".select_genes" "psupertime::psupertime" 
"tryCatch" "try" "coerce2" "coerce2" ".make_endoapply_ans" "endoapply" "assays" "assays" "doTryCatch" "tryCatchOne" "tryCatchList" "tryCatch" "assay" "assay" ".calc_expressed_genes" ".select_genes" "psupertime::psupertime" 
"rowMeans" ".calc_expressed_genes" ".select_genes" "psupertime::psupertime" 
"rowMeans" ".calc_expressed_genes" ".select_genes" "psupertime::psupertime" 
"rowMeans" ".calc_expressed_genes" ".select_genes" "psupertime::psupertime" 
"rowMeans" ".calc_expressed_genes" ".select_genes" "psupertime::psupertime" 
"rowMeans" ".calc_expressed_genes" ".select_genes" "psupertime::psupertime" 
"rowMeans" ".calc_expressed_genes" ".select_genes" "psupertime::psupertime" 
"rowMeans" ".calc_expressed_genes" ".select_genes" "psupertime::psupertime" 
"base::rowMeans" "rowMeans" "rowMeans" ".calc_expressed_genes" ".select_genes" "psupertime::psupertime" 
"base::rowMeans" "rowMeans" "rowMeans" ".calc_expressed_genes" ".select_genes" "psupertime::psupertime" 
"base::rowMeans" "rowMeans" "rowMeans" ".calc_expressed_genes" ".select_genes" "psupertime::psupertime" 
"base::rowMeans" "rowMeans" "rowMeans" ".calc_expressed_genes" ".select_genes" "psupertime::psupertime" 
"validObject" "initialize" "initialize" "new" ".findNextFromTable" "addNextMethod" "addNextMethod" "callNextMethod" ".nextMethod" "callNextMethod" "updateObject" "updateObject" ".nextMethod" "callNextMethod" "updateObject" "updateObject" "updateObject" "updateObject" "rowRanges" "rowRanges" "names" "names" "names" "dimnames" "dimnames" "dimnames" "assays" "assays" "doTryCatch" "tryCatchOne" "tryCatchList" "tryCatch" "assay" "assay" ".make_x_data" "psupertime::psupertime" 
"t.default" "t" "standardGeneric" "t" ".make_x_data" "psupertime::psupertime" 
"t.default" "t" "standardGeneric" "t" ".make_x_data" "psupertime::psupertime" 
"t.default" "t" "standardGeneric" "t" ".make_x_data" "psupertime::psupertime" 
"t.default" "t" "standardGeneric" "t" ".make_x_data" "psupertime::psupertime" 
"t.default" "t" "standardGeneric" "t" ".make_x_data" "psupertime::psupertime" 
"t.default" "t" "standardGeneric" "t" ".make_x_data" "psupertime::psupertime" 
"t.default" "t" "standardGeneric" "t" ".make_x_data" "psupertime::psupertime" 
"t.default" "t" "standardGeneric" "t" ".make_x_data" "psupertime::psupertime" 
"t.default" "t" "standardGeneric" "t" ".make_x_data" "psupertime::psupertime" 
"t.default" "t" "standardGeneric" "t" ".make_x_data" "psupertime::psupertime" 
"t.default" "t" "standardGeneric" "t" ".make_x_data" "psupertime::psupertime" 
"t.default" "t" "standardGeneric" "t" ".make_x_data" "psupertime::psupertime" 
"t.default" "t" "standardGeneric" "t" ".make_x_data" "psupertime::psupertime" 
"t.default" "t" "standardGeneric" "t" ".make_x_data" "psupertime::psupertime" 
"t.default" "t" "standardGeneric" "t" ".make_x_data" "psupertime::psupertime" 
"t.default" "t" "standardGeneric" "t" ".make_x_data" "psupertime::psupertime" 
"t.default" "t" "standardGeneric" "t" ".make_x_data" "psupertime::psupertime" 
"t.default" "t" "standardGeneric" "t" ".make_x_data" "psupertime::psupertime" 
"t.default" "t" "standardGeneric" "t" ".make_x_data" "psupertime::psupertime" 
"t.default" "t" "standardGeneric" "t" ".make_x_data" "psupertime::psupertime" 
"t.default" "t" "standardGeneric" "t" ".make_x_data" "psupertime::psupertime" 
"t.default" "t" "standardGeneric" "t" ".make_x_data" "psupertime::psupertime" 
"t.default" "t" "standardGeneric" "t" ".make_x_data" "psupertime::psupertime" 
"t.default" "t" "standardGeneric" "t" ".make_x_data" "psupertime::psupertime" 
"t.default" "t" "standardGeneric" "t" ".make_x_data" "psupertime::psupertime" 
"t.default" "t" "standardGeneric" "t" ".make_x_data" "psupertime::psupertime" 
"t.default" "t" "standardGeneric" "t" ".make_x_data" "psupertime::psupertime" 
"t.default" "t" "standardGeneric" "t" ".make_x_data" "psupertime::psupertime" 
"t.default" "t" "standardGeneric" "t" ".make_x_data" "psupertime::psupertime" 
"t.default" "t" "standardGeneric" "t" ".make_x_data" "psupertime::psupertime" 
"t.default" "t" "standardGeneric" "t" ".make_x_data" "psupertime::psupertime" 
".make_x_data" "psupertime::psupertime" 
"cor" "standardGeneric" "cor" ".make_x_data" "psupertime::psupertime" 
"cor" "standardGeneric" "cor" ".make_x_data" "psupertime::psupertime" 
"cor" "standardGeneric" "cor" ".make_x_data" "psupertime::psupertime" 
"cor" "standardGeneric" "cor" ".make_x_data" "psupertime::psupertime" 
"cor" "standardGeneric" "cor" ".make_x_data" "psupertime::psupertime" 
"cor" "standardGeneric" "cor" ".make_x_data" "psupertime::psupertime" 
"cor" "standardGeneric" "cor" ".make_x_data" "psupertime::psupertime" 
"cor" "standardGeneric" "cor" ".make_x_data" "psupertime::psupertime" 
"cor" "standardGeneric" "cor" ".make_x_data" "psupertime::psupertime" 
"cor" "standardGeneric" "cor" ".make_x_data" "psupertime::psupertime" 
"cor" "standardGeneric" "cor" ".make_x_data" "psupertime::psupertime" 
"cor" "standardGeneric" "cor" ".make_x_data" "psupertime::psupertime" 
"cor" "standardGeneric" "cor" ".make_x_data" "psupertime::psupertime" 
"cor" "standardGeneric" "cor" ".make_x_data" "psupertime::psupertime" 
"cor" "standardGeneric" "cor" ".make_x_data" "psupertime::psupertime" 
"cor" "standardGeneric" "cor" ".make_x_data" "psupertime::psupertime" 
"cor" "standardGeneric" "cor" ".make_x_data" "psupertime::psupertime" 
"cor" "standardGeneric" "cor" ".make_x_data" "psupertime::psupertime" 
"cor" "standardGeneric" "cor" ".make_x_data" "psupertime::psupertime" 
"cor" "standardGeneric" "cor" ".make_x_data" "psupertime::psupertime" 
"cor" "standardGeneric" "cor" ".make_x_data" "psupertime::psupertime" 
"cor" "standardGeneric" "cor" ".make_x_data" "psupertime::psupertime" 
"aperm.default" "aperm" "apply" ".make_x_data" "psupertime::psupertime" 
"order" "sort.list" "FUN" "apply" ".make_x_data" "psupertime::psupertime" 
"order" "sort.list" "FUN" "apply" ".make_x_data" "psupertime::psupertime" 
"order" "sort.list" "FUN" "apply" ".make_x_data" "psupertime::psupertime" 
"as.character" "pmatch" "match.arg" "FUN" "apply" ".make_x_data" "psupertime::psupertime" 
"order" "sort.list" "FUN" "apply" ".make_x_data" "psupertime::psupertime" 
"sum" "stats::runif" "order" "sort.list" "FUN" "apply" ".make_x_data" "psupertime::psupertime" 
"vapply" "order" "sort.list" "FUN" "apply" ".make_x_data" "psupertime::psupertime" 
"c" "match.arg" "order" "sort.list" "FUN" "apply" ".make_x_data" "psupertime::psupertime" 
"order" "sort.list" "FUN" "apply" ".make_x_data" "psupertime::psupertime" 
"apply" ".make_x_data" "psupertime::psupertime" 
"order" "sort.list" "FUN" "apply" ".make_x_data" "psupertime::psupertime" 
"apply" ".make_x_data" "psupertime::psupertime" 
"order" "sort.list" "FUN" "apply" ".make_x_data" "psupertime::psupertime" 
"FUN" "apply" ".make_x_data" "psupertime::psupertime" 
"stats::runif" "order" "sort.list" "FUN" "apply" ".make_x_data" "psupertime::psupertime" 
"order" "sort.list" "FUN" "apply" ".make_x_data" "psupertime::psupertime" 
"FUN" "vapply" "apply" ".make_x_data" "psupertime::psupertime" 
"unlist" "apply" ".make_x_data" "psupertime::psupertime" 
"unlist" "apply" ".make_x_data" "psupertime::psupertime" 
"array" "aperm" "sweep" ".make_x_data" "psupertime::psupertime" 
"aperm.default" "aperm" "sweep" ".make_x_data" "psupertime::psupertime" 
"sweep" ".make_x_data" "psupertime::psupertime" 
"%*%" ".make_x_data" "psupertime::psupertime" 
"%*%" ".make_x_data" "psupertime::psupertime" 
"%*%" ".make_x_data" "psupertime::psupertime" 
"%*%" ".make_x_data" "psupertime::psupertime" 
"%*%" ".make_x_data" "psupertime::psupertime" 
"%*%" ".make_x_data" "psupertime::psupertime" 
"%*%" ".make_x_data" "psupertime::psupertime" 
"%*%" ".make_x_data" "psupertime::psupertime" 
"%*%" ".make_x_data" "psupertime::psupertime" 
"%*%" ".make_x_data" "psupertime::psupertime" 
"%*%" ".make_x_data" "psupertime::psupertime" 
"%*%" ".make_x_data" "psupertime::psupertime" 
"%*%" ".make_x_data" "psupertime::psupertime" 
"%*%" ".make_x_data" "psupertime::psupertime" 
"%*%" ".make_x_data" "psupertime::psupertime" 
"%*%" ".make_x_data" "psupertime::psupertime" 
"%*%" ".make_x_data" "psupertime::psupertime" 
"%*%" ".make_x_data" "psupertime::psupertime" 
"%*%" ".make_x_data" "psupertime::psupertime" 
"%*%" ".make_x_data" "psupertime::psupertime" 
"%*%" ".make_x_data" "psupertime::psupertime" 
"%*%" ".make_x_data" "psupertime::psupertime" 
"FUN" "apply" ".make_x_data" "psupertime::psupertime" 
"aperm.default" "aperm" "sweep" "scale.default" "FUN" "apply" ".make_x_data" "psupertime::psupertime" 
"sweep" "scale.default" "FUN" "apply" ".make_x_data" "psupertime::psupertime" 
"callNextMethod" ".local" "colData" "colData" "rownames" "dimnames" "dimnames" "dimnames" "colnames" ".make_x_data" "psupertime::psupertime" 
"rbind" ".restructure_propodds" ".glmnetcr_propn" ".train_on_folds" "psupertime::psupertime" 
"glmnet" ".glmnetcr_propn" ".train_on_folds" "psupertime::psupertime" 
".Call" "lognet_exp" "lognet" "glmnet" ".glmnetcr_propn" ".train_on_folds" "psupertime::psupertime" 
".Call" "lognet_exp" "lognet" "glmnet" ".glmnetcr_propn" ".train_on_folds" "psupertime::psupertime" 
".Call" "lognet_exp" "lognet" "glmnet" ".glmnetcr_propn" ".train_on_folds" "psupertime::psupertime" 
".Call" "lognet_exp" "lognet" "glmnet" ".glmnetcr_propn" ".train_on_folds" "psupertime::psupertime" 
".Call" "lognet_exp" "lognet" "glmnet" ".glmnetcr_propn" ".train_on_folds" "psupertime::psupertime" 
".Call" "lognet_exp" "lognet" "glmnet" ".glmnetcr_propn" ".train_on_folds" "psupertime::psupertime" 
".Call" "lognet_exp" "lognet" "glmnet" ".glmnetcr_propn" ".train_on_folds" "psupertime::psupertime" 
"apply" ".predict_glmnetcr_propodds" ".calc_scores_for_one_fit" ".train_on_folds" "psupertime::psupertime" 
"t.default" "t" "standardGeneric" "t" ".predict_glmnetcr_propodds" ".calc_scores_for_one_fit" ".train_on_folds" "psupertime::psupertime" 
".predict_glmnetcr_propodds" ".calc_scores_for_one_fit" ".train_on_folds" "psupertime::psupertime" 
"apply" ".predict_glmnetcr_propodds" ".calc_scores_for_one_fit" ".train_on_folds" "psupertime::psupertime" 
"apply" ".calc_scores_for_one_fit" ".train_on_folds" "psupertime::psupertime" 
"levels" "Ops.factor" "FUN" "lapply" "sapply" "standardGeneric" "t" ".calc_multiple_scores" "FUN" "lapply" "sapply" ".calc_scores_for_one_fit" ".train_on_folds" "psupertime::psupertime" 
"Ops.factor" "FUN" "lapply" "sapply" "standardGeneric" "t" ".calc_multiple_scores" "FUN" "lapply" "sapply" ".calc_scores_for_one_fit" ".train_on_folds" "psupertime::psupertime" 
"NextMethod" "Ops.factor" "FUN" "lapply" "sapply" "standardGeneric" "t" ".calc_multiple_scores" "FUN" "lapply" "sapply" ".calc_scores_for_one_fit" ".train_on_folds" "psupertime::psupertime" 
"attr" "levels.default" "levels" "noNA.levels" "Ops.factor" "FUN" "lapply" "sapply" "standardGeneric" "t" ".calc_multiple_scores" "FUN" "lapply" "sapply" ".calc_scores_for_one_fit" ".train_on_folds" "psupertime::psupertime" 
"NextMethod" "[.factor" "[" "as.list.factor" "as.list" "lapply" "sapply" "standardGeneric" "t" ".calc_multiple_scores" "FUN" "lapply" "sapply" ".calc_scores_for_one_fit" ".train_on_folds" "psupertime::psupertime" 
"Ops.factor" "FUN" "lapply" "sapply" "standardGeneric" "t" ".calc_multiple_scores" "FUN" "lapply" "sapply" ".calc_scores_for_one_fit" ".train_on_folds" "psupertime::psupertime" 
"[" "as.list.factor" "as.list" "lapply" "sapply" "standardGeneric" "t" ".calc_multiple_scores" "FUN" "lapply" "sapply" ".calc_scores_for_one_fit" ".train_on_folds" "psupertime::psupertime" 
"cbind" ".restructure_propodds" ".glmnetcr_propn" ".train_on_folds" "psupertime::psupertime" 
"rbind" ".restructure_propodds" ".glmnetcr_propn" ".train_on_folds" "psupertime::psupertime" 
"glmnet" ".glmnetcr_propn" ".train_on_folds" "psupertime::psupertime" 
".Call" "lognet_exp" "lognet" "glmnet" ".glmnetcr_propn" ".train_on_folds" "psupertime::psupertime" 
".Call" "lognet_exp" "lognet" "glmnet" ".glmnetcr_propn" ".train_on_folds" "psupertime::psupertime" 
".Call" "lognet_exp" "lognet" "glmnet" ".glmnetcr_propn" ".train_on_folds" "psupertime::psupertime" 
".Call" "lognet_exp" "lognet" "glmnet" ".glmnetcr_propn" ".train_on_folds" "psupertime::psupertime" 
".Call" "lognet_exp" "lognet" "glmnet" ".glmnetcr_propn" ".train_on_folds" "psupertime::psupertime" 
".Call" "lognet_exp" "lognet" "glmnet" ".glmnetcr_propn" ".train_on_folds" "psupertime::psupertime" 
".Call" "lognet_exp" "lognet" "glmnet" ".glmnetcr_propn" ".train_on_folds" "psupertime::psupertime" 
"FUN" "apply" ".predict_glmnetcr_propodds" ".calc_scores_for_one_fit" ".train_on_folds" "psupertime::psupertime" 
".predict_glmnetcr_propodds" ".calc_scores_for_one_fit" ".train_on_folds" "psupertime::psupertime" 
"unlist" "apply" ".predict_glmnetcr_propodds" ".calc_scores_for_one_fit" ".train_on_folds" "psupertime::psupertime" 
"apply" ".predict_glmnetcr_propodds" ".calc_scores_for_one_fit" ".train_on_folds" "psupertime::psupertime" 
"unlist" "apply" ".predict_glmnetcr_propodds" ".calc_scores_for_one_fit" ".train_on_folds" "psupertime::psupertime" 
"apply" ".calc_scores_for_one_fit" ".train_on_folds" "psupertime::psupertime" 
"NextMethod" "[.factor" "[" "as.list.factor" "as.list" "lapply" "sapply" "standardGeneric" "t" ".calc_multiple_scores" "FUN" "lapply" "sapply" ".calc_scores_for_one_fit" ".train_on_folds" "psupertime::psupertime" 
"NextMethod" "[.factor" "[" "as.list.factor" "as.list" "lapply" "sapply" "standardGeneric" "t" ".calc_multiple_scores" "FUN" "lapply" "sapply" ".calc_scores_for_one_fit" ".train_on_folds" "psupertime::psupertime" 
"levels" "noNA.levels" "Ops.factor" "mean" ".calc_multiple_scores" "FUN" "lapply" "sapply" ".calc_scores_for_one_fit" ".train_on_folds" "psupertime::psupertime" 
"FUN" "lapply" "sapply" "standardGeneric" "t" ".calc_multiple_scores" "FUN" "lapply" "sapply" ".calc_scores_for_one_fit" ".train_on_folds" "psupertime::psupertime" 
"Ops.factor" "FUN" "lapply" "sapply" "standardGeneric" "t" ".calc_multiple_scores" "FUN" "lapply" "sapply" ".calc_scores_for_one_fit" ".train_on_folds" "psupertime::psupertime" 
"NextMethod" "Ops.factor" "FUN" "lapply" "sapply" "standardGeneric" "t" ".calc_multiple_scores" "FUN" "lapply" "sapply" ".calc_scores_for_one_fit" ".train_on_folds" "psupertime::psupertime" 
"noNA.levels" "Ops.factor" "FUN" "lapply" "sapply" "standardGeneric" "t" ".calc_multiple_scores" "FUN" "lapply" "sapply" ".calc_scores_for_one_fit" ".train_on_folds" "psupertime::psupertime" 
"rbind" ".restructure_propodds" ".glmnetcr_propn" ".train_on_folds" "psupertime::psupertime" 
".Call" "lognet_exp" "lognet" "glmnet" ".glmnetcr_propn" ".train_on_folds" "psupertime::psupertime" 
".Call" "lognet_exp" "lognet" "glmnet" ".glmnetcr_propn" ".train_on_folds" "psupertime::psupertime" 
".Call" "lognet_exp" "lognet" "glmnet" ".glmnetcr_propn" ".train_on_folds" "psupertime::psupertime" 
".Call" "lognet_exp" "lognet" "glmnet" ".glmnetcr_propn" ".train_on_folds" "psupertime::psupertime" 
".Call" "lognet_exp" "lognet" "glmnet" ".glmnetcr_propn" ".train_on_folds" "psupertime::psupertime" 
".Call" "lognet_exp" "lognet" "glmnet" ".glmnetcr_propn" ".train_on_folds" "psupertime::psupertime" 
".Call" "lognet_exp" "lognet" "glmnet" ".glmnetcr_propn" ".train_on_folds" "psupertime::psupertime" 
"[" "which" ".predict_glmnetcr_propodds" ".calc_scores_for_one_fit" ".train_on_folds" "psupertime::psupertime" 
"FUN" "apply" ".predict_glmnetcr_propodds" ".calc_scores_for_one_fit" ".train_on_folds" "psupertime::psupertime" 
"apply" ".predict_glmnetcr_propodds" ".calc_scores_for_one_fit" ".train_on_folds" "psupertime::psupertime" 
"apply" ".predict_glmnetcr_propodds" ".calc_scores_for_one_fit" ".train_on_folds" "psupertime::psupertime" 
"apply" ".predict_glmnetcr_propodds" ".calc_scores_for_one_fit" ".train_on_folds" "psupertime::psupertime" 
"apply" ".calc_scores_for_one_fit" ".train_on_folds" "psupertime::psupertime" 
"NextMethod" "[.factor" "[" "as.list.factor" "as.list" "lapply" "sapply" "standardGeneric" "t" ".calc_multiple_scores" "FUN" "lapply" "sapply" ".calc_scores_for_one_fit" ".train_on_folds" "psupertime::psupertime" 
"[.factor" "[" "as.list.factor" "as.list" "lapply" "sapply" "standardGeneric" "t" ".calc_multiple_scores" "FUN" "lapply" "sapply" ".calc_scores_for_one_fit" ".train_on_folds" "psupertime::psupertime" 
"[" "as.list.factor" "as.list" "lapply" "sapply" "standardGeneric" "t" ".calc_multiple_scores" "FUN" "lapply" "sapply" ".calc_scores_for_one_fit" ".train_on_folds" "psupertime::psupertime" 
"Ops.factor" "FUN" "lapply" "sapply" "standardGeneric" "t" ".calc_multiple_scores" "FUN" "lapply" "sapply" ".calc_scores_for_one_fit" ".train_on_folds" "psupertime::psupertime" 
"noNA.levels" "Ops.factor" "FUN" "lapply" "sapply" "standardGeneric" "t" ".calc_multiple_scores" "FUN" "lapply" "sapply" ".calc_scores_for_one_fit" ".train_on_folds" "psupertime::psupertime" 
"Ops.factor" "FUN" "lapply" "sapply" "standardGeneric" "t" ".calc_multiple_scores" "FUN" "lapply" "sapply" ".calc_scores_for_one_fit" ".train_on_folds" "psupertime::psupertime" 
"Ops.factor" "FUN" "lapply" "sapply" "standardGeneric" "t" ".calc_multiple_scores" "FUN" "lapply" "sapply" ".calc_scores_for_one_fit" ".train_on_folds" "psupertime::psupertime" 
"rbind" ".restructure_propodds" ".glmnetcr_propn" ".train_on_folds" "psupertime::psupertime" 
".Call" "lognet_exp" "lognet" "glmnet" ".glmnetcr_propn" ".train_on_folds" "psupertime::psupertime" 
".Call" "lognet_exp" "lognet" "glmnet" ".glmnetcr_propn" ".train_on_folds" "psupertime::psupertime" 
".Call" "lognet_exp" "lognet" "glmnet" ".glmnetcr_propn" ".train_on_folds" "psupertime::psupertime" 
".Call" "lognet_exp" "lognet" "glmnet" ".glmnetcr_propn" ".train_on_folds" "psupertime::psupertime" 
".Call" "lognet_exp" "lognet" "glmnet" ".glmnetcr_propn" ".train_on_folds" "psupertime::psupertime" 
".Call" "lognet_exp" "lognet" "glmnet" ".glmnetcr_propn" ".train_on_folds" "psupertime::psupertime" 
".Call" "lognet_exp" "lognet" "glmnet" ".glmnetcr_propn" ".train_on_folds" "psupertime::psupertime" 
"aperm.default" "aperm" "apply" ".predict_glmnetcr_propodds" ".calc_scores_for_one_fit" ".train_on_folds" "psupertime::psupertime" 
"paste" ".predict_glmnetcr_propodds" ".calc_scores_for_one_fit" ".train_on_folds" "psupertime::psupertime" 
"t.default" "t" "standardGeneric" "t" ".predict_glmnetcr_propodds" ".calc_scores_for_one_fit" ".train_on_folds" "psupertime::psupertime" 
"length" "apply" ".predict_glmnetcr_propodds" ".calc_scores_for_one_fit" ".train_on_folds" "psupertime::psupertime" 
"FUN" "apply" ".calc_scores_for_one_fit" ".train_on_folds" "psupertime::psupertime" 
"[.factor" "[" "as.list.factor" "as.list" "lapply" "sapply" "standardGeneric" "t" ".calc_multiple_scores" "FUN" "lapply" "sapply" ".calc_scores_for_one_fit" ".train_on_folds" "psupertime::psupertime" 
"noNA.levels" "Ops.factor" "FUN" "lapply" "sapply" "standardGeneric" "t" ".calc_multiple_scores" "FUN" "lapply" "sapply" ".calc_scores_for_one_fit" ".train_on_folds" "psupertime::psupertime" 
"FUN" "lapply" "sapply" "standardGeneric" "t" ".calc_multiple_scores" "FUN" "lapply" "sapply" ".calc_scores_for_one_fit" ".train_on_folds" "psupertime::psupertime" 
"Ops.factor" "FUN" "lapply" "sapply" "standardGeneric" "t" ".calc_multiple_scores" "FUN" "lapply" "sapply" ".calc_scores_for_one_fit" ".train_on_folds" "psupertime::psupertime" 
"levels" "Ops.factor" "FUN" "lapply" "sapply" "standardGeneric" "t" ".calc_multiple_scores" "FUN" "lapply" "sapply" ".calc_scores_for_one_fit" ".train_on_folds" "psupertime::psupertime" 
"Ops.factor" "FUN" "lapply" "sapply" "standardGeneric" "t" ".calc_multiple_scores" "FUN" "lapply" "sapply" ".calc_scores_for_one_fit" ".train_on_folds" "psupertime::psupertime" 
"Ops.factor" "FUN" "lapply" "sapply" "standardGeneric" "t" ".calc_multiple_scores" "FUN" "lapply" "sapply" ".calc_scores_for_one_fit" ".train_on_folds" "psupertime::psupertime" 
"levels" "noNA.levels" "Ops.factor" "FUN" "lapply" "sapply" "standardGeneric" "t" ".calc_multiple_scores" "FUN" "lapply" "sapply" ".calc_scores_for_one_fit" ".train_on_folds" "psupertime::psupertime" 
".glmnetcr_propn" ".train_on_folds" "psupertime::psupertime" 
".Call" "lognet_exp" "lognet" "glmnet" ".glmnetcr_propn" ".train_on_folds" "psupertime::psupertime" 
".Call" "lognet_exp" "lognet" "glmnet" ".glmnetcr_propn" ".train_on_folds" "psupertime::psupertime" 
".Call" "lognet_exp" "lognet" "glmnet" ".glmnetcr_propn" ".train_on_folds" "psupertime::psupertime" 
".Call" "lognet_exp" "lognet" "glmnet" ".glmnetcr_propn" ".train_on_folds" "psupertime::psupertime" 
".Call" "lognet_exp" "lognet" "glmnet" ".glmnetcr_propn" ".train_on_folds" "psupertime::psupertime" 
".Call" "lognet_exp" "lognet" "glmnet" ".glmnetcr_propn" ".train_on_folds" "psupertime::psupertime" 
".Call" "lognet_exp" "lognet" "glmnet" ".glmnetcr_propn" ".train_on_folds" "psupertime::psupertime" 
".Call" "lognet_exp" "lognet" "glmnet" ".glmnetcr_propn" ".train_on_folds" "psupertime::psupertime" 
".predict_glmnetcr_propodds" ".calc_scores_for_one_fit" ".train_on_folds" "psupertime::psupertime" 
"unlist" "apply" ".predict_glmnetcr_propodds" ".calc_scores_for_one_fit" ".train_on_folds" "psupertime::psupertime" 
"apply" ".predict_glmnetcr_propodds" ".calc_scores_for_one_fit" ".train_on_folds" "psupertime::psupertime" 
"%*%" ".predict_glmnetcr_propodds" ".calc_scores_for_one_fit" ".train_on_folds" "psupertime::psupertime" 
"FUN" "apply" ".calc_scores_for_one_fit" ".train_on_folds" "psupertime::psupertime" 
"levels" "Ops.factor" "FUN" "lapply" "sapply" "standardGeneric" "t" ".calc_multiple_scores" "FUN" "lapply" "sapply" ".calc_scores_for_one_fit" ".train_on_folds" "psupertime::psupertime" 
"levels" "noNA.levels" "Ops.factor" "FUN" "lapply" "sapply" "standardGeneric" "t" ".calc_multiple_scores" "FUN" "lapply" "sapply" ".calc_scores_for_one_fit" ".train_on_folds" "psupertime::psupertime" 
"attr" "[.factor" "[" "as.list.factor" "as.list" "lapply" "sapply" "standardGeneric" "t" ".calc_multiple_scores" "FUN" "lapply" "sapply" ".calc_scores_for_one_fit" ".train_on_folds" "psupertime::psupertime" 
"Ops.factor" "FUN" "lapply" "sapply" "standardGeneric" "t" ".calc_multiple_scores" "FUN" "lapply" "sapply" ".calc_scores_for_one_fit" ".train_on_folds" "psupertime::psupertime" 
"levels" "Ops.factor" "FUN" "lapply" "sapply" "standardGeneric" "t" ".calc_multiple_scores" "FUN" "lapply" "sapply" ".calc_scores_for_one_fit" ".train_on_folds" "psupertime::psupertime" 
"Ops.factor" "FUN" "lapply" "sapply" "standardGeneric" "t" ".calc_multiple_scores" "FUN" "lapply" "sapply" ".calc_scores_for_one_fit" ".train_on_folds" "psupertime::psupertime" 
"levels" "Ops.factor" "FUN" "lapply" "sapply" "standardGeneric" "t" ".calc_multiple_scores" "FUN" "lapply" "sapply" ".calc_scores_for_one_fit" ".train_on_folds" "psupertime::psupertime" 
"cbind" ".restructure_propodds" ".glmnetcr_propn" ".get_best_fit" "psupertime::psupertime" 
"rbind" ".restructure_propodds" ".glmnetcr_propn" ".get_best_fit" "psupertime::psupertime" 
".Call" "lognet_exp" "lognet" "glmnet" ".glmnetcr_propn" ".get_best_fit" "psupertime::psupertime" 
".Call" "lognet_exp" "lognet" "glmnet" ".glmnetcr_propn" ".get_best_fit" "psupertime::psupertime" 
".Call" "lognet_exp" "lognet" "glmnet" ".glmnetcr_propn" ".get_best_fit" "psupertime::psupertime" 
".Call" "lognet_exp" "lognet" "glmnet" ".glmnetcr_propn" ".get_best_fit" "psupertime::psupertime" 
".Call" "lognet_exp" "lognet" "glmnet" ".glmnetcr_propn" ".get_best_fit" "psupertime::psupertime" 
".Call" "lognet_exp" "lognet" "glmnet" ".glmnetcr_propn" ".get_best_fit" "psupertime::psupertime" 
".Call" "lognet_exp" "lognet" "glmnet"