sample.interval=20000
"lazyLoadDBfetch" "get" "registerS3methods" "loadNamespace" "namespaceImport" "loadNamespace" 
"is" "getGeneric" ".recMembers" "Recall" ".recMembers" "getGroupMembers" ".checkGroupSigLength" "Recall" ".checkGroupSigLength" ".updateMethodsInTable" ".updateMethodsInTable" ".updateMethodsInTable" "methods::cacheMetaData" "loadNamespace" "namespaceImport" "loadNamespace" 
"FUN" "lapply" "unlist" "methods:::.getGenerics" "unique" "loadNamespace" "namespaceImport" "loadNamespace" 
"tryCatch" "try" "loadNamespace" "namespaceImport" "loadNamespace" "namespaceImport" "loadNamespace" "asNamespace" "namespaceImportFrom" "loadNamespace" 
"lazyLoadDBfetch" "vec_cast" "vec_assign" "pkg_version_info" "is_installed" "ns_exports_has" "eval" "eval" "eval" "eval" "eval.parent" "local" "callback" "run_on_load" "fun" "doTryCatch" "tryCatchOne" "tryCatchList" "tryCatch" "runHook" "loadNamespace" "namespaceImport" "loadNamespace" "namespaceImport" "loadNamespace" "asNamespace" "namespaceImportFrom" "loadNamespace" 
".getGeneric" "getGeneric" ".recMembers" "Recall" ".recMembers" "getGroupMembers" ".checkGroupSigLength" "Recall" ".checkGroupSigLength" ".updateMethodsInTable" ".updateMethodsInTable" ".updateMethodsInTable" "methods::cacheMetaData" "loadNamespace" "doTryCatch" "tryCatchOne" "tryCatchList" "tryCatch" "requireNamespace" "<Anonymous>" "mapply" "do.call" "pmap" "flatten_lgl" "detect_installed" "is_installed" "ns_exports_has" "eval" "eval" "eval" "eval" "eval.parent" "local" "callback" "run_on_load" "fun" "doTryCatch" "tryCatchOne" "tryCatchList" "tryCatch" "runHook" "loadNamespace" "namespaceImport" "loadNamespace" "namespaceImport" "loadNamespace" "asNamespace" "namespaceImportFrom" "loadNamespace" 
".make_numeric_version" "package_version" "utils::packageVersion" ".External2" "exec" "<Anonymous>" "mapply" "do.call" "pmap" "flatten_lgl" "detect_installed" "is_installed" "callback" "run_on_load" "fun" "doTryCatch" "tryCatchOne" "tryCatchList" "tryCatch" "runHook" "loadNamespace" "namespaceImport" "loadNamespace" "namespaceImport" "loadNamespace" "asNamespace" "namespaceImportFrom" "loadNamespace" 
"vapply" "remove" ".resetInheritedMethods" ".updateMethodsInTable" ".updateMethodsInTable" ".updateMethodsInTable" "methods::cacheMetaData" "loadNamespace" "namespaceImport" "loadNamespace" "namespaceImport" "loadNamespace" "asNamespace" "namespaceImportFrom" "loadNamespace" 
"parse" "sys.source" "doTryCatch" "tryCatchOne" "tryCatchList" "tryCatch" "try" "loadNamespace" "asNamespace" "namespaceImportFrom" "loadNamespace" "namespaceImport" "loadNamespace" "namespaceImport" "loadNamespace" "asNamespace" "namespaceImportFrom" "loadNamespace" 
"is" ".resetInheritedMethods" ".updateMethodsInTable" "methods::cacheMetaData" "loadNamespace" "namespaceImport" "loadNamespace" "asNamespace" "namespaceImportFrom" "loadNamespace" "namespaceImport" "loadNamespace" "namespaceImport" "loadNamespace" "asNamespace" "namespaceImportFrom" "loadNamespace" 
"dynGet" "loadingNamespaceInfo" "eval" "eval" "eval" "eval" "eval.parent" "local" "eval" "eval" "sys.source" "doTryCatch" "tryCatchOne" "tryCatchList" "tryCatch" "try" "loadNamespace" "namespaceImport" "loadNamespace" "namespaceImport" "loadNamespace" "asNamespace" "namespaceImportFrom" "loadNamespace" 
"lazyLoadDBfetch" "get" "methods::cacheMetaData" "loadNamespace" "asNamespace" "namespaceImportFrom" "loadNamespace" "namespaceImport" "loadNamespace" "asNamespace" "namespaceImportFrom" "loadNamespace" 
"is" ".resetInheritedMethods" ".updateMethodsInTable" ".updateMethodsInTable" ".updateMethodsInTable" "methods::cacheMetaData" "loadNamespace" "asNamespace" "namespaceImportFrom" "loadNamespace" "namespaceImport" "loadNamespace" "asNamespace" "namespaceImportFrom" "loadNamespace" 
"any" "addExports" "namespaceExport" "loadNamespace" "asNamespace" "namespaceImportFrom" "loadNamespace" "asNamespace" "namespaceImportFrom" "loadNamespace" "asNamespace" "namespaceImportFrom" "loadNamespace" "namespaceImport" "loadNamespace" "asNamespace" "namespaceImportFrom" "loadNamespace" 
"lazyLoadDBfetch" "h" "tryInline" "cmpCall" "cmp" "cmpSymbolAssign" "h" "tryInline" "cmpCall" "cmp" "h" "tryInline" "cmpCall" "cmp" "genCode" "cmpfun" "doTryCatch" "tryCatchOne" "tryCatchList" "tryCatch" "compiler:::tryCmpfun" "frame_loc" "exit_frame" "add_handler" "defer" "rlang::local_options" "make_style_fast" "assign_crayon_styles" "fun" "doTryCatch" "tryCatchOne" "tryCatchList" "tryCatch" "runHook" "loadNamespace" "asNamespace" "namespaceImportFrom" "loadNamespace" "asNamespace" "namespaceImportFrom" "loadNamespace" "namespaceImport" "loadNamespace" "asNamespace" "namespaceImportFrom" "loadNamespace" 
"findCenvVar" "getInlineInfo" "tryInline" "cmpCall" "cmp" "cmpForBody" "h" "tryInline" "cmpCall" "cmp" "h" "tryInline" "cmpCall" "cmp" "genCode" "cmpfun" "doTryCatch" "tryCatchOne" "tryCatchList" "tryCatch" "compiler:::tryCmpfun" "<Anonymous>" "make_style_fast" "assign_crayon_styles" "fun" "doTryCatch" "tryCatchOne" "tryCatchList" "tryCatch" "runHook" "loadNamespace" "asNamespace" "namespaceImportFrom" "loadNamespace" "asNamespace" "namespaceImportFrom" "loadNamespace" "namespaceImport" "loadNamespace" "asNamespace" "namespaceImportFrom" "loadNamespace" 
"FUN" "lapply" ".checkGroupSigLength" ".updateMethodsInTable" "methods::cacheMetaData" "loadNamespace" "asNamespace" "namespaceImportFrom" "loadNamespace" "namespaceImport" "loadNamespace" "asNamespace" "namespaceImportFrom" "loadNamespace" 
".resetInheritedMethods" ".updateMethodsInTable" ".updateMethodsInTable" ".updateMethodsInTable" "methods::cacheMetaData" "loadNamespace" "asNamespace" "namespaceImportFrom" "loadNamespace" "namespaceImport" "loadNamespace" "asNamespace" "namespaceImportFrom" "loadNamespace" 
"mget" "find_args" "theme" "theme_grey" "reset_theme_settings" "callback" "run_on_load" "fun" "doTryCatch" "tryCatchOne" "tryCatchList" "tryCatch" "runHook" "loadNamespace" "namespaceImport" "loadNamespace" "asNamespace" "namespaceImportFrom" "loadNamespace" 
"lazyLoadDBfetch" "namespaceImportFrom" "loadNamespace" 
"length" "length" "methods:::.mergeMethodsTable2" ".mergeImportMethods" "namespaceImportFrom" "namespaceImport" "loadNamespace" "asNamespace" "namespaceImportFrom" "loadNamespace" 
"lazyLoadDBfetch" "get" "methods::cacheMetaData" "loadNamespace" "asNamespace" "namespaceImportFrom" "loadNamespace" "asNamespace" "namespaceImportFrom" "loadNamespace" 
"is" ".resetInheritedMethods" ".updateMethodsInTable" ".updateMethodsInTable" "methods::cacheMetaData" "loadNamespace" "asNamespace" "namespaceImportFrom" "loadNamespace" "asNamespace" "namespaceImportFrom" "loadNamespace" 
"%in%" "importIntoEnv" "namespaceImportFrom" "namespaceImport" "loadNamespace" "asNamespace" "namespaceImportFrom" "loadNamespace" 
".mergeMethodsTable" "methods:::.mergeMethodsTable2" ".mergeImportMethods" "namespaceImportFrom" "namespaceImport" "loadNamespace" "asNamespace" "namespaceImportFrom" "loadNamespace" 
"lazyLoadDBfetch" "<Anonymous>" "lazyLoadDBfetch" "<Anonymous>" "lazyLoadDBfetch" "<Anonymous>" "lazyLoadDBfetch" "<Anonymous>" "lazyLoadDBfetch" "<Anonymous>" "lazyLoadDBfetch" "<Anonymous>" "lazyLoadDBfetch" "get" "methods::cacheMetaData" "loadNamespace" "asNamespace" "namespaceImportFrom" "loadNamespace" "asNamespace" "namespaceImportFrom" "loadNamespace" 
"character" ".resetInheritedMethods" ".updateMethodsInTable" "methods::cacheMetaData" "loadNamespace" "asNamespace" "namespaceImportFrom" "loadNamespace" "asNamespace" "namespaceImportFrom" "loadNamespace" 
"is" ".resetInheritedMethods" ".updateMethodsInTable" "methods::cacheMetaData" "loadNamespace" "asNamespace" "namespaceImportFrom" "loadNamespace" "asNamespace" "namespaceImportFrom" "loadNamespace" 
".cacheGenericTable" ".cacheGeneric" "getGeneric" "methods::cacheMetaData" "loadNamespace" "asNamespace" "namespaceImportFrom" "loadNamespace" "asNamespace" "namespaceImportFrom" "loadNamespace" "asNamespace" "namespaceImportFrom" "loadNamespace" 
"lazyLoadDBfetch" "<Anonymous>" "lazyLoadDBfetch" "<Anonymous>" "lazyLoadDBfetch" "<Anonymous>" "lazyLoadDBfetch" "<Anonymous>" "lazyLoadDBfetch" "<Anonymous>" "lazyLoadDBfetch" "<Anonymous>" "lazyLoadDBfetch" "<Anonymous>" "lazyLoadDBfetch" "<Anonymous>" "lazyLoadDBfetch" "<Anonymous>" "lazyLoadDBfetch" ".updateMethodsInTable" "methods::cacheMetaData" "loadNamespace" "asNamespace" "namespaceImportFrom" "loadNamespace" "asNamespace" "namespaceImportFrom" "loadNamespace" "asNamespace" "namespaceImportFrom" "loadNamespace" 
"namespaceImportFrom" "loadNamespace" "asNamespace" "namespaceImportFrom" "loadNamespace" "asNamespace" "namespaceImportFrom" "loadNamespace" "asNamespace" "namespaceImportFrom" "loadNamespace" 
"lazyLoadDBfetch" "get" "methods::cacheMetaData" "loadNamespace" "asNamespace" "namespaceImportFrom" "loadNamespace" "asNamespace" "namespaceImportFrom" "loadNamespace" 
"lazyLoadDBfetch" "<Anonymous>" "lazyLoadDBfetch" "<Anonymous>" "lazyLoadDBfetch" "<Anonymous>" "lazyLoadDBfetch" ".updateMethodsInTable" "methods::cacheMetaData" "loadNamespace" "asNamespace" "namespaceImportFrom" "loadNamespace" "asNamespace" "namespaceImportFrom" "loadNamespace" 
"lazyLoadDBfetch" "<Anonymous>" "lazyLoadDBfetch" "<Anonymous>" "lazyLoadDBfetch" "<Anonymous>" "lazyLoadDBfetch" ".updateMethodsInTable" "methods::cacheMetaData" "loadNamespace" "namespaceImport" "loadNamespace" "asNamespace" "namespaceImportFrom" "loadNamespace" "asNamespace" "namespaceImportFrom" "loadNamespace" 
"lazyLoadDBfetch" "<Anonymous>" "lazyLoadDBfetch" "<Anonymous>" "lazyLoadDBfetch" "<Anonymous>" "lazyLoadDBfetch" ".updateMethodsInTable" "methods::cacheMetaData" "loadNamespace" "namespaceImport" "loadNamespace" "asNamespace" "namespaceImportFrom" "loadNamespace" "asNamespace" "namespaceImportFrom" "loadNamespace" 
"FUN" "lapply" "unlist" "methods:::.getGenerics" "namespaceImportMethods" "loadNamespace" "asNamespace" "namespaceImportFrom" "loadNamespace" "asNamespace" "namespaceImportFrom" "loadNamespace" 
"FUN" "lapply" "unlist" "methods:::.getGenerics" "namespaceImportMethods" "loadNamespace" "asNamespace" "namespaceImportFrom" "loadNamespace" "asNamespace" "namespaceImportFrom" "loadNamespace" 
".getClassesFromCache" "getClassDef" "is" ".mergeMethodsTable" ".updateMethodsInTable" "methods::cacheMetaData" "loadNamespace" "asNamespace" "namespaceImportFrom" "loadNamespace" "asNamespace" "namespaceImportFrom" "loadNamespace" 
"lazyLoadDBfetch" "<Anonymous>" "lazyLoadDBfetch" "<Anonymous>" "lazyLoadDBfetch" "<Anonymous>" "lazyLoadDBfetch" ".updateMethodsInTable" "methods::cacheMetaData" "loadNamespace" "asNamespace" "namespaceImportFrom" "loadNamespace" "asNamespace" "namespaceImportFrom" "loadNamespace" 
"anyDuplicated" "namespaceImportFrom" "loadNamespace" "asNamespace" "namespaceImportFrom" "loadNamespace" 
"lazyLoadDBfetch" "<Anonymous>" "lazyLoadDBfetch" "<Anonymous>" "lazyLoadDBfetch" "<Anonymous>" "lazyLoadDBfetch" ".updateMethodsInTable" "methods::cacheMetaData" "loadNamespace" "asNamespace" "namespaceImportFrom" "loadNamespace" "asNamespace" "namespaceImportFrom" "loadNamespace" "asNamespace" "namespaceImportFrom" "loadNamespace" 
"lazyLoadDBfetch" "<Anonymous>" "lazyLoadDBfetch" "<Anonymous>" "lazyLoadDBfetch" "<Anonymous>" "lazyLoadDBfetch" "<Anonymous>" "lazyLoadDBfetch" "<Anonymous>" "lazyLoadDBfetch" "<Anonymous>" "lazyLoadDBfetch" "<Anonymous>" "lazyLoadDBfetch" "<Anonymous>" "lazyLoadDBfetch" "<Anonymous>" "lazyLoadDBfetch" ".updateMethodsInTable" "methods::cacheMetaData" "loadNamespace" "asNamespace" "namespaceImportFrom" "loadNamespace" "asNamespace" "namespaceImportFrom" "loadNamespace" "asNamespace" "namespaceImportFrom" "loadNamespace" 
"makeNamespace" "loadNamespace" "asNamespace" "namespaceImportFrom" "loadNamespace" "asNamespace" "namespaceImportFrom" "loadNamespace" "asNamespace" "namespaceImportFrom" "loadNamespace" 
"$" "FUN" "lapply" "FUN" "lapply" "assignNativeRoutines" "loadNamespace" "asNamespace" "namespaceImportFrom" "loadNamespace" "asNamespace" "namespaceImportFrom" "loadNamespace" "asNamespace" "namespaceImportFrom" "loadNamespace" 
"lazyLoadDBfetch" "<Anonymous>" "lazyLoadDBfetch" "<Anonymous>" "lazyLoadDBfetch" "<Anonymous>" "lazyLoadDBfetch" "<Anonymous>" "lazyLoadDBfetch" "<Anonymous>" "lazyLoadDBfetch" "get" "methods::cacheMetaData" "loadNamespace" "asNamespace" "namespaceImportFrom" "loadNamespace" "asNamespace" "namespaceImportFrom" "loadNamespace" 
"lazyLoadDBfetch" "<Anonymous>" "lazyLoadDBfetch" "<Anonymous>" "lazyLoadDBfetch" "<Anonymous>" "lazyLoadDBfetch" ".updateMethodsInTable" "methods::cacheMetaData" "loadNamespace" "asNamespace" "namespaceImportFrom" "loadNamespace" "asNamespace" "namespaceImportFrom" "loadNamespace" 
"file.exists" "FUN" "lapply" "find.package" "loadNamespace" "asNamespace" "namespaceImportFrom" "loadNamespace" "asNamespace" "namespaceImportFrom" "loadNamespace" 
"lazyLoadDBfetch" "<Anonymous>" "lazyLoadDBfetch" "<Anonymous>" "lazyLoadDBfetch" "<Anonymous>" "lazyLoadDBfetch" "<Anonymous>" "lazyLoadDBfetch" "<Anonymous>" "lazyLoadDBfetch" "<Anonymous>" "lazyLoadDBfetch" "<Anonymous>" "lazyLoadDBfetch" "<Anonymous>" "lazyLoadDBfetch" "<Anonymous>" "lazyLoadDBfetch" "<Anonymous>" "lazyLoadDBfetch" "<Anonymous>" "lazyLoadDBfetch" "<Anonymous>" "lazyLoadDBfetch" ".updateMethodsInTable" "methods::cacheMetaData" "loadNamespace" "asNamespace" "namespaceImportFrom" "loadNamespace" "asNamespace" "namespaceImportFrom" "loadNamespace" "asNamespace" "namespaceImportFrom" "loadNamespace" 
"get" ".getGenericFromCacheTable" ".getGenericFromCache" ".getGeneric" "getGeneric" "FUN" "lapply" ".checkGroupSigLength" ".updateMethodsInTable" ".updateMethodsInTable" "methods::cacheMetaData" "loadNamespace" "asNamespace" "namespaceImportFrom" "loadNamespace" "asNamespace" "namespaceImportFrom" "loadNamespace" "asNamespace" "namespaceImportFrom" "loadNamespace" 
"%in%" ".getGeneric" "getGeneric" ".recMembers" "getGroupMembers" ".checkGroupSigLength" ".updateMethodsInTable" ".updateMethodsInTable" "methods::cacheMetaData" "loadNamespace" "asNamespace" "namespaceImportFrom" "loadNamespace" "asNamespace" "namespaceImportFrom" "loadNamespace" "asNamespace" "namespaceImportFrom" "loadNamespace" 
"%in%" ".getGeneric" "getGeneric" ".recMembers" "getGroupMembers" ".checkGroupSigLength" ".updateMethodsInTable" ".updateMethodsInTable" "methods::cacheMetaData" "loadNamespace" "asNamespace" "namespaceImportFrom" "loadNamespace" "asNamespace" "namespaceImportFrom" "loadNamespace" "asNamespace" "namespaceImportFrom" "loadNamespace" 
"%in%" ".getGeneric" "getGeneric" ".recMembers" "getGroupMembers" ".checkGroupSigLength" ".updateMethodsInTable" ".updateMethodsInTable" "methods::cacheMetaData" "loadNamespace" "asNamespace" "namespaceImportFrom" "loadNamespace" "asNamespace" "namespaceImportFrom" "loadNamespace" "asNamespace" "namespaceImportFrom" "loadNamespace" 
"%in%" ".getGeneric" "getGeneric" ".recMembers" "getGroupMembers" ".checkGroupSigLength" ".updateMethodsInTable" ".updateMethodsInTable" "methods::cacheMetaData" "loadNamespace" "asNamespace" "namespaceImportFrom" "loadNamespace" "asNamespace" "namespaceImportFrom" "loadNamespace" "asNamespace" "namespaceImportFrom" "loadNamespace" 
"%in%" ".getGeneric" "getGeneric" ".recMembers" "getGroupMembers" ".checkGroupSigLength" ".updateMethodsInTable" ".updateMethodsInTable" "methods::cacheMetaData" "loadNamespace" "asNamespace" "namespaceImportFrom" "loadNamespace" "asNamespace" "namespaceImportFrom" "loadNamespace" "asNamespace" "namespaceImportFrom" "loadNamespace" 
".cacheGeneric" "getGeneric" ".recMembers" "getGroupMembers" ".checkGroupSigLength" ".updateMethodsInTable" ".updateMethodsInTable" "methods::cacheMetaData" "loadNamespace" "asNamespace" "namespaceImportFrom" "loadNamespace" "asNamespace" "namespaceImportFrom" "loadNamespace" "asNamespace" "namespaceImportFrom" "loadNamespace" 
".registerS3method" "registerS3methods" "loadNamespace" "asNamespace" "namespaceImportFrom" "loadNamespace" "asNamespace" "namespaceImportFrom" "loadNamespace" 
"getClassDef" "is" ".checkGroupSigLength" "Recall" ".checkGroupSigLength" ".updateMethodsInTable" ".updateMethodsInTable" ".updateMethodsInTable" "methods::cacheMetaData" "loadNamespace" "asNamespace" "namespaceImportFrom" "loadNamespace" "asNamespace" "namespaceImportFrom" "loadNamespace" 
"namespaceImportFrom" "namespaceImport" "loadNamespace" "asNamespace" "namespaceImportFrom" "loadNamespace" "asNamespace" "namespaceImportFrom" "loadNamespace" 
"is" "getGeneric" ".recMembers" "Recall" ".recMembers" "getGroupMembers" ".checkGroupSigLength" "Recall" ".checkGroupSigLength" ".updateMethodsInTable" ".updateMethodsInTable" "methods::cacheMetaData" "loadNamespace" "asNamespace" "namespaceImportFrom" "loadNamespace" "asNamespace" "namespaceImportFrom" "loadNamespace" 
"loadNamespace" "asNamespace" "namespaceImportFrom" "loadNamespace" 
"FUN" "lapply" "unlist" "methods:::.getGenerics" "unique" "loadNamespace" "asNamespace" "namespaceImportFrom" "loadNamespace" 
"file.exists" "FUN" "lapply" "find.package" "loadNamespace" "asNamespace" "namespaceImportFrom" "loadNamespace" 
"lazyLoadDBfetch" ".getGeneric" "getGeneric" "methods::cacheMetaData" "loadNamespace" "namespaceImport" "loadNamespace" "namespaceImport" "loadNamespace" "asNamespace" "namespaceImportFrom" "loadNamespace" 
".cacheGeneric" "getGeneric" ".recMembers" "Recall" ".recMembers" "getGroupMembers" ".checkGroupSigLength" "Recall" ".checkGroupSigLength" ".updateMethodsInTable" ".updateMethodsInTable" ".updateMethodsInTable" "methods::cacheMetaData" "loadNamespace" "namespaceImport" "loadNamespace" "namespaceImport" "loadNamespace" "asNamespace" "namespaceImportFrom" "loadNamespace" 
"length" "length" "methods:::.mergeMethodsTable2" ".mergeImportMethods" "namespaceImportFrom" "namespaceImport" "loadNamespace" "namespaceImport" "loadNamespace" "namespaceImport" "loadNamespace" "asNamespace" "namespaceImportFrom" "loadNamespace" 
"lazyLoadDBfetch" "<Anonymous>" "lazyLoadDBfetch" "<Anonymous>" "lazyLoadDBfetch" "<Anonymous>" "lazyLoadDBfetch" ".updateMethodsInTable" "methods::cacheMetaData" "loadNamespace" "asNamespace" "namespaceImportFrom" "loadNamespace" "namespaceImport" "loadNamespace" "namespaceImport" "loadNamespace" "asNamespace" "namespaceImportFrom" "loadNamespace" 
"lazyLoadDBfetch" "<Anonymous>" "lazyLoadDBfetch" "<Anonymous>" "lazyLoadDBfetch" "<Anonymous>" "lazyLoadDBfetch" "<Anonymous>" "lazyLoadDBfetch" "<Anonymous>" "lazyLoadDBfetch" "<Anonymous>" "lazyLoadDBfetch" "<Anonymous>" "lazyLoadDBfetch" "get" "methods::cacheMetaData" "loadNamespace" "namespaceImport" "loadNamespace" "namespaceImport" "loadNamespace" "asNamespace" "namespaceImportFrom" "loadNamespace" 
"lazyLoadDBfetch" "<Anonymous>" "lazyLoadDBfetch" ".updateMethodsInTable" "methods::cacheMetaData" "loadNamespace" "namespaceImport" "loadNamespace" "namespaceImport" "loadNamespace" "asNamespace" "namespaceImportFrom" "loadNamespace" 
"length" "length" "methods:::.mergeMethodsTable2" ".mergeImportMethods" "namespaceImportFrom" "namespaceImport" "loadNamespace" "namespaceImport" "loadNamespace" "asNamespace" "namespaceImportFrom" "loadNamespace" 
"gzfile" "readRDS" "loadNamespace" "asNamespace" "namespaceImportFrom" "loadNamespace" "asNamespace" "namespaceImportFrom" "loadNamespace" "namespaceImport" "loadNamespace" "asNamespace" "namespaceImportFrom" "loadNamespace" 
"list2env" "methods:::.mergeMethodsTable2" ".mergeImportMethods" "namespaceImportFrom" "namespaceImport" "loadNamespace" "asNamespace" "namespaceImportFrom" "loadNamespace" "asNamespace" "namespaceImportFrom" "loadNamespace" "namespaceImport" "loadNamespace" "asNamespace" "namespaceImportFrom" "loadNamespace" 
"as.list.default" "as.list" "FUN" "lapply" "utils::sessionInfo" "%||%" "win10_build" "detect_tty_colors" "%||%" "num_ansi_colors" "num_colors" "...elt" "stopifnot" "make_style" "make_DNA_AND_RNA_COLORED_LETTERS" "fun" "doTryCatch" "tryCatchOne" "tryCatchList" "tryCatch" "runHook" "loadNamespace" "asNamespace" "namespaceImportFrom" "loadNamespace" "asNamespace" "namespaceImportFrom" "loadNamespace" "namespaceImport" "loadNamespace" "asNamespace" "namespaceImportFrom" "loadNamespace" 
"file.path" "file.exists" "FUN" "lapply" "utils::sessionInfo" "%||%" "win10_build" "detect_tty_colors" "%||%" "num_ansi_colors" "num_colors" "...elt" "stopifnot" "make_style" "make_DNA_AND_RNA_COLORED_LETTERS" "fun" "doTryCatch" "tryCatchOne" "tryCatchList" "tryCatch" "runHook" "loadNamespace" "asNamespace" "namespaceImportFrom" "loadNamespace" "asNamespace" "namespaceImportFrom" "loadNamespace" "namespaceImport" "loadNamespace" "asNamespace" "namespaceImportFrom" "loadNamespace" 
"file.path" "file.exists" "FUN" "lapply" "utils::sessionInfo" "%||%" "win10_build" "detect_tty_colors" "%||%" "num_ansi_colors" "num_colors" "...elt" "stopifnot" "make_style" "make_DNA_AND_RNA_COLORED_LETTERS" "fun" "doTryCatch" "tryCatchOne" "tryCatchList" "tryCatch" "runHook" "loadNamespace" "asNamespace" "namespaceImportFrom" "loadNamespace" "asNamespace" "namespaceImportFrom" "loadNamespace" "namespaceImport" "loadNamespace" "asNamespace" "namespaceImportFrom" "loadNamespace" 
"file.path" "file.exists" "FUN" "lapply" "utils::sessionInfo" "%||%" "win10_build" "detect_tty_colors" "%||%" "num_ansi_colors" "num_colors" "...elt" "stopifnot" "make_style" "make_DNA_AND_RNA_COLORED_LETTERS" "fun" "doTryCatch" "tryCatchOne" "tryCatchList" "tryCatch" "runHook" "loadNamespace" "asNamespace" "namespaceImportFrom" "loadNamespace" "asNamespace" "namespaceImportFrom" "loadNamespace" "namespaceImport" "loadNamespace" "asNamespace" "namespaceImportFrom" "loadNamespace" 
"file.path" "file.exists" "FUN" "lapply" "utils::sessionInfo" "%||%" "win10_build" "detect_tty_colors" "%||%" "num_ansi_colors" "num_colors" "...elt" "stopifnot" "make_style" "make_DNA_AND_RNA_COLORED_LETTERS" "fun" "doTryCatch" "tryCatchOne" "tryCatchList" "tryCatch" "runHook" "loadNamespace" "asNamespace" "namespaceImportFrom" "loadNamespace" "asNamespace" "namespaceImportFrom" "loadNamespace" "namespaceImport" "loadNamespace" "asNamespace" "namespaceImportFrom" "loadNamespace" 
"file.path" "file.exists" "FUN" "lapply" "utils::sessionInfo" "%||%" "win10_build" "detect_tty_colors" "%||%" "num_ansi_colors" "num_colors" "...elt" "stopifnot" "make_style" "make_DNA_AND_RNA_COLORED_LETTERS" "fun" "doTryCatch" "tryCatchOne" "tryCatchList" "tryCatch" "runHook" "loadNamespace" "asNamespace" "namespaceImportFrom" "loadNamespace" "asNamespace" "namespaceImportFrom" "loadNamespace" "namespaceImport" "loadNamespace" "asNamespace" "namespaceImportFrom" "loadNamespace" 
"file.path" "file.exists" "FUN" "lapply" "utils::sessionInfo" "%||%" "win10_build" "detect_tty_colors" "%||%" "num_ansi_colors" "num_colors" "...elt" "stopifnot" "make_style" "make_DNA_AND_RNA_COLORED_LETTERS" "fun" "doTryCatch" "tryCatchOne" "tryCatchList" "tryCatch" "runHook" "loadNamespace" "asNamespace" "namespaceImportFrom" "loadNamespace" "asNamespace" "namespaceImportFrom" "loadNamespace" "namespaceImport" "loadNamespace" "asNamespace" "namespaceImportFrom" "loadNamespace" 
"file.path" "file.exists" "FUN" "lapply" "utils::sessionInfo" "%||%" "win10_build" "detect_tty_colors" "%||%" "num_ansi_colors" "num_colors" "...elt" "stopifnot" "make_style" "make_DNA_AND_RNA_COLORED_LETTERS" "fun" "doTryCatch" "tryCatchOne" "tryCatchList" "tryCatch" "runHook" "loadNamespace" "asNamespace" "namespaceImportFrom" "loadNamespace" "asNamespace" "namespaceImportFrom" "loadNamespace" "namespaceImport" "loadNamespace" "asNamespace" "namespaceImportFrom" "loadNamespace" 
"file.path" "file.exists" "FUN" "lapply" "utils::sessionInfo" "%||%" "win10_build" "detect_tty_colors" "%||%" "num_ansi_colors" "num_colors" "...elt" "stopifnot" "make_style" "make_DNA_AND_RNA_COLORED_LETTERS" "fun" "doTryCatch" "tryCatchOne" "tryCatchList" "tryCatch" "runHook" "loadNamespace" "asNamespace" "namespaceImportFrom" "loadNamespace" "asNamespace" "namespaceImportFrom" "loadNamespace" "namespaceImport" "loadNamespace" "asNamespace" "namespaceImportFrom" "loadNamespace" 
"file.path" "file.exists" "FUN" "lapply" "utils::sessionInfo" "%||%" "win10_build" "detect_tty_colors" "%||%" "num_ansi_colors" "num_colors" "...elt" "stopifnot" "make_style" "make_DNA_AND_RNA_COLORED_LETTERS" "fun" "doTryCatch" "tryCatchOne" "tryCatchList" "tryCatch" "runHook" "loadNamespace" "asNamespace" "namespaceImportFrom" "loadNamespace" "asNamespace" "namespaceImportFrom" "loadNamespace" "namespaceImport" "loadNamespace" "asNamespace" "namespaceImportFrom" "loadNamespace" 
"file.path" "file.exists" "FUN" "lapply" "utils::sessionInfo" "%||%" "win10_build" "detect_tty_colors" "%||%" "num_ansi_colors" "num_colors" "...elt" "stopifnot" "make_style" "make_DNA_AND_RNA_COLORED_LETTERS" "fun" "doTryCatch" "tryCatchOne" "tryCatchList" "tryCatch" "runHook" "loadNamespace" "asNamespace" "namespaceImportFrom" "loadNamespace" "asNamespace" "namespaceImportFrom" "loadNamespace" "namespaceImport" "loadNamespace" "asNamespace" "namespaceImportFrom" "loadNamespace" 
"file.path" "file.exists" "FUN" "lapply" "utils::sessionInfo" "%||%" "win10_build" "detect_tty_colors" "%||%" "num_ansi_colors" "num_colors" "...elt" "stopifnot" "make_style" "make_DNA_AND_RNA_COLORED_LETTERS" "fun" "doTryCatch" "tryCatchOne" "tryCatchList" "tryCatch" "runHook" "loadNamespace" "asNamespace" "namespaceImportFrom" "loadNamespace" "asNamespace" "namespaceImportFrom" "loadNamespace" "namespaceImport" "loadNamespace" "asNamespace" "namespaceImportFrom" "loadNamespace" 
"file.path" "file.exists" "FUN" "lapply" "utils::sessionInfo" "%||%" "win10_build" "detect_tty_colors" "%||%" "num_ansi_colors" "num_colors" "...elt" "stopifnot" "make_style" "make_DNA_AND_RNA_COLORED_LETTERS" "fun" "doTryCatch" "tryCatchOne" "tryCatchList" "tryCatch" "runHook" "loadNamespace" "asNamespace" "namespaceImportFrom" "loadNamespace" "asNamespace" "namespaceImportFrom" "loadNamespace" "namespaceImport" "loadNamespace" "asNamespace" "namespaceImportFrom" "loadNamespace" 
"file.path" "file.exists" "FUN" "lapply" "utils::sessionInfo" "%||%" "win10_build" "detect_tty_colors" "%||%" "num_ansi_colors" "num_colors" "...elt" "stopifnot" "make_style" "make_DNA_AND_RNA_COLORED_LETTERS" "fun" "doTryCatch" "tryCatchOne" "tryCatchList" "tryCatch" "runHook" "loadNamespace" "asNamespace" "namespaceImportFrom" "loadNamespace" "asNamespace" "namespaceImportFrom" "loadNamespace" "namespaceImport" "loadNamespace" "asNamespace" "namespaceImportFrom" "loadNamespace" 
"file.path" "file.exists" "FUN" "lapply" "utils::sessionInfo" "%||%" "win10_build" "detect_tty_colors" "%||%" "num_ansi_colors" "num_colors" "...elt" "stopifnot" "make_style" "make_DNA_AND_RNA_COLORED_LETTERS" "fun" "doTryCatch" "tryCatchOne" "tryCatchList" "tryCatch" "runHook" "loadNamespace" "asNamespace" "namespaceImportFrom" "loadNamespace" "asNamespace" "namespaceImportFrom" "loadNamespace" "namespaceImport" "loadNamespace" "asNamespace" "namespaceImportFrom" "loadNamespace" 
"file.path" "file.exists" "FUN" "lapply" "utils::sessionInfo" "%||%" "win10_build" "detect_tty_colors" "%||%" "num_ansi_colors" "num_colors" "...elt" "stopifnot" "make_style" "make_DNA_AND_RNA_COLORED_LETTERS" "fun" "doTryCatch" "tryCatchOne" "tryCatchList" "tryCatch" "runHook" "loadNamespace" "asNamespace" "namespaceImportFrom" "loadNamespace" "asNamespace" "namespaceImportFrom" "loadNamespace" "namespaceImport" "loadNamespace" "asNamespace" "namespaceImportFrom" "loadNamespace" 
"lazyLoadDBfetch" "make_style" "make_DNA_AND_RNA_COLORED_LETTERS" "fun" "doTryCatch" "tryCatchOne" "tryCatchList" "tryCatch" "runHook" "loadNamespace" "asNamespace" "namespaceImportFrom" "loadNamespace" "asNamespace" "namespaceImportFrom" "loadNamespace" "namespaceImport" "loadNamespace" "asNamespace" "namespaceImportFrom" "loadNamespace" 
"get" "methods::cacheMetaData" "loadNamespace" "asNamespace" "namespaceImportFrom" "loadNamespace" "asNamespace" "namespaceImportFrom" "loadNamespace" "namespaceImport" "loadNamespace" "asNamespace" "namespaceImportFrom" "loadNamespace" 
"lazyLoadDBfetch" "<Anonymous>" "lazyLoadDBfetch" ".getGeneric" "getGeneric" "methods::cacheMetaData" "loadNamespace" "asNamespace" "namespaceImportFrom" "loadNamespace" "asNamespace" "namespaceImportFrom" "loadNamespace" "namespaceImport" "loadNamespace" "asNamespace" "namespaceImportFrom" "loadNamespace" 
"lazyLoadDBfetch" "<Anonymous>" "lazyLoadDBfetch" "<Anonymous>" "lazyLoadDBfetch" "<Anonymous>" "lazyLoadDBfetch" ".updateMethodsInTable" "methods::cacheMetaData" "loadNamespace" "asNamespace" "namespaceImportFrom" "loadNamespace" "asNamespace" "namespaceImportFrom" "loadNamespace" "namespaceImport" "loadNamespace" "asNamespace" "namespaceImportFrom" "loadNamespace" 
"is.list" "getClassDef" "is" ".mergeMethodsTable" ".updateMethodsInTable" "methods::cacheMetaData" "loadNamespace" "asNamespace" "namespaceImportFrom" "loadNamespace" "asNamespace" "namespaceImportFrom" "loadNamespace" "namespaceImport" "loadNamespace" "asNamespace" "namespaceImportFrom" "loadNamespace" 
"lazyLoadDBfetch" "<Anonymous>" "lazyLoadDBfetch" ".updateMethodsInTable" "methods::cacheMetaData" "loadNamespace" "asNamespace" "namespaceImportFrom" "loadNamespace" "asNamespace" "namespaceImportFrom" "loadNamespace" "namespaceImport" "loadNamespace" "asNamespace" "namespaceImportFrom" "loadNamespace" 
"lazyLoadDBfetch" ".getGeneric" "getGeneric" "methods::cacheMetaData" "loadNamespace" "asNamespace" "namespaceImportFrom" "loadNamespace" "asNamespace" "namespaceImportFrom" "loadNamespace" "namespaceImport" "loadNamespace" "asNamespace" "namespaceImportFrom" "loadNamespace" 
".resetInheritedMethods" ".updateMethodsInTable" "methods::cacheMetaData" "loadNamespace" "asNamespace" "namespaceImportFrom" "loadNamespace" "asNamespace" "namespaceImportFrom" "loadNamespace" "namespaceImport" "loadNamespace" "asNamespace" "namespaceImportFrom" "loadNamespace" 
"FUN" "lapply" "unlist" "methods:::.getGenerics" "unique" "loadNamespace" "asNamespace" "namespaceImportFrom" "loadNamespace" "asNamespace" "namespaceImportFrom" "loadNamespace" "namespaceImport" "loadNamespace" "asNamespace" "namespaceImportFrom" "loadNamespace" 
"loadNamespace" "asNamespace" "namespaceImportFrom" "loadNamespace" "asNamespace" "namespaceImportFrom" "loadNamespace" "namespaceImport" "loadNamespace" "asNamespace" "namespaceImportFrom" "loadNamespace" 
"lazyLoadDBfetch" "<Anonymous>" "lazyLoadDBfetch" "<Anonymous>" "lazyLoadDBfetch" "<Anonymous>" "lazyLoadDBfetch" "<Anonymous>" "lazyLoadDBfetch" "<Anonymous>" "lazyLoadDBfetch" "get" "methods::cacheMetaData" "loadNamespace" "namespaceImport" "loadNamespace" "asNamespace" "namespaceImportFrom" "loadNamespace" 
"lazyLoadDBfetch" "<Anonymous>" "lazyLoadDBfetch" "<Anonymous>" "lazyLoadDBfetch" "<Anonymous>" "lazyLoadDBfetch" ".updateMethodsInTable" "methods::cacheMetaData" "loadNamespace" "namespaceImport" "loadNamespace" "asNamespace" "namespaceImportFrom" "loadNamespace" 
"unique" "setdiff" "remove" ".resetInheritedMethods" ".updateMethodsInTable" "methods::cacheMetaData" "loadNamespace" "namespaceImport" "loadNamespace" "asNamespace" "namespaceImportFrom" "loadNamespace" 
"lazyLoadDBfetch" "<Anonymous>" "lazyLoadDBfetch" "<Anonymous>" "lazyLoadDBfetch" "<Anonymous>" "lazyLoadDBfetch" ".updateMethodsInTable" "methods::cacheMetaData" "loadNamespace" "namespaceImport" "loadNamespace" "asNamespace" "namespaceImportFrom" "loadNamespace" 
"gsub" "methods:::.getGenerics" "unique" "loadNamespace" "namespaceImport" "loadNamespace" "asNamespace" "namespaceImportFrom" "loadNamespace" 
"FUN" "lapply" "unlist" "methods:::.getGenerics" "namespaceImportMethods" "loadNamespace" "namespaceImport" "loadNamespace" "asNamespace" "namespaceImportFrom" "loadNamespace" 
"getClassDef" "is" ".resetInheritedMethods" ".updateMethodsInTable" "methods::cacheMetaData" "loadNamespace" "namespaceImport" "loadNamespace" "asNamespace" "namespaceImportFrom" "loadNamespace" 
"lazyLoadDBfetch" "<Anonymous>" "lazyLoadDBfetch" "<Anonymous>" "lazyLoadDBfetch" "<Anonymous>" "lazyLoadDBfetch" "<Anonymous>" "lazyLoadDBfetch" "<Anonymous>" "lazyLoadDBfetch" "<Anonymous>" "lazyLoadDBfetch" "<Anonymous>" "lazyLoadDBfetch" ".updateMethodsInTable" "methods::cacheMetaData" "loadNamespace" "namespaceImport" "loadNamespace" "asNamespace" "namespaceImportFrom" "loadNamespace" 
".identC" "is" ".resetInheritedMethods" ".updateMethodsInTable" "methods::cacheMetaData" "loadNamespace" "namespaceImport" "loadNamespace" "asNamespace" "namespaceImportFrom" "loadNamespace" 
"lapply" "FUN" "lapply" "findLocalsList1" "findLocalsList" "funEnv" "make.functionContext" "cmpfun" "doTryCatch" "tryCatchOne" "tryCatchList" "tryCatch" "compiler:::tryCmpfun" ".local" "dbSendQuery" "dbSendQuery" "dbSendStatement" "dbSendStatement" "dbExecute" "dbExecute" "doTryCatch" "tryCatchOne" "tryCatchList" "tryCatch" ".local" "dbConnect" "dbConnect" "dbFileConnect" "fun" "doTryCatch" "tryCatchOne" "tryCatchList" "tryCatch" "runHook" "loadNamespace" "namespaceImport" "loadNamespace" "asNamespace" "namespaceImportFrom" "loadNamespace" 
"findCenvVar" "findFunDef" "cmpCall" "cmp" "h" "tryInline" "cmpCall" "cmp" "h" "tryInline" "cmpCall" "cmp" "h" "tryInline" "cmpCall" "cmp" "h" "tryInline" "cmpCall" "cmp" "h" "tryInline" "cmpCall" "cmp" "genCode" "cmpfun" "doTryCatch" "tryCatchOne" "tryCatchList" "tryCatch" "compiler:::tryCmpfun" ".local" "dbConnect" "dbConnect" "dbFileConnect" "loadDb" "fun" "doTryCatch" "tryCatchOne" "tryCatchList" "tryCatch" "runHook" "loadNamespace" "namespaceImport" "loadNamespace" "asNamespace" "namespaceImportFrom" "loadNamespace" 
"getClass" "getDataPart" "slot" "doTryCatch" "tryCatchOne" "tryCatchList" "tryCatch" "try" "validObject" "initialize" "initialize" "new" "SQL" "sqliteListTablesQuery" "sqliteListTablesWithName" "dbExistsTable" "dbExistsTable" "doTryCatch" "tryCatchOne" "tryCatchList" "tryCatch" "try" ".valid.table.colnames" ".getMetaValue" "loadDb" "fun" "doTryCatch" "tryCatchOne" "tryCatchList" "tryCatch" "runHook" "loadNamespace" "namespaceImport" "loadNamespace" "asNamespace" "namespaceImportFrom" "loadNamespace" 
".findInheritedMethods" "<Anonymous>" "grepl" "addToNamespaceAndExport" "mergeToNamespaceAndExport" "fun" "doTryCatch" "tryCatchOne" "tryCatchList" "tryCatch" "runHook" "loadNamespace" "namespaceImport" "loadNamespace" "asNamespace" "namespaceImportFrom" "loadNamespace" 
"lazyLoadDBfetch" "<Anonymous>" "lazyLoadDBfetch" "<Anonymous>" "lazyLoadDBfetch" "<Anonymous>" "lazyLoadDBfetch" ".updateMethodsInTable" "methods::cacheMetaData" "loadNamespace" "asNamespace" "namespaceImportFrom" "loadNamespace" "asNamespace" "namespaceImportFrom" "loadNamespace" 
"getClassDef" "is" ".resetInheritedMethods" ".updateMethodsInTable" "methods::cacheMetaData" "loadNamespace" "asNamespace" "namespaceImportFrom" "loadNamespace" "asNamespace" "namespaceImportFrom" "loadNamespace" 
".getMethodsTable" ".cacheGenericTable" ".cacheImplicitGeneric" "implicitGeneric" ".genericOrImplicit" "methods::cacheMetaData" "loadNamespace" "asNamespace" "namespaceImportFrom" "loadNamespace" "asNamespace" "namespaceImportFrom" "loadNamespace" 
"lazyLoadDBfetch" "<Anonymous>" "lazyLoadDBfetch" "<Anonymous>" "lazyLoadDBfetch" "<Anonymous>" "lazyLoadDBfetch" "<Anonymous>" "lazyLoadDBfetch" "<Anonymous>" "lazyLoadDBfetch" "get" "methods::cacheMetaData" "loadNamespace" "asNamespace" "namespaceImportFrom" "loadNamespace" 
"lazyLoadDBfetch" "<Anonymous>" "lazyLoadDBfetch" ".updateMethodsInTable" "methods::cacheMetaData" "loadNamespace" "asNamespace" "namespaceImportFrom" "loadNamespace" 
"lazyLoadDBfetch" "<Anonymous>" "lazyLoadDBfetch" "<Anonymous>" "lazyLoadDBfetch" "<Anonymous>" "lazyLoadDBfetch" ".updateMethodsInTable" "methods::cacheMetaData" "loadNamespace" "asNamespace" "namespaceImportFrom" "loadNamespace" 
"gsub" "methods:::.getGenerics" "unique" "loadNamespace" "asNamespace" "namespaceImportFrom" "loadNamespace" 
"environment" "exists" ".getMethodsTable" "as" "initialize" "initialize" "new" ".findNextFromTable" "addNextMethod" "addNextMethod" "callNextMethod" "updateObject" "updateObject" "updateObject" "updateObject" "rowRanges" "rowRanges" "names" "names" "names" "dimnames" "dimnames" "dimnames" "assays" "assays" "%in%" ".check_x" "psupertime::psupertime" 
"asS4" ".asS4" ".newSignature" ".findInheritedMethods" "<Anonymous>" "standardGeneric" "nrow" "dim" "dim" "dim" "ncol" ".check_x" "psupertime::psupertime" 
"doTryCatch" "tryCatchOne" "tryCatchList" "tryCatch" "try" "validObject" "initialize" "initialize" "new" ".findNextFromTable" "addNextMethod" "addNextMethod" "callNextMethod" ".nextMethod" "callNextMethod" "updateObject" "updateObject" ".nextMethod" "eval" "eval" "callNextMethod" ".local" "colData" "colData" "standardGeneric" "nrow" "dim" "dim" "dim" "nrow" ".check_params" "psupertime::psupertime" 
"base::rowMeans" "Matrix::rowMeans" "Matrix::rowMeans" ".calc_hvg_genes" ".select_genes" "psupertime::psupertime" 
"base::rowMeans" "Matrix::rowMeans" "Matrix::rowMeans" ".calc_hvg_genes" ".select_genes" "psupertime::psupertime" 
"base::rowMeans" "Matrix::rowMeans" "Matrix::rowMeans" ".calc_hvg_genes" ".select_genes" "psupertime::psupertime" 
"possibleExtends" "validObject" "initialize" "initialize" "new" "new2" "DummyArrayGrid" ".blockApply2" "rowBlockApply" ".compute_mean_var" "FUN" ".model_gene_var" ".local" "modelGeneVar" "modelGeneVar" ".calc_hvg_genes" ".select_genes" "psupertime::psupertime" 
".Call" "beachmat_internal_FUN" ".viewport_helper" ".blockApply2" "rowBlockApply" ".compute_mean_var" "FUN" ".model_gene_var" ".local" "modelGeneVar" "modelGeneVar" ".calc_hvg_genes" ".select_genes" "psupertime::psupertime" 
".Call" "beachmat_internal_FUN" ".viewport_helper" ".blockApply2" "rowBlockApply" ".compute_mean_var" "FUN" ".model_gene_var" ".local" "modelGeneVar" "modelGeneVar" ".calc_hvg_genes" ".select_genes" "psupertime::psupertime" 
".Call" "beachmat_internal_FUN" ".viewport_helper" ".blockApply2" "rowBlockApply" ".compute_mean_var" "FUN" ".model_gene_var" ".local" "modelGeneVar" "modelGeneVar" ".calc_hvg_genes" ".select_genes" "psupertime::psupertime" 
"<Anonymous>" "mapply" "<Anonymous>" "do.call" ".setup_nls_args" "fitTrendVar" ".decompose_log_exprs" ".model_gene_var" ".local" "modelGeneVar" "modelGeneVar" ".calc_hvg_genes" ".select_genes" "psupertime::psupertime" 
"<Anonymous>" "mapply" "<Anonymous>" "do.call" ".setup_nls_args" "fitTrendVar" ".decompose_log_exprs" ".model_gene_var" ".local" "modelGeneVar" "modelGeneVar" ".calc_hvg_genes" ".select_genes" "psupertime::psupertime" 
"<Anonymous>" "mapply" "<Anonymous>" "do.call" ".setup_nls_args" "fitTrendVar" ".decompose_log_exprs" ".model_gene_var" ".local" "modelGeneVar" "modelGeneVar" ".calc_hvg_genes" ".select_genes" "psupertime::psupertime" 
"/" "numericDeriv" "getRHS" "<Anonymous>" "<Anonymous>" "do.call" "doTryCatch" "tryCatchOne" "tryCatchList" "tryCatch" "try" "fitTrendVar" ".decompose_log_exprs" ".model_gene_var" ".local" "modelGeneVar" "modelGeneVar" ".calc_hvg_genes" ".select_genes" "psupertime::psupertime" 
"*" "numericDeriv" "getRHS" "<Anonymous>" "<Anonymous>" "do.call" "doTryCatch" "tryCatchOne" "tryCatchList" "tryCatch" "try" "fitTrendVar" ".decompose_log_exprs" ".model_gene_var" ".local" "modelGeneVar" "modelGeneVar" ".calc_hvg_genes" ".select_genes" "psupertime::psupertime" 
".Call" "weightedLowess" "fitTrendVar" ".decompose_log_exprs" ".model_gene_var" ".local" "modelGeneVar" "modelGeneVar" ".calc_hvg_genes" ".select_genes" "psupertime::psupertime" 
".Call" "weightedLowess" "fitTrendVar" ".decompose_log_exprs" ".model_gene_var" ".local" "modelGeneVar" "modelGeneVar" ".calc_hvg_genes" ".select_genes" "psupertime::psupertime" 
".Call" "weightedLowess" "fitTrendVar" ".decompose_log_exprs" ".model_gene_var" ".local" "modelGeneVar" "modelGeneVar" ".calc_hvg_genes" ".select_genes" "psupertime::psupertime" 
".Call" "weightedLowess" "fitTrendVar" ".decompose_log_exprs" ".model_gene_var" ".local" "modelGeneVar" "modelGeneVar" ".calc_hvg_genes" ".select_genes" "psupertime::psupertime" 
".Call" "weightedLowess" "fitTrendVar" ".decompose_log_exprs" ".model_gene_var" ".local" "modelGeneVar" "modelGeneVar" ".calc_hvg_genes" ".select_genes" "psupertime::psupertime" 
".Call" "weightedLowess" "fitTrendVar" ".decompose_log_exprs" ".model_gene_var" ".local" "modelGeneVar" "modelGeneVar" ".calc_hvg_genes" ".select_genes" "psupertime::psupertime" 
".Call" "weightedLowess" "fitTrendVar" ".decompose_log_exprs" ".model_gene_var" ".local" "modelGeneVar" "modelGeneVar" ".calc_hvg_genes" ".select_genes" "psupertime::psupertime" 
".Call" "weightedLowess" "fitTrendVar" ".decompose_log_exprs" ".model_gene_var" ".local" "modelGeneVar" "modelGeneVar" ".calc_hvg_genes" ".select_genes" "psupertime::psupertime" 
".Call" "weightedLowess" "fitTrendVar" ".decompose_log_exprs" ".model_gene_var" ".local" "modelGeneVar" "modelGeneVar" ".calc_hvg_genes" ".select_genes" "psupertime::psupertime" 
".Call" "weightedLowess" "fitTrendVar" ".decompose_log_exprs" ".model_gene_var" ".local" "modelGeneVar" "modelGeneVar" ".calc_hvg_genes" ".select_genes" "psupertime::psupertime" 
"strsplit" "lengths" ".fillSignatures" ".findInheritedMethods" "selectMethod" "as" "doTryCatch" "tryCatchOne" "tryCatchList" "tryCatch" "try" "DataFrame" ".decompose_log_exprs" ".model_gene_var" ".local" "modelGeneVar" "modelGeneVar" ".calc_hvg_genes" ".select_genes" "psupertime::psupertime" 
"order" "p.adjust" ".decompose_log_exprs" ".model_gene_var" ".local" "modelGeneVar" "modelGeneVar" ".calc_hvg_genes" ".select_genes" "psupertime::psupertime" 
"lazyLoadDBfetch" "get" "[" ".calc_hvg_genes" ".select_genes" "psupertime::psupertime" 
"lazyLoadDBfetch" ".select_genes" "psupertime::psupertime" 
"setDataPart" "slot<-" "asMethod" "as<-" "initialize" "initialize" "new" ".findNextFromTable" "addNextMethod" "addNextMethod" "callNextMethod" "METHOD" "updateObject" "updateObject" "rowRanges" "rowRanges" "names" "names" "names" "dimnames" "dimnames" "dimnames" "assays" "assays" "doTryCatch" "tryCatchOne" "tryCatchList" "tryCatch" "assay" "assay" ".calc_expressed_genes" ".select_genes" "psupertime::psupertime" 
".findMethodInTable" ".quickCoerceSelect" "as" ".nextMethod" "callNextMethod" "doTryCatch" "tryCatchOne" "tryCatchList" "tryCatch" "try" "coerce2" "coerce2" ".make_endoapply_ans" "endoapply" "assays" "assays" "doTryCatch" "tryCatchOne" "tryCatchList" "tryCatch" "assay" "assay" ".calc_expressed_genes" ".select_genes" "psupertime::psupertime" 
"rowMeans" ".calc_expressed_genes" ".select_genes" "psupertime::psupertime" 
"rowMeans" ".calc_expressed_genes" ".select_genes" "psupertime::psupertime" 
"rowMeans" ".calc_expressed_genes" ".select_genes" "psupertime::psupertime" 
"rowMeans" ".calc_expressed_genes" ".select_genes" "psupertime::psupertime" 
"rowMeans" ".calc_expressed_genes" ".select_genes" "psupertime::psupertime" 
"base::rowMeans" "rowMeans" "rowMeans" ".calc_expressed_genes" ".select_genes" "psupertime::psupertime" 
"base::rowMeans" "rowMeans" "rowMeans" ".calc_expressed_genes" ".select_genes" "psupertime::psupertime" 
".identC" "possibleExtends" "extends" "is" "FUN" "lapply" "lapply" ".nextMethod" "callNextMethod" "updateObject" "updateObject" ".nextMethod" "eval" "eval" "callNextMethod" ".local" "colData" "colData" "rownames" "dimnames" "dimnames" "dimnames" "assays" "assays" "doTryCatch" "tryCatchOne" "tryCatchList" "tryCatch" "assay" "assay" ".make_x_data" "psupertime::psupertime" 
"t.default" "t" "standardGeneric" "t" ".make_x_data" "psupertime::psupertime" 
"t.default" "t" "standardGeneric" "t" ".make_x_data" "psupertime::psupertime" 
"t.default" "t" "standardGeneric" "t" ".make_x_data" "psupertime::psupertime" 
"t.default" "t" "standardGeneric" "t" ".make_x_data" "psupertime::psupertime" 
"t.default" "t" "standardGeneric" "t" ".make_x_data" "psupertime::psupertime" 
"t.default" "t" "standardGeneric" "t" ".make_x_data" "psupertime::psupertime" 
"t.default" "t" "standardGeneric" "t" ".make_x_data" "psupertime::psupertime" 
"t.default" "t" "standardGeneric" "t" ".make_x_data" "psupertime::psupertime" 
"t.default" "t" "standardGeneric" "t" ".make_x_data" "psupertime::psupertime" 
"t.default" "t" "standardGeneric" "t" ".make_x_data" "psupertime::psupertime" 
"t.default" "t" "standardGeneric" "t" ".make_x_data" "psupertime::psupertime" 
"cor" "standardGeneric" "cor" ".make_x_data" "psupertime::psupertime" 
"apply" ".make_x_data" "psupertime::psupertime" 
"stats::runif" "order" "sort.list" "FUN" "apply" ".make_x_data" "psupertime::psupertime" 
"stats::runif" "order" "sort.list" "FUN" "apply" ".make_x_data" "psupertime::psupertime" 
"stats::runif" "order" "sort.list" "FUN" "apply" ".make_x_data" "psupertime::psupertime" 
"stats::runif" "order" "sort.list" "FUN" "apply" ".make_x_data" "psupertime::psupertime" 
"stats::runif" "order" "sort.list" "FUN" "apply" ".make_x_data" "psupertime::psupertime" 
"stats::runif" "order" "sort.list" "FUN" "apply" ".make_x_data" "psupertime::psupertime" 
"stats::runif" "order" "sort.list" "FUN" "apply" ".make_x_data" "psupertime::psupertime" 
"stats::runif" "order" "sort.list" "FUN" "apply" ".make_x_data" "psupertime::psupertime" 
"stats::runif" "order" "sort.list" "FUN" "apply" ".make_x_data" "psupertime::psupertime" 
"stats::runif" "order" "sort.list" "FUN" "apply" ".make_x_data" "psupertime::psupertime" 
"stats::runif" "order" "sort.list" "FUN" "apply" ".make_x_data" "psupertime::psupertime" 
"stats::runif" "order" "sort.list" "FUN" "apply" ".make_x_data" "psupertime::psupertime" 
"stats::runif" "order" "sort.list" "FUN" "apply" ".make_x_data" "psupertime::psupertime" 
"stats::runif" "order" "sort.list" "FUN" "apply" ".make_x_data" "psupertime::psupertime" 
"stats::runif" "order" "sort.list" "FUN" "apply" ".make_x_data" "psupertime::psupertime" 
"stats::runif" "order" "sort.list" "FUN" "apply" ".make_x_data" "psupertime::psupertime" 
"order" "sort.list" "FUN" "apply" ".make_x_data" "psupertime::psupertime" 
"order" "sort.list" "FUN" "apply" ".make_x_data" "psupertime::psupertime" 
"%*%" ".make_x_data" "psupertime::psupertime" 
"%*%" ".make_x_data" "psupertime::psupertime" 
"order" "aperm.default" "aperm" "sweep" "scale.default" "FUN" "apply" ".make_x_data" "psupertime::psupertime" 
"lazyLoadDBfetch" "glmnet" ".glmnetcr_propn" ".train_on_folds" "psupertime::psupertime" 
".Call" "lognet_exp" "lognet" "glmnet" ".glmnetcr_propn" ".train_on_folds" "psupertime::psupertime" 
".Call" "lognet_exp" "lognet" "glmnet" ".glmnetcr_propn" ".train_on_folds" "psupertime::psupertime" 
"paste" "outerLabels" ".findInheritedMethods" "<Anonymous>" "[" ".predict_glmnetcr_propodds" ".calc_scores_for_one_fit" ".train_on_folds" "psupertime::psupertime" 
"isTRUE" "apply" ".predict_glmnetcr_propodds" ".calc_scores_for_one_fit" ".train_on_folds" "psupertime::psupertime" 
".getGeneric" "getGeneric" "as" "standardGeneric" "drop" "subCsp_cols" "[" "[" "eval" "eval" "callGeneric" "[" "[" ".predict_glmnetcr_propodds" ".calc_scores_for_one_fit" ".train_on_folds" "psupertime::psupertime" 
"length" "length" "as.list.factor" "as.list" "lapply" "sapply" "standardGeneric" "t" ".calc_multiple_scores" "FUN" "lapply" "sapply" ".calc_scores_for_one_fit" ".train_on_folds" "psupertime::psupertime" 
"levels.default" "levels" "noNA.levels" "Ops.factor" "FUN" "lapply" "sapply" "standardGeneric" "t" ".calc_multiple_scores" "FUN" "lapply" "sapply" ".calc_scores_for_one_fit" ".train_on_folds" "psupertime::psupertime" 
"Ops.factor" "FUN" "lapply" "sapply" "standardGeneric" "t" ".calc_multiple_scores" "FUN" "lapply" "sapply" ".calc_scores_for_one_fit" ".train_on_folds" "psupertime::psupertime" 
"rbind" ".restructure_propodds" ".glmnetcr_propn" ".train_on_folds" "psupertime::psupertime" 
".Call" "lognet_exp" "lognet" "glmnet" ".glmnetcr_propn" ".train_on_folds" "psupertime::psupertime" 
".Call" "lognet_exp" "lognet" "glmnet" ".glmnetcr_propn" ".train_on_folds" "psupertime::psupertime" 
"intI" "subCsp_cols" "[" "[" "eval" "eval" "callGeneric" "[" "[" ".predict_glmnetcr_propodds" ".calc_scores_for_one_fit" ".train_on_folds" "psupertime::psupertime" 
"asMethod" "as" "standardGeneric" "drop" "subCsp_cols" "[" "[" "eval" "eval" "callGeneric" "[" "[" ".predict_glmnetcr_propodds" ".calc_scores_for_one_fit" ".train_on_folds" "psupertime::psupertime" 
"levels" "Ops.factor" "FUN" "lapply" "sapply" "standardGeneric" "t" ".calc_multiple_scores" "FUN" "lapply" "sapply" ".calc_scores_for_one_fit" ".train_on_folds" "psupertime::psupertime" 
"[" "as.list.factor" "as.list" "lapply" "sapply" "standardGeneric" "t" ".calc_multiple_scores" "FUN" "lapply" "sapply" ".calc_scores_for_one_fit" ".train_on_folds" "psupertime::psupertime" 
"NextMethod" "[.factor" "[" "as.list.factor" "as.list" "lapply" "sapply" "standardGeneric" "t" ".calc_multiple_scores" "FUN" "lapply" "sapply" ".calc_scores_for_one_fit" ".train_on_folds" "psupertime::psupertime" 
".glmnetcr_propn" ".train_on_folds" "psupertime::psupertime" 
".Call" "lognet_exp" "lognet" "glmnet" ".glmnetcr_propn" ".train_on_folds" "psupertime::psupertime" 
".Call" "lognet_exp" "lognet" "glmnet" ".glmnetcr_propn" ".train_on_folds" "psupertime::psupertime" 
"%*%" ".predict_glmnetcr_propodds" ".calc_scores_for_one_fit" ".train_on_folds" "psupertime::psupertime" 
"apply" ".predict_glmnetcr_propodds" ".calc_scores_for_one_fit" ".train_on_folds" "psupertime::psupertime" 
"is.data.frame" "rowSums" ".predict_glmnetcr_propodds" ".calc_scores_for_one_fit" ".train_on_folds" "psupertime::psupertime" 
".predict_glmnetcr_propodds" ".calc_scores_for_one_fit" ".train_on_folds" "psupertime::psupertime" 
"NextMethod" "Ops.factor" "FUN" "lapply" "sapply" "standardGeneric" "t" ".calc_multiple_scores" "FUN" "lapply" "sapply" ".calc_scores_for_one_fit" ".train_on_folds" "psupertime::psupertime" 
"Ops.factor" "FUN" "lapply" "sapply" "standardGeneric" "t" ".calc_multiple_scores" "FUN" "lapply" "sapply" ".calc_scores_for_one_fit" ".train_on_folds" "psupertime::psupertime" 
"all" "Ops.factor" "FUN" "lapply" "sapply" "standardGeneric" "t" ".calc_multiple_scores" "FUN" "lapply" "sapply" ".calc_scores_for_one_fit" ".train_on_folds" "psupertime::psupertime" 
".Call" "lognet_exp" "lognet" "glmnet" ".glmnetcr_propn" ".train_on_folds" "psupertime::psupertime" 
".Call" "lognet_exp" "lognet" "glmnet" ".glmnetcr_propn" ".train_on_folds" "psupertime::psupertime" 
"apply" ".predict_glmnetcr_propodds" ".calc_scores_for_one_fit" ".train_on_folds" "psupertime::psupertime" 
"apply" ".predict_glmnetcr_propodds" ".calc_scores_for_one_fit" ".train_on_folds" "psupertime::psupertime" 
"apply" ".calc_scores_for_one_fit" ".train_on_folds" "psupertime::psupertime" 
"FUN" "lapply" "sapply" "standardGeneric" "t" ".calc_multiple_scores" "FUN" "lapply" "sapply" ".calc_scores_for_one_fit" ".train_on_folds" "psupertime::psupertime" 
"Ops.factor" "FUN" "lapply" "sapply" "standardGeneric" "t" ".calc_multiple_scores" "FUN" "lapply" "sapply" ".calc_scores_for_one_fit" ".train_on_folds" "psupertime::psupertime" 
".calc_scores_for_one_fit" ".train_on_folds" "psupertime::psupertime" 
".Call" "lognet_exp" "lognet" "glmnet" ".glmnetcr_propn" ".train_on_folds" "psupertime::psupertime" 
".Call" "lognet_exp" "lognet" "glmnet" ".glmnetcr_propn" ".train_on_folds" "psupertime::psupertime" 
"$" ".predict_glmnetcr_propodds" ".calc_scores_for_one_fit" ".train_on_folds" "psupertime::psupertime" 
"FUN" "apply" ".predict_glmnetcr_propodds" ".calc_scores_for_one_fit" ".train_on_folds" "psupertime::psupertime" 
"apply" ".calc_scores_for_one_fit" ".train_on_folds" "psupertime::psupertime" 
"standardGeneric" "t" ".calc_multiple_scores" "FUN" "lapply" "sapply" ".calc_scores_for_one_fit" ".train_on_folds" "psupertime::psupertime" 
"Ops.factor" "FUN" "lapply" "sapply" "standardGeneric" "t" ".calc_multiple_scores" "FUN" "lapply" "sapply" ".calc_scores_for_one_fit" ".train_on_folds" "psupertime::psupertime" 
"levels" "noNA.levels" "Ops.factor" "FUN" "lapply" "sapply" "standardGeneric" "t" ".calc_multiple_scores" "FUN" "lapply" "sapply" ".calc_scores_for_one_fit" ".train_on_folds" "psupertime::psupertime" 
"rbind" ".restructure_propodds" ".glmnetcr_propn" ".get_best_fit" "psupertime::psupertime" 
".Call" "lognet_exp" "lognet" "glmnet" ".glmnetcr_propn" ".get_best_fit" "psupertime::psupertime" 
".Call" "lognet_exp" "lognet" "glmnet" ".glmnetcr_propn" ".get_best_fit" "psupertime::psupertime" 
".predict_glmnetcr_propodds" ".calc_scores_for_one_fit" ".make_scores_dt" "psupertime::psupertime" 
"unlist" "apply" ".predict_glmnetcr_propodds" ".calc_scores_for_one_fit" ".make_scores_dt" "psupertime::psupertime" 
"unlist" "simplify2array" "sapply" "standardGeneric" "t" ".calc_multiple_scores" "FUN" "lapply" "sapply" ".calc_scores_for_one_fit" ".make_scores_dt" "psupertime::psupertime" 
"[.factor" "[" "as.list.factor" "as.list" "lapply" "sapply" "standardGeneric" "t" ".calc_multiple_scores" "FUN" "lapply" "sapply" ".calc_scores_for_one_fit" ".make_scores_dt" "psupertime::psupertime" 
"paste" "outerLabels" ".findInheritedMethods" "<Anonymous>" "[" ".calc_proj_dt" "psupertime::psupertime" 
"attr" "[.factor" "[" "which" ".predict_glmnetcr_propodds" ".calc_proj_dt" "psupertime::psupertime" 
"FUN" "apply" ".predict_glmnetcr_propodds" ".calc_proj_dt" "psupertime::psupertime" 
".predict