sample.interval=20000
"<Anonymous>" ".nextMethod" "callNextMethod" "updateObject" "updateObject" ".nextMethod" "callNextMethod" "updateObject" "updateObject" "updateObject" "updateObject" "rowRanges" "rowRanges" "names" "names" "names" ".local" "rownames" "rownames" "dimnames" "dimnames" "dimnames" "colnames" ".check_x" "psupertime::psupertime" "<Anonymous>" "<Anonymous>" "<Anonymous>" 
".getMethodsTable" "getMethodsForDispatch" "selectMethod" ".selectClosestMethod1" "names" "names" "names" "names" "names" "names" ".local" "rownames" "rownames" "dimnames" "dimnames" "dimnames" "colnames" "unique" ".check_x" "psupertime::psupertime" "<Anonymous>" "<Anonymous>" "<Anonymous>" 
"methodsPackageMetaName" "classMetaName" "getClassDef" "FUN" "lapply" "sapply" "sapply" "standardGeneric" "which" "listClassName" "coerceToSimpleList" "asMethod" "as" ".nextMethod" "callNextMethod" "doTryCatch" "tryCatchOne" "tryCatchList" "tryCatch" "try" "coerce2" "coerce2" ".make_endoapply_ans" "endoapply" "assays" "assays" "%in%" ".calc_hvg_genes" ".select_genes" "psupertime::psupertime" "<Anonymous>" "<Anonymous>" "<Anonymous>" 
"base::rowMeans" "Matrix::rowMeans" "Matrix::rowMeans" ".calc_hvg_genes" ".select_genes" "psupertime::psupertime" "<Anonymous>" "<Anonymous>" "<Anonymous>" 
"callNextMethod" "methods:::loadMethod" "methods:::loadMethod" "updateObject" "updateObject" "updateObject" "rowRanges" "rowRanges" "names" "names" "names" ".local" "rownames" "rownames" "dimnames" "dimnames" "dimnames" "assays" "assays" "doTryCatch" "tryCatchOne" "tryCatchList" "tryCatch" "assay" "assay" "ncol" "integer" "factor" ".compute_mean_var" "FUN" ".model_gene_var" ".local" "modelGeneVar" "modelGeneVar" ".calc_hvg_genes" ".select_genes" "psupertime::psupertime" "<Anonymous>" "<Anonymous>" "<Anonymous>" 
".Call" "beachmat_internal_FUN" ".viewport_helper" ".blockApply2" "rowBlockApply" ".compute_mean_var" "FUN" ".model_gene_var" ".local" "modelGeneVar" "modelGeneVar" ".calc_hvg_genes" ".select_genes" "psupertime::psupertime" "<Anonymous>" "<Anonymous>" "<Anonymous>" 
".Call" "beachmat_internal_FUN" ".viewport_helper" ".blockApply2" "rowBlockApply" ".compute_mean_var" "FUN" ".model_gene_var" ".local" "modelGeneVar" "modelGeneVar" ".calc_hvg_genes" ".select_genes" "psupertime::psupertime" "<Anonymous>" "<Anonymous>" "<Anonymous>" 
"<Anonymous>" "mapply" "<Anonymous>" "do.call" ".setup_nls_args" "fitTrendVar" ".decompose_log_exprs" ".model_gene_var" ".local" "modelGeneVar" "modelGeneVar" ".calc_hvg_genes" ".select_genes" "psupertime::psupertime" "<Anonymous>" "<Anonymous>" "<Anonymous>" 
"<Anonymous>" "mapply" "<Anonymous>" "do.call" ".setup_nls_args" "fitTrendVar" ".decompose_log_exprs" ".model_gene_var" ".local" "modelGeneVar" "modelGeneVar" ".calc_hvg_genes" ".select_genes" "psupertime::psupertime" "<Anonymous>" "<Anonymous>" "<Anonymous>" 
"^" "numericDeriv" "getRHS" "nlsModel" "<Anonymous>" "do.call" "doTryCatch" "tryCatchOne" "tryCatchList" "tryCatch" "try" "fitTrendVar" ".decompose_log_exprs" ".model_gene_var" ".local" "modelGeneVar" "modelGeneVar" ".calc_hvg_genes" ".select_genes" "psupertime::psupertime" "<Anonymous>" "<Anonymous>" "<Anonymous>" 
"numericDeriv" "getRHS" "<Anonymous>" "<Anonymous>" "do.call" "doTryCatch" "tryCatchOne" "tryCatchList" "tryCatch" "try" "fitTrendVar" ".decompose_log_exprs" ".model_gene_var" ".local" "modelGeneVar" "modelGeneVar" ".calc_hvg_genes" ".select_genes" "psupertime::psupertime" "<Anonymous>" "<Anonymous>" "<Anonymous>" 
"^" "numericDeriv" "getRHS" "<Anonymous>" "<Anonymous>" "do.call" "doTryCatch" "tryCatchOne" "tryCatchList" "tryCatch" "try" "fitTrendVar" ".decompose_log_exprs" ".model_gene_var" ".local" "modelGeneVar" "modelGeneVar" ".calc_hvg_genes" ".select_genes" "psupertime::psupertime" "<Anonymous>" "<Anonymous>" "<Anonymous>" 
".Call" "weightedLowess" "fitTrendVar" ".decompose_log_exprs" ".model_gene_var" ".local" "modelGeneVar" "modelGeneVar" ".calc_hvg_genes" ".select_genes" "psupertime::psupertime" "<Anonymous>" "<Anonymous>" "<Anonymous>" 
".Call" "weightedLowess" "fitTrendVar" ".decompose_log_exprs" ".model_gene_var" ".local" "modelGeneVar" "modelGeneVar" ".calc_hvg_genes" ".select_genes" "psupertime::psupertime" "<Anonymous>" "<Anonymous>" "<Anonymous>" 
".Call" "weightedLowess" "fitTrendVar" ".decompose_log_exprs" ".model_gene_var" ".local" "modelGeneVar" "modelGeneVar" ".calc_hvg_genes" ".select_genes" "psupertime::psupertime" "<Anonymous>" "<Anonymous>" "<Anonymous>" 
".Call" "weightedLowess" "fitTrendVar" ".decompose_log_exprs" ".model_gene_var" ".local" "modelGeneVar" "modelGeneVar" ".calc_hvg_genes" ".select_genes" "psupertime::psupertime" "<Anonymous>" "<Anonymous>" "<Anonymous>" 
".Call" "weightedLowess" "fitTrendVar" ".decompose_log_exprs" ".model_gene_var" ".local" "modelGeneVar" "modelGeneVar" ".calc_hvg_genes" ".select_genes" "psupertime::psupertime" "<Anonymous>" "<Anonymous>" "<Anonymous>" 
".Call" "weightedLowess" "fitTrendVar" ".decompose_log_exprs" ".model_gene_var" ".local" "modelGeneVar" "modelGeneVar" ".calc_hvg_genes" ".select_genes" "psupertime::psupertime" "<Anonymous>" "<Anonymous>" "<Anonymous>" 
".Call" "weightedLowess" "fitTrendVar" ".decompose_log_exprs" ".model_gene_var" ".local" "modelGeneVar" "modelGeneVar" ".calc_hvg_genes" ".select_genes" "psupertime::psupertime" "<Anonymous>" "<Anonymous>" "<Anonymous>" 
".Call" "weightedLowess" "fitTrendVar" ".decompose_log_exprs" ".model_gene_var" ".local" "modelGeneVar" "modelGeneVar" ".calc_hvg_genes" ".select_genes" "psupertime::psupertime" "<Anonymous>" "<Anonymous>" "<Anonymous>" 
".Call" "weightedLowess" "fitTrendVar" ".decompose_log_exprs" ".model_gene_var" ".local" "modelGeneVar" "modelGeneVar" ".calc_hvg_genes" ".select_genes" "psupertime::psupertime" "<Anonymous>" "<Anonymous>" "<Anonymous>" 
"validObject" "initialize" "initialize" "new" "new2" "new_DataFrame" "DataFrame" ".decompose_log_exprs" ".model_gene_var" ".local" "modelGeneVar" "modelGeneVar" ".calc_hvg_genes" ".select_genes" "psupertime::psupertime" "<Anonymous>" "<Anonymous>" "<Anonymous>" 
"[[" "setPackageSlot" "extends" ".inheritedArgsExpression" ".findInheritedMethods" "selectMethod" ".nextMethod" "callNextMethod" "[[" "[[" "FUN" "lapply" "lapply" ".local" "as.data.frame" "as.data.frame" "as.data.frame.Vector" "as.data.frame" "as.data.table" "as.data.table.default" "as.data.table" ".calc_hvg_genes" ".select_genes" "psupertime::psupertime" "<Anonymous>" "<Anonymous>" "<Anonymous>" 
"updateObject" ".nextMethod" "callNextMethod" "updateObject" "updateObject" "METHOD" "updateObject" "updateObject" "rowRanges" "rowRanges" "names" "names" "names" ".local" "rownames" "rownames" "dimnames" "dimnames" "dimnames" "assays" "assays" "doTryCatch" "tryCatchOne" "tryCatchList" "tryCatch" "assay" "assay" ".calc_expressed_genes" ".select_genes" "psupertime::psupertime" "<Anonymous>" "<Anonymous>" "<Anonymous>" 
"rowMeans" ".calc_expressed_genes" ".select_genes" "psupertime::psupertime" "<Anonymous>" "<Anonymous>" "<Anonymous>" 
"rowMeans" ".calc_expressed_genes" ".select_genes" "psupertime::psupertime" "<Anonymous>" "<Anonymous>" "<Anonymous>" 
"base::rowMeans" "rowMeans" "rowMeans" ".calc_expressed_genes" ".select_genes" "psupertime::psupertime" "<Anonymous>" "<Anonymous>" "<Anonymous>" 
"t.default" "t" "standardGeneric" "t" ".make_x_data" "psupertime::psupertime" "<Anonymous>" "<Anonymous>" "<Anonymous>" 
"t.default" "t" "standardGeneric" "t" ".make_x_data" "psupertime::psupertime" "<Anonymous>" "<Anonymous>" "<Anonymous>" 
"t.default" "t" "standardGeneric" "t" ".make_x_data" "psupertime::psupertime" "<Anonymous>" "<Anonymous>" "<Anonymous>" 
"FUN" "apply" ".make_x_data" "psupertime::psupertime" "<Anonymous>" "<Anonymous>" "<Anonymous>" 
"match.arg" "FUN" "apply" ".make_x_data" "psupertime::psupertime" "<Anonymous>" "<Anonymous>" "<Anonymous>" 
"FUN" "apply" ".make_x_data" "psupertime::psupertime" "<Anonymous>" "<Anonymous>" "<Anonymous>" 
"stopifnot" "FUN" "apply" ".make_x_data" "psupertime::psupertime" "<Anonymous>" "<Anonymous>" "<Anonymous>" 
"stats::runif" "order" "sort.list" "FUN" "apply" ".make_x_data" "psupertime::psupertime" "<Anonymous>" "<Anonymous>" "<Anonymous>" 
"apply" "scale.default" "FUN" "apply" ".make_x_data" "psupertime::psupertime" "<Anonymous>" "<Anonymous>" "<Anonymous>" 
"rbind" ".restructure_propodds" ".glmnetcr_propn" ".train_on_folds" "psupertime::psupertime" "<Anonymous>" "<Anonymous>" "<Anonymous>" 
".Call" "lognet_exp" "lognet" "glmnet" ".glmnetcr_propn" ".train_on_folds" "psupertime::psupertime" "<Anonymous>" "<Anonymous>" "<Anonymous>" 
"apply" ".predict_glmnetcr_propodds" ".calc_scores_for_one_fit" ".train_on_folds" "psupertime::psupertime" "<Anonymous>" "<Anonymous>" "<Anonymous>" 
"apply" ".predict_glmnetcr_propodds" ".calc_scores_for_one_fit" ".train_on_folds" "psupertime::psupertime" "<Anonymous>" "<Anonymous>" "<Anonymous>" 
"apply" ".predict_glmnetcr_propodds" ".calc_scores_for_one_fit" ".train_on_folds" "psupertime::psupertime" "<Anonymous>" "<Anonymous>" "<Anonymous>" 
"which" "FUN" "apply" ".calc_scores_for_one_fit" ".train_on_folds" "psupertime::psupertime" "<Anonymous>" "<Anonymous>" "<Anonymous>" 
"which" "FUN" "apply" ".calc_scores_for_one_fit" ".train_on_folds" "psupertime::psupertime" "<Anonymous>" "<Anonymous>" "<Anonymous>" 
"which" "FUN" "apply" ".calc_scores_for_one_fit" ".train_on_folds" "psupertime::psupertime" "<Anonymous>" "<Anonymous>" "<Anonymous>" 
"levels" "noNA.levels" "Ops.factor" "FUN" "lapply" "sapply" "standardGeneric" "t" ".calc_multiple_scores" "FUN" "lapply" "sapply" ".calc_scores_for_one_fit" ".train_on_folds" "psupertime::psupertime" "<Anonymous>" "<Anonymous>" "<Anonymous>" 
"is.na" "Ops.factor" "FUN" "lapply" "sapply" "standardGeneric" "t" ".calc_multiple_scores" "FUN" "lapply" "sapply" ".calc_scores_for_one_fit" ".train_on_folds" "psupertime::psupertime" "<Anonymous>" "<Anonymous>" "<Anonymous>" 
"[[.factor" "[[" "as.list.factor" "as.list" "lapply" "sapply" "standardGeneric" "t" ".calc_multiple_scores" "FUN" "lapply" "sapply" ".calc_scores_for_one_fit" ".train_on_folds" "psupertime::psupertime" "<Anonymous>" "<Anonymous>" "<Anonymous>" 
"Ops.factor" "FUN" "lapply" "sapply" "standardGeneric" "t" ".calc_multiple_scores" "FUN" "lapply" "sapply" ".calc_scores_for_one_fit" ".train_on_folds" "psupertime::psupertime" "<Anonymous>" "<Anonymous>" "<Anonymous>" 
".Call" "lognet_exp" "lognet" "glmnet" ".glmnetcr_propn" ".train_on_folds" "psupertime::psupertime" "<Anonymous>" "<Anonymous>" "<Anonymous>" 
".Call" "lognet_exp" "lognet" "glmnet" ".glmnetcr_propn" ".train_on_folds" "psupertime::psupertime" "<Anonymous>" "<Anonymous>" "<Anonymous>" 
"apply" ".predict_glmnetcr_propodds" ".calc_scores_for_one_fit" ".train_on_folds" "psupertime::psupertime" "<Anonymous>" "<Anonymous>" "<Anonymous>" 
"apply" ".predict_glmnetcr_propodds" ".calc_scores_for_one_fit" ".train_on_folds" "psupertime::psupertime" "<Anonymous>" "<Anonymous>" "<Anonymous>" 
".predict_glmnetcr_propodds" ".calc_scores_for_one_fit" ".train_on_folds" "psupertime::psupertime" "<Anonymous>" "<Anonymous>" "<Anonymous>" 
"$" ".predict_glmnetcr_propodds" ".calc_scores_for_one_fit" ".train_on_folds" "psupertime::psupertime" "<Anonymous>" "<Anonymous>" "<Anonymous>" 
"levels" "noNA.levels" "Ops.factor" "FUN" "lapply" "sapply" "standardGeneric" "t" ".calc_multiple_scores" "FUN" "lapply" "sapply" ".calc_scores_for_one_fit" ".train_on_folds" "psupertime::psupertime" "<Anonymous>" "<Anonymous>" "<Anonymous>" 
"[[.factor" "[[" "as.list.factor" "as.list" "lapply" "sapply" "standardGeneric" "t" ".calc_multiple_scores" "FUN" "lapply" "sapply" ".calc_scores_for_one_fit" ".train_on_folds" "psupertime::psupertime" "<Anonymous>" "<Anonymous>" "<Anonymous>" 
"Ops.factor" "FUN" "lapply" "sapply" "standardGeneric" "t" ".calc_multiple_scores" "FUN" "lapply" "sapply" ".calc_scores_for_one_fit" ".train_on_folds" "psupertime::psupertime" "<Anonymous>" "<Anonymous>" "<Anonymous>" 
"Ops.factor" "FUN" "lapply" "sapply" "standardGeneric" "t" ".calc_multiple_scores" "FUN" "lapply" "sapply" ".calc_scores_for_one_fit" ".train_on_folds" "psupertime::psupertime" "<Anonymous>" "<Anonymous>" "<Anonymous>" 
".Call" "lognet_exp" "lognet" "glmnet" ".glmnetcr_propn" ".train_on_folds" "psupertime::psupertime" "<Anonymous>" "<Anonymous>" "<Anonymous>" 
"prod" "apply" ".predict_glmnetcr_propodds" ".calc_scores_for_one_fit" ".train_on_folds" "psupertime::psupertime" "<Anonymous>" "<Anonymous>" "<Anonymous>" 
"aperm.default" "aperm" "apply" ".predict_glmnetcr_propodds" ".calc_scores_for_one_fit" ".train_on_folds" "psupertime::psupertime" "<Anonymous>" "<Anonymous>" "<Anonymous>" 
"FUN" "apply" ".predict_glmnetcr_propodds" ".calc_scores_for_one_fit" ".train_on_folds" "psupertime::psupertime" "<Anonymous>" "<Anonymous>" "<Anonymous>" 
"%in%" ".getGeneric" "getGeneric" "as" "standardGeneric" "drop" "subCsp_cols" "[" "[" "eval" "eval" "callGeneric" "[" "[" ".predict_glmnetcr_propodds" ".calc_scores_for_one_fit" ".train_on_folds" "psupertime::psupertime" "<Anonymous>" "<Anonymous>" "<Anonymous>" 
"is.na" "noNA.levels" "Ops.factor" "FUN" "lapply" "sapply" "standardGeneric" "t" ".calc_multiple_scores" "FUN" "lapply" "sapply" ".calc_scores_for_one_fit" ".train_on_folds" "psupertime::psupertime" "<Anonymous>" "<Anonymous>" "<Anonymous>" 
"as.list.factor" "as.list" "lapply" "sapply" "standardGeneric" "t" ".calc_multiple_scores" "FUN" "lapply" "sapply" ".calc_scores_for_one_fit" ".train_on_folds" "psupertime::psupertime" "<Anonymous>" "<Anonymous>" "<Anonymous>" 
"[[.factor" "[[" "as.list.factor" "as.list" "lapply" "sapply" "standardGeneric" "t" ".calc_multiple_scores" "FUN" "lapply" "sapply" ".calc_scores_for_one_fit" ".train_on_folds" "psupertime::psupertime" "<Anonymous>" "<Anonymous>" "<Anonymous>" 
"levels.default" "levels" "Ops.factor" "FUN" "lapply" "sapply" "standardGeneric" "t" ".calc_multiple_scores" "FUN" "lapply" "sapply" ".calc_scores_for_one_fit" ".train_on_folds" "psupertime::psupertime" "<Anonymous>" "<Anonymous>" "<Anonymous>" 
".Call" "get_int_parms" "glmnet.control" "glmnet" ".glmnetcr_propn" ".train_on_folds" "psupertime::psupertime" "<Anonymous>" "<Anonymous>" "<Anonymous>" 
".Call" "lognet_exp" "lognet" "glmnet" ".glmnetcr_propn" ".train_on_folds" "psupertime::psupertime" "<Anonymous>" "<Anonymous>" "<Anonymous>" 
"apply" ".predict_glmnetcr_propodds" ".calc_scores_for_one_fit" ".train_on_folds" "psupertime::psupertime" "<Anonymous>" "<Anonymous>" "<Anonymous>" 
".predict_glmnetcr_propodds" ".calc_scores_for_one_fit" ".train_on_folds" "psupertime::psupertime" "<Anonymous>" "<Anonymous>" "<Anonymous>" 
"apply" ".predict_glmnetcr_propodds" ".calc_scores_for_one_fit" ".train_on_folds" "psupertime::psupertime" "<Anonymous>" "<Anonymous>" "<Anonymous>" 
"standardGeneric" "t" ".predict_glmnetcr_propodds" ".calc_scores_for_one_fit" ".train_on_folds" "psupertime::psupertime" "<Anonymous>" "<Anonymous>" "<Anonymous>" 
"apply" ".calc_scores_for_one_fit" ".train_on_folds" "psupertime::psupertime" "<Anonymous>" "<Anonymous>" "<Anonymous>" 
"levels" "noNA.levels" "Ops.factor" "FUN" "lapply" "sapply" "standardGeneric" "t" ".calc_multiple_scores" "FUN" "lapply" "sapply" ".calc_scores_for_one_fit" ".train_on_folds" "psupertime::psupertime" "<Anonymous>" "<Anonymous>" "<Anonymous>" 
"mean" ".calc_multiple_scores" "FUN" "lapply" "sapply" ".calc_scores_for_one_fit" ".train_on_folds" "psupertime::psupertime" "<Anonymous>" "<Anonymous>" "<Anonymous>" 
"[[" "as.list.factor" "as.list" "lapply" "sapply" "standardGeneric" "t" ".calc_multiple_scores" "FUN" "lapply" "sapply" ".calc_scores_for_one_fit" ".train_on_folds" "psupertime::psupertime" "<Anonymous>" "<Anonymous>" "<Anonymous>" 
"levels" "Ops.factor" "FUN" "lapply" "sapply" "standardGeneric" "t" ".calc_multiple_scores" "FUN" "lapply" "sapply" ".calc_scores_for_one_fit" ".train_on_folds" "psupertime::psupertime" "<Anonymous>" "<Anonymous>" "<Anonymous>" 
".Call" "lognet_exp" "lognet" "glmnet" ".glmnetcr_propn" ".train_on_folds" "psupertime::psupertime" "<Anonymous>" "<Anonymous>" "<Anonymous>" 
".Call" "lognet_exp" "lognet" "glmnet" ".glmnetcr_propn" ".train_on_folds" "psupertime::psupertime" "<Anonymous>" "<Anonymous>" "<Anonymous>" 
"apply" ".predict_glmnetcr_propodds" ".calc_scores_for_one_fit" ".train_on_folds" "psupertime::psupertime" "<Anonymous>" "<Anonymous>" "<Anonymous>" 
"FUN" "apply" ".predict_glmnetcr_propodds" ".calc_scores_for_one_fit" ".train_on_folds" "psupertime::psupertime" "<Anonymous>" "<Anonymous>" "<Anonymous>" 
"apply" ".predict_glmnetcr_propodds" ".calc_scores_for_one_fit" ".train_on_folds" "psupertime::psupertime" "<Anonymous>" "<Anonymous>" "<Anonymous>" 
"FUN" "apply" ".predict_glmnetcr_propodds" ".calc_scores_for_one_fit" ".train_on_folds" "psupertime::psupertime" "<Anonymous>" "<Anonymous>" "<Anonymous>" 
"rowSums" ".predict_glmnetcr_propodds" ".calc_scores_for_one_fit" ".train_on_folds" "psupertime::psupertime" "<Anonymous>" "<Anonymous>" "<Anonymous>" 
"Ops.factor" "FUN" "lapply" "sapply" "standardGeneric" "t" ".calc_multiple_scores" "FUN" "lapply" "sapply" ".calc_scores_for_one_fit" ".train_on_folds" "psupertime::psupertime" "<Anonymous>" "<Anonymous>" "<Anonymous>" 
"levels" "noNA.levels" "Ops.factor" "FUN" "lapply" "sapply" "standardGeneric" "t" ".calc_multiple_scores" "FUN" "lapply" "sapply" ".calc_scores_for_one_fit" ".train_on_folds" "psupertime::psupertime" "<Anonymous>" "<Anonymous>" "<Anonymous>" 
"NextMethod" "Ops.factor" "FUN" "lapply" "sapply" "standardGeneric" "t" ".calc_multiple_scores" "FUN" "lapply" "sapply" ".calc_scores_for_one_fit" ".train_on_folds" "psupertime::psupertime" "<Anonymous>" "<Anonymous>" "<Anonymous>" 
".xentropy_fn" "mean" ".calc_multiple_scores" "FUN" "lapply" "sapply" ".calc_scores_for_one_fit" ".train_on_folds" "psupertime::psupertime" "<Anonymous>" "<Anonymous>" "<Anonymous>" 
".Call" "lognet_exp" "lognet" "glmnet" ".glmnetcr_propn" ".get_best_fit" "psupertime::psupertime" "<Anonymous>" "<Anonymous>" "<Anonymous>" 
".Call" "lognet_exp" "lognet" "glmnet" ".glmnetcr_propn" ".get_best_fit" "psupertime::psupertime" "<Anonymous>" "<Anonymous>" "<Anonymous>" 
".predict_glmnetcr_propodds" ".calc_scores_for_one_fit" ".make_scores_dt" "psupertime::psupertime" "<Anonymous>" "<Anonymous>" "<Anonymous>" 
"is" ".findMethodInTable" ".quickCoerceSelect" "as" "standardGeneric" "drop" "subCsp_cols" "[" "[" "eval" "eval" "callGeneric" "[" "[" ".predict_glmnetcr_propodds" ".calc_scores_for_one_fit" ".make_scores_dt" "psupertime::psupertime" "<Anonymous>" "<Anonymous>" "<Anonymous>" 
"$" ".predict_glmnetcr_propodds" ".calc_scores_for_one_fit" ".make_scores_dt" "psupertime::psupertime" "<Anonymous>" "<Anonymous>" "<Anonymous>" 
"which" "FUN" "apply" ".calc_scores_for_one_fit" ".make_scores_dt" "psupertime::psupertime" "<Anonymous>" "<Anonymous>" "<Anonymous>" 
"[[.factor" "[[" "as.list.factor" "as.list" "lapply" "sapply" "standardGeneric" "t" ".calc_multiple_scores" "FUN" "lapply" "sapply" ".calc_scores_for_one_fit" ".make_scores_dt" "psupertime::psupertime" "<Anonymous>" "<Anonymous>" "<Anonymous>" 
"standardGeneric" "t" ".calc_multiple_scores" "FUN" "lapply" "sapply" ".calc_scores_for_one_fit" ".make_scores_dt" "psupertime::psupertime" "<Anonymous>" "<Anonymous>" "<Anonymous>" 
"NextMethod" "[.factor" "[" "which" ".predict_glmnetcr_propodds" ".calc_proj_dt" "psupertime::psupertime" "<Anonymous>" "<Anonymous>" "<Anonymous>" 
"getGenericFromCall" "callGeneric" "[" "[" ".predict_glmnetcr_propodds" ".calc_proj_dt" "psupertime::psupertime" "<Anonymous>" "<Anonymous>" "<Anonymous>" 
"apply" ".predict_glmnetcr_propodds" ".calc_proj_dt" "psupertime::psupertime" "<Anonymous>" "<Anonymous>" "<Anonymous>" 
"apply" ".predict_glmnetcr_propodds" ".calc_proj_dt" "psupertime::psupertime" "<Anonymous>" "<Anonymous>" "<Anonymous>" 
"lengths" "apply" ".predict_glmnetcr_propodds" ".calc_proj_dt" "psupertime::psupertime" "<Anonymous>" "<Anonymous>" "<Anonymous>" 
"apply" ".predict_glmnetcr_propodds" ".calc_proj_dt" "psupertime::psupertime" "<Anonymous>" "<Anonymous>" "<Anonymous>" 
"apply" ".predict_glmnetcr_propodds" ".calc_proj_dt" "psupertime::psupertime" "<Anonymous>" "<Anonymous>" "<Anonymous>" 
"apply" ".predict_glmnetcr_propodds" ".calc_proj_dt" "psupertime::psupertime" "<Anonymous>" "<Anonymous>" "<Anonymous>" 
"apply" ".predict_glmnetcr_propodds" ".calc_proj_dt" "psupertime::psupertime" "<Anonymous>" "<Anonymous>" "<Anonymous>" 
"FUN" "apply" ".predict_glmnetcr_propodds" ".calc_proj_dt" "psupertime::psupertime" "<Anonymous>" "<Anonymous>" "<Anonymous>" 
"apply" ".predict_glmnetcr_propodds" ".calc_proj_dt" "psupertime::psupertime" "<Anonymous>" "<Anonymous>" "<Anonymous>" 
".predict_glmnetcr_propodds" ".calc_proj_dt" "psupertime::psupertime" "<Anonymous>" "<Anonymous>" "<Anonymous>" 
"FUN" "apply" ".predict_glmnetcr_propodds" ".calc_proj_dt" "psupertime::psupertime" "<Anonymous>" "<Anonymous>" "<Anonymous>" 
"apply" ".predict_glmnetcr_propodds" ".calc_proj_dt" "psupertime::psupertime" "<Anonymous>" "<Anonymous>" "<Anonymous>" 
"apply" ".predict_glmnetcr_propodds" ".calc_proj_dt" "psupertime::psupertime" "<Anonymous>" "<Anonymous>" "<Anonymous>" 
"lazyLoadDBfetch" "<Anonymous>" "<Anonymous>" "<Anonymous>" 
"sort.int" "sort.default" "sort" "summaryRprof" "<Anonymous>" "<Anonymous>" "<Anonymous>" 
"x$unload" "<Anonymous>" 
