sample.interval=20000
"methodsPackageMetaName" "classMetaName" "getClassDef" "extends" ".inheritedArgsExpression" ".findInheritedMethods" "selectMethod" ".selectClosestMethod1" "names" "names" "names" "names" "names" "names" ".local" "rownames" "rownames" "dimnames" "dimnames" "dimnames" "assays" "assays" "%in%" ".calc_hvg_genes" ".select_genes" "psupertime::psupertime" "eval" "eval" "withVisible" "source" 
"base::rowMeans" "Matrix::rowMeans" "Matrix::rowMeans" ".calc_hvg_genes" ".select_genes" "psupertime::psupertime" "eval" "eval" "withVisible" "source" 
"assays" "doTryCatch" "tryCatchOne" "tryCatchList" "tryCatch" "assay" "assay" "ncol" "integer" "factor" ".compute_mean_var" "FUN" ".model_gene_var" ".local" "modelGeneVar" "modelGeneVar" ".calc_hvg_genes" ".select_genes" "psupertime::psupertime" "eval" "eval" "withVisible" "source" 
".Call" "beachmat_internal_FUN" ".viewport_helper" ".blockApply2" "rowBlockApply" ".compute_mean_var" "FUN" ".model_gene_var" ".local" "modelGeneVar" "modelGeneVar" ".calc_hvg_genes" ".select_genes" "psupertime::psupertime" "eval" "eval" "withVisible" "source" 
".decompose_log_exprs" ".model_gene_var" ".local" "modelGeneVar" "modelGeneVar" ".calc_hvg_genes" ".select_genes" "psupertime::psupertime" "eval" "eval" "withVisible" "source" 
"<Anonymous>" "mapply" "<Anonymous>" "do.call" ".setup_nls_args" "fitTrendVar" ".decompose_log_exprs" ".model_gene_var" ".local" "modelGeneVar" "modelGeneVar" ".calc_hvg_genes" ".select_genes" "psupertime::psupertime" "eval" "eval" "withVisible" "source" 
"<Anonymous>" "mapply" "<Anonymous>" "do.call" ".setup_nls_args" "fitTrendVar" ".decompose_log_exprs" ".model_gene_var" ".local" "modelGeneVar" "modelGeneVar" ".calc_hvg_genes" ".select_genes" "psupertime::psupertime" "eval" "eval" "withVisible" "source" 
"^" "numericDeriv" "getRHS" "<Anonymous>" "<Anonymous>" "do.call" "doTryCatch" "tryCatchOne" "tryCatchList" "tryCatch" "try" "fitTrendVar" ".decompose_log_exprs" ".model_gene_var" ".local" "modelGeneVar" "modelGeneVar" ".calc_hvg_genes" ".select_genes" "psupertime::psupertime" "eval" "eval" "withVisible" "source" 
".Call" "weightedLowess" "fitTrendVar" ".decompose_log_exprs" ".model_gene_var" ".local" "modelGeneVar" "modelGeneVar" ".calc_hvg_genes" ".select_genes" "psupertime::psupertime" "eval" "eval" "withVisible" "source" 
".Call" "weightedLowess" "fitTrendVar" ".decompose_log_exprs" ".model_gene_var" ".local" "modelGeneVar" "modelGeneVar" ".calc_hvg_genes" ".select_genes" "psupertime::psupertime" "eval" "eval" "withVisible" "source" 
".Call" "weightedLowess" "fitTrendVar" ".decompose_log_exprs" ".model_gene_var" ".local" "modelGeneVar" "modelGeneVar" ".calc_hvg_genes" ".select_genes" "psupertime::psupertime" "eval" "eval" "withVisible" "source" 
".Call" "weightedLowess" "fitTrendVar" ".decompose_log_exprs" ".model_gene_var" ".local" "modelGeneVar" "modelGeneVar" ".calc_hvg_genes" ".select_genes" "psupertime::psupertime" "eval" "eval" "withVisible" "source" 
".Call" "weightedLowess" "fitTrendVar" ".decompose_log_exprs" ".model_gene_var" ".local" "modelGeneVar" "modelGeneVar" ".calc_hvg_genes" ".select_genes" "psupertime::psupertime" "eval" "eval" "withVisible" "source" 
".Call" "weightedLowess" "fitTrendVar" ".decompose_log_exprs" ".model_gene_var" ".local" "modelGeneVar" "modelGeneVar" ".calc_hvg_genes" ".select_genes" "psupertime::psupertime" "eval" "eval" "withVisible" "source" 
".Call" "weightedLowess" "fitTrendVar" ".decompose_log_exprs" ".model_gene_var" ".local" "modelGeneVar" "modelGeneVar" ".calc_hvg_genes" ".select_genes" "psupertime::psupertime" "eval" "eval" "withVisible" "source" 
".Call" "weightedLowess" "fitTrendVar" ".decompose_log_exprs" ".model_gene_var" ".local" "modelGeneVar" "modelGeneVar" ".calc_hvg_genes" ".select_genes" "psupertime::psupertime" "eval" "eval" "withVisible" "source" 
"list" "doTryCatch" "tryCatchOne" "tryCatchList" "tryCatch" "try" "validObject" "initialize" "initialize" "new" "new2" "new_DataFrame" "asMethod" "as" "doTryCatch" "tryCatchOne" "tryCatchList" "tryCatch" "try" "DataFrame" ".decompose_log_exprs" ".model_gene_var" ".local" "modelGeneVar" "modelGeneVar" ".calc_hvg_genes" ".select_genes" "psupertime::psupertime" "eval" "eval" "withVisible" "source" 
"structure" "asS4" ".asS4" ".newSignature" ".findInheritedMethods" "<Anonymous>" "lapply" ".local" "as.data.frame" "as.data.frame" "as.data.frame.Vector" "as.data.frame" "as.data.table" "as.data.table.default" "as.data.table" ".calc_hvg_genes" ".select_genes" "psupertime::psupertime" "eval" "eval" "withVisible" "source" 
"lazyLoadDBfetch" "get" "[" ".calc_hvg_genes" ".select_genes" "psupertime::psupertime" "eval" "eval" "withVisible" "source" 
"doTryCatch" "tryCatchOne" "tryCatchList" "tryCatch" "try" "validObject" "initialize" "initialize" "new" "new2" "new_SimpleList_from_list" "coerceToSimpleList" "asMethod" "as" ".nextMethod" "callNextMethod" "doTryCatch" "tryCatchOne" "tryCatchList" "tryCatch" "try" "coerce2" "coerce2" ".make_endoapply_ans" "endoapply" "assays" "assays" "doTryCatch" "tryCatchOne" "tryCatchList" "tryCatch" "assay" "assay" ".calc_expressed_genes" ".select_genes" "psupertime::psupertime" "eval" "eval" "withVisible" "source" 
"rowMeans" ".calc_expressed_genes" ".select_genes" "psupertime::psupertime" "eval" "eval" "withVisible" "source" 
"rowMeans" ".calc_expressed_genes" ".select_genes" "psupertime::psupertime" "eval" "eval" "withVisible" "source" 
"base::rowMeans" "rowMeans" "rowMeans" ".calc_expressed_genes" ".select_genes" "psupertime::psupertime" "eval" "eval" "withVisible" "source" 
"tryCatch" "try" "validObject" "initialize" "initialize" "new" ".findNextFromTable" "addNextMethod" "addNextMethod" "callNextMethod" "METHOD" "updateObject" "updateObject" "rowRanges" "rowRanges" "names" "names" "names" ".local" "rownames" "rownames" "dimnames" "dimnames" "dimnames" "assays" "assays" "doTryCatch" "tryCatchOne" "tryCatchList" "tryCatch" "assay" "assay" ".make_x_data" "psupertime::psupertime" "eval" "eval" "withVisible" "source" 
"t.default" "t" "standardGeneric" "t" ".make_x_data" "psupertime::psupertime" "eval" "eval" "withVisible" "source" 
"t.default" "t" "standardGeneric" "t" ".make_x_data" "psupertime::psupertime" "eval" "eval" "withVisible" "source" 
"t.default" "t" "standardGeneric" "t" ".make_x_data" "psupertime::psupertime" "eval" "eval" "withVisible" "source" 
"t.default" "t" "standardGeneric" "t" ".make_x_data" "psupertime::psupertime" "eval" "eval" "withVisible" "source" 
"t.default" "t" "standardGeneric" "t" ".make_x_data" "psupertime::psupertime" "eval" "eval" "withVisible" "source" 
"t.default" "t" "standardGeneric" "t" ".make_x_data" "psupertime::psupertime" "eval" "eval" "withVisible" "source" 
"t.default" "t" "standardGeneric" "t" ".make_x_data" "psupertime::psupertime" "eval" "eval" "withVisible" "source" 
"t.default" "t" "standardGeneric" "t" ".make_x_data" "psupertime::psupertime" "eval" "eval" "withVisible" "source" 
"t.default" "t" "standardGeneric" "t" ".make_x_data" "psupertime::psupertime" "eval" "eval" "withVisible" "source" 
"t.default" "t" "standardGeneric" "t" ".make_x_data" "psupertime::psupertime" "eval" "eval" "withVisible" "source" 
"t.default" "t" "standardGeneric" "t" ".make_x_data" "psupertime::psupertime" "eval" "eval" "withVisible" "source" 
"t.default" "t" "standardGeneric" "t" ".make_x_data" "psupertime::psupertime" "eval" "eval" "withVisible" "source" 
"t.default" "t" "standardGeneric" "t" ".make_x_data" "psupertime::psupertime" "eval" "eval" "withVisible" "source" 
"t.default" "t" "standardGeneric" "t" ".make_x_data" "psupertime::psupertime" "eval" "eval" "withVisible" "source" 
"t.default" "t" "standardGeneric" "t" ".make_x_data" "psupertime::psupertime" "eval" "eval" "withVisible" "source" 
"t.default" "t" "standardGeneric" "t" ".make_x_data" "psupertime::psupertime" "eval" "eval" "withVisible" "source" 
"t.default" "t" "standardGeneric" "t" ".make_x_data" "psupertime::psupertime" "eval" "eval" "withVisible" "source" 
"t.default" "t" "standardGeneric" "t" ".make_x_data" "psupertime::psupertime" "eval" "eval" "withVisible" "source" 
"t.default" "t" "standardGeneric" "t" ".make_x_data" "psupertime::psupertime" "eval" "eval" "withVisible" "source" 
"t.default" "t" "standardGeneric" "t" ".make_x_data" "psupertime::psupertime" "eval" "eval" "withVisible" "source" 
"t.default" "t" "standardGeneric" "t" ".make_x_data" "psupertime::psupertime" "eval" "eval" "withVisible" "source" 
"t.default" "t" "standardGeneric" "t" ".make_x_data" "psupertime::psupertime" "eval" "eval" "withVisible" "source" 
"t.default" "t" "standardGeneric" "t" ".make_x_data" "psupertime::psupertime" "eval" "eval" "withVisible" "source" 
"t.default" "t" "standardGeneric" "t" ".make_x_data" "psupertime::psupertime" "eval" "eval" "withVisible" "source" 
"t.default" "t" "standardGeneric" "t" ".make_x_data" "psupertime::psupertime" "eval" "eval" "withVisible" "source" 
"t.default" "t" "standardGeneric" "t" ".make_x_data" "psupertime::psupertime" "eval" "eval" "withVisible" "source" 
"t.default" "t" "standardGeneric" "t" ".make_x_data" "psupertime::psupertime" "eval" "eval" "withVisible" "source" 
"t.default" "t" "standardGeneric" "t" ".make_x_data" "psupertime::psupertime" "eval" "eval" "withVisible" "source" 
"as.matrix" "standardGeneric" "cor" ".make_x_data" "psupertime::psupertime" "eval" "eval" "withVisible" "source" 
"order" "sort.list" "FUN" "apply" ".make_x_data" "psupertime::psupertime" "eval" "eval" "withVisible" "source" 
"match.arg" "order" "sort.list" "FUN" "apply" ".make_x_data" "psupertime::psupertime" "eval" "eval" "withVisible" "source" 
"sweep" ".make_x_data" "psupertime::psupertime" "eval" "eval" "withVisible" "source" 
"makeRestartList" "withRestarts" "message" ".train_on_folds" "psupertime::psupertime" "eval" "eval" "withVisible" "source" 
".Call" "lognet_exp" "lognet" "glmnet" ".glmnetcr_propn" ".train_on_folds" "psupertime::psupertime" "eval" "eval" "withVisible" "source" 
"lazyLoadDBfetch" ".calc_scores_for_one_fit" ".train_on_folds" "psupertime::psupertime" "eval" "eval" "withVisible" "source" 
"paste" "outerLabels" ".findInheritedMethods" "<Anonymous>" "[" ".predict_glmnetcr_propodds" ".calc_scores_for_one_fit" ".train_on_folds" "psupertime::psupertime" "eval" "eval" "withVisible" "source" 
"apply" ".predict_glmnetcr_propodds" ".calc_scores_for_one_fit" ".train_on_folds" "psupertime::psupertime" "eval" "eval" "withVisible" "source" 
"aperm.default" "aperm" "apply" ".predict_glmnetcr_propodds" ".calc_scores_for_one_fit" ".train_on_folds" "psupertime::psupertime" "eval" "eval" "withVisible" "source" 
"aperm.default" "aperm" "apply" ".predict_glmnetcr_propodds" ".calc_scores_for_one_fit" ".train_on_folds" "psupertime::psupertime" "eval" "eval" "withVisible" "source" 
"Ops.factor" "FUN" "lapply" "sapply" "standardGeneric" "t" ".calc_multiple_scores" "FUN" "lapply" "sapply" ".calc_scores_for_one_fit" ".train_on_folds" "psupertime::psupertime" "eval" "eval" "withVisible" "source" 
"levels" "Ops.factor" "FUN" "lapply" "sapply" "standardGeneric" "t" ".calc_multiple_scores" "FUN" "lapply" "sapply" ".calc_scores_for_one_fit" ".train_on_folds" "psupertime::psupertime" "eval" "eval" "withVisible" "source" 
"[[.factor" "[[" "as.list.factor" "as.list" "lapply" "sapply" "standardGeneric" "t" ".calc_multiple_scores" "FUN" "lapply" "sapply" ".calc_scores_for_one_fit" ".train_on_folds" "psupertime::psupertime" "eval" "eval" "withVisible" "source" 
".Call" "lognet_exp" "lognet" "glmnet" ".glmnetcr_propn" ".train_on_folds" "psupertime::psupertime" "eval" "eval" "withVisible" "source" 
"stopifnot" "is" ".findMethodInTable" ".quickCoerceSelect" "as" "standardGeneric" "drop" "subCsp_cols" "[" "[" "eval" "eval" "callGeneric" "[" "[" ".predict_glmnetcr_propodds" ".calc_scores_for_one_fit" ".train_on_folds" "psupertime::psupertime" "eval" "eval" "withVisible" "source" 
"FUN" "apply" ".predict_glmnetcr_propodds" ".calc_scores_for_one_fit" ".train_on_folds" "psupertime::psupertime" "eval" "eval" "withVisible" "source" 
"apply" ".predict_glmnetcr_propodds" ".calc_scores_for_one_fit" ".train_on_folds" "psupertime::psupertime" "eval" "eval" "withVisible" "source" 
"NextMethod" "[[.factor" "[[" "as.list.factor" "as.list" "lapply" "sapply" "standardGeneric" "t" ".calc_multiple_scores" "FUN" "lapply" "sapply" ".calc_scores_for_one_fit" ".train_on_folds" "psupertime::psupertime" "eval" "eval" "withVisible" "source" 
"[[" "as.list.factor" "as.list" "lapply" "sapply" "standardGeneric" "t" ".calc_multiple_scores" "FUN" "lapply" "sapply" ".calc_scores_for_one_fit" ".train_on_folds" "psupertime::psupertime" "eval" "eval" "withVisible" "source" 
"levels" "noNA.levels" "Ops.factor" "FUN" "lapply" "sapply" "standardGeneric" "t" ".calc_multiple_scores" "FUN" "lapply" "sapply" ".calc_scores_for_one_fit" ".train_on_folds" "psupertime::psupertime" "eval" "eval" "withVisible" "source" 
".Call" "lognet_exp" "lognet" "glmnet" ".glmnetcr_propn" ".train_on_folds" "psupertime::psupertime" "eval" "eval" "withVisible" "source" 
"apply" ".predict_glmnetcr_propodds" ".calc_scores_for_one_fit" ".train_on_folds" "psupertime::psupertime" "eval" "eval" "withVisible" "source" 
"apply" ".predict_glmnetcr_propodds" ".calc_scores_for_one_fit" ".train_on_folds" "psupertime::psupertime" "eval" "eval" "withVisible" "source" 
"apply" ".predict_glmnetcr_propodds" ".calc_scores_for_one_fit" ".train_on_folds" "psupertime::psupertime" "eval" "eval" "withVisible" "source" 
"FUN" "apply" ".predict_glmnetcr_propodds" ".calc_scores_for_one_fit" ".train_on_folds" "psupertime::psupertime" "eval" "eval" "withVisible" "source" 
"apply" ".calc_scores_for_one_fit" ".train_on_folds" "psupertime::psupertime" "eval" "eval" "withVisible" "source" 
"FUN" "lapply" "sapply" "standardGeneric" "t" ".calc_multiple_scores" "FUN" "lapply" "sapply" ".calc_scores_for_one_fit" ".train_on_folds" "psupertime::psupertime" "eval" "eval" "withVisible" "source" 
"Ops.factor" "FUN" "lapply" "sapply" "standardGeneric" "t" ".calc_multiple_scores" "FUN" "lapply" "sapply" ".calc_scores_for_one_fit" ".train_on_folds" "psupertime::psupertime" "eval" "eval" "withVisible" "source" 
".Call" "lognet_exp" "lognet" "glmnet" ".glmnetcr_propn" ".train_on_folds" "psupertime::psupertime" "eval" "eval" "withVisible" "source" 
"<Anonymous>" "subCsp_rows" "[" "[" "eval" "eval" "callGeneric" "[" "[" ".predict_glmnetcr_propodds" ".calc_scores_for_one_fit" ".train_on_folds" "psupertime::psupertime" "eval" "eval" "withVisible" "source" 
"all" "Ops.factor" "which" ".predict_glmnetcr_propodds" ".calc_scores_for_one_fit" ".train_on_folds" "psupertime::psupertime" "eval" "eval" "withVisible" "source" 
"apply" ".predict_glmnetcr_propodds" ".calc_scores_for_one_fit" ".train_on_folds" "psupertime::psupertime" "eval" "eval" "withVisible" "source" 
"subCsp_cols" "[" "[" "eval" "eval" "callGeneric" "[" "[" ".predict_glmnetcr_propodds" ".calc_scores_for_one_fit" ".train_on_folds" "psupertime::psupertime" "eval" "eval" "withVisible" "source" 
"apply" ".predict_glmnetcr_propodds" ".calc_scores_for_one_fit" ".train_on_folds" "psupertime::psupertime" "eval" "eval" "withVisible" "source" 
"NextMethod" "Ops.factor" "FUN" "lapply" "sapply" "standardGeneric" "t" ".calc_multiple_scores" "FUN" "lapply" "sapply" ".calc_scores_for_one_fit" ".train_on_folds" "psupertime::psupertime" "eval" "eval" "withVisible" "source" 
"NextMethod" "[[.factor" "[[" "as.list.factor" "as.list" "lapply" "sapply" "standardGeneric" "t" ".calc_multiple_scores" "FUN" "lapply" "sapply" ".calc_scores_for_one_fit" ".train_on_folds" "psupertime::psupertime" "eval" "eval" "withVisible" "source" 
"mean" ".calc_multiple_scores" "FUN" "lapply" "sapply" ".calc_scores_for_one_fit" ".train_on_folds" "psupertime::psupertime" "eval" "eval" "withVisible" "source" 
".Call" "lognet_exp" "lognet" "glmnet" ".glmnetcr_propn" ".train_on_folds" "psupertime::psupertime" "eval" "eval" "withVisible" "source" 
"apply" ".predict_glmnetcr_propodds" ".calc_scores_for_one_fit" ".train_on_folds" "psupertime::psupertime" "eval" "eval" "withVisible" "source" 
"any" "apply" ".predict_glmnetcr_propodds" ".calc_scores_for_one_fit" ".train_on_folds" "psupertime::psupertime" "eval" "eval" "withVisible" "source" 
"apply" ".predict_glmnetcr_propodds" ".calc_scores_for_one_fit" ".train_on_folds" "psupertime::psupertime" "eval" "eval" "withVisible" "source" 
"apply" ".predict_glmnetcr_propodds" ".calc_scores_for_one_fit" ".train_on_folds" "psupertime::psupertime" "eval" "eval" "withVisible" "source" 
"levels" "Ops.factor" "FUN" "lapply" "sapply" "standardGeneric" "t" ".calc_multiple_scores" "FUN" "lapply" "sapply" ".calc_scores_for_one_fit" ".train_on_folds" "psupertime::psupertime" "eval" "eval" "withVisible" "source" 
"attr" "levels.default" "levels" "Ops.factor" "mean" ".calc_multiple_scores" "FUN" "lapply" "sapply" ".calc_scores_for_one_fit" ".train_on_folds" "psupertime::psupertime" "eval" "eval" "withVisible" "source" 
"[[" "as.list.factor" "as.list" "lapply" "sapply" "standardGeneric" "t" ".calc_multiple_scores" "FUN" "lapply" "sapply" ".calc_scores_for_one_fit" ".train_on_folds" "psupertime::psupertime" "eval" "eval" "withVisible" "source" 
".Call" "lognet_exp" "lognet" "glmnet" ".glmnetcr_propn" ".get_best_fit" "psupertime::psupertime" "eval" "eval" "withVisible" "source" 
".Call" "lognet_exp" "lognet" "glmnet" ".glmnetcr_propn" ".get_best_fit" "psupertime::psupertime" "eval" "eval" "withVisible" "source" 
"apply" ".predict_glmnetcr_propodds" ".calc_scores_for_one_fit" ".make_scores_dt" "psupertime::psupertime" "eval" "eval" "withVisible" "source" 
"apply" ".predict_glmnetcr_propodds" ".calc_scores_for_one_fit" ".make_scores_dt" "psupertime::psupertime" "eval" "eval" "withVisible" "source" 
"levels" "Ops.factor" "FUN" "lapply" "sapply" "standardGeneric" "t" ".calc_multiple_scores" "FUN" "lapply" "sapply" ".calc_scores_for_one_fit" ".make_scores_dt" "psupertime::psupertime" "eval" "eval" "withVisible" "source" 
"levels" "noNA.levels" "Ops.factor" "FUN" "lapply" "sapply" "standardGeneric" "t" ".calc_multiple_scores" "FUN" "lapply" "sapply" ".calc_scores_for_one_fit" ".make_scores_dt" "psupertime::psupertime" "eval" "eval" "withVisible" "source" 
"paste" "outerLabels" ".findInheritedMethods" "<Anonymous>" "[" "eval" "eval" "callGeneric" "[" "[" ".calc_proj_dt" "psupertime::psupertime" "eval" "eval" "withVisible" "source" 
".findInheritedMethods" "<Anonymous>" "[" "eval" "eval" "callGeneric" "[" "[" ".calc_proj_dt" "psupertime::psupertime" "eval" "eval" "withVisible" "source" 
"apply" ".predict_glmnetcr_propodds" ".calc_proj_dt" "psupertime::psupertime" "eval" "eval" "withVisible" "source" 
"apply" ".predict_glmnetcr_propodds" ".calc_proj_dt" "psupertime::psupertime" "eval" "eval" "withVisible" "source" 
".predict_glmnetcr_propodds" ".calc_proj_dt" "psupertime::psupertime" "eval" "eval" "withVisible" "source" 
"apply" ".predict_glmnetcr_propodds" ".calc_proj_dt" "psupertime::psupertime" "eval" "eval" "withVisible" "source" 
"FUN" "apply" ".predict_glmnetcr_propodds" ".calc_proj_dt" "psupertime::psupertime" "eval" "eval" "withVisible" "source" 
"FUN" "apply" ".predict_glmnetcr_propodds" ".calc_proj_dt" "psupertime::psupertime" "eval" "eval" "withVisible" "source" 
"apply" ".predict_glmnetcr_propodds" ".calc_proj_dt" "psupertime::psupertime" "eval" "eval" "withVisible" "source" 
"apply" ".predict_glmnetcr_propodds" ".calc_proj_dt" "psupertime::psupertime" "eval" "eval" "withVisible" "source" 
"apply" ".predict_glmnetcr_propodds" ".calc_proj_dt" "psupertime::psupertime" "eval" "eval" "withVisible" "source" 
"names" "names" ".shallow" "shallow" "[.data.table" "[" ".make_best_beta" "psupertime::psupertime" "eval" "eval" "withVisible" "source" 
".External2" "plot.new" "barplot.default" "barplot" "rotate_x" "eval" "eval" "withVisible" "source" 
".Call" "doTryCatch" "tryCatchOne" "tryCatchList" "tryCatch" ".rs.GEcopyDisplayList" 
".External" "dev.off" 
".External" "dev.off" 
".Call" "doTryCatch" "tryCatchOne" "tryCatchList" "tryCatch" ".rs.GEcopyDisplayList" 
".External" "dev.off" 
".External" "dev.off" 
