sample.interval=20000
".findInheritedMethods" ".findNextFromTable" "addNextMethod" "addNextMethod" "callNextMethod" ".nextMethod" "callNextMethod" "updateObject" "updateObject" ".nextMethod" "callNextMethod" "METHOD" "updateObject" "updateObject" "rowRanges" "rowRanges" "names" "names" "names" "dimnames" "dimnames" "dimnames" "colnames" "unique" ".check_x" "psupertime::psupertime" 
"base::rowMeans" "Matrix::rowMeans" "Matrix::rowMeans" ".calc_hvg_genes" ".select_genes" "psupertime::psupertime" 
"base::rowMeans" "Matrix::rowMeans" "Matrix::rowMeans" ".calc_hvg_genes" ".select_genes" "psupertime::psupertime" 
"base::rowMeans" "Matrix::rowMeans" "Matrix::rowMeans" ".calc_hvg_genes" ".select_genes" "psupertime::psupertime" 
"%in%" "constantFoldSym" "constantFold" "cmp" "cmpIndices" "cmpSubsetDispatch" "h" "tryInline" "cmpCall" "cmp" "cmpSymbolAssign" "h" "tryInline" "cmpCall" "cmp" "h" "tryInline" "cmpCall" "cmp" "h" "tryInline" "cmpCall" "cmp" "h" "tryInline" "cmpCall" "cmp" "h" "tryInline" "cmpCall" "cmp" "h" "tryInline" "cmpCall" "cmp" "genCode" "cmpfun" "doTryCatch" "tryCatchOne" "tryCatchList" "tryCatch" "compiler:::tryCmpfun" "initialize" "initialize" "new" ".SerialBackend" "bpstart" "bpstart" ".compute_mean_var" "FUN" ".model_gene_var" ".local" "modelGeneVar" "modelGeneVar" ".calc_hvg_genes" ".select_genes" "psupertime::psupertime" 
".Call" "beachmat_internal_FUN" ".viewport_helper" ".blockApply2" "rowBlockApply" ".compute_mean_var" "FUN" ".model_gene_var" ".local" "modelGeneVar" "modelGeneVar" ".calc_hvg_genes" ".select_genes" "psupertime::psupertime" 
".Call" "beachmat_internal_FUN" ".viewport_helper" ".blockApply2" "rowBlockApply" ".compute_mean_var" "FUN" ".model_gene_var" ".local" "modelGeneVar" "modelGeneVar" ".calc_hvg_genes" ".select_genes" "psupertime::psupertime" 
".Call" "beachmat_internal_FUN" ".viewport_helper" ".blockApply2" "rowBlockApply" ".compute_mean_var" "FUN" ".model_gene_var" ".local" "modelGeneVar" "modelGeneVar" ".calc_hvg_genes" ".select_genes" "psupertime::psupertime" 
".Call" "beachmat_internal_FUN" ".viewport_helper" ".blockApply2" "rowBlockApply" ".compute_mean_var" "FUN" ".model_gene_var" ".local" "modelGeneVar" "modelGeneVar" ".calc_hvg_genes" ".select_genes" "psupertime::psupertime" 
"<Anonymous>" "mapply" "<Anonymous>" "do.call" ".setup_nls_args" "fitTrendVar" ".decompose_log_exprs" ".model_gene_var" ".local" "modelGeneVar" "modelGeneVar" ".calc_hvg_genes" ".select_genes" "psupertime::psupertime" 
"<Anonymous>" "mapply" "<Anonymous>" "do.call" ".setup_nls_args" "fitTrendVar" ".decompose_log_exprs" ".model_gene_var" ".local" "modelGeneVar" "modelGeneVar" ".calc_hvg_genes" ".select_genes" "psupertime::psupertime" 
"convCrit" "<Anonymous>" "<Anonymous>" "do.call" "doTryCatch" "tryCatchOne" "tryCatchList" "tryCatch" "try" "fitTrendVar" ".decompose_log_exprs" ".model_gene_var" ".local" "modelGeneVar" "modelGeneVar" ".calc_hvg_genes" ".select_genes" "psupertime::psupertime" 
".Call" "weightedLowess" "fitTrendVar" ".decompose_log_exprs" ".model_gene_var" ".local" "modelGeneVar" "modelGeneVar" ".calc_hvg_genes" ".select_genes" "psupertime::psupertime" 
".Call" "weightedLowess" "fitTrendVar" ".decompose_log_exprs" ".model_gene_var" ".local" "modelGeneVar" "modelGeneVar" ".calc_hvg_genes" ".select_genes" "psupertime::psupertime" 
".Call" "weightedLowess" "fitTrendVar" ".decompose_log_exprs" ".model_gene_var" ".local" "modelGeneVar" "modelGeneVar" ".calc_hvg_genes" ".select_genes" "psupertime::psupertime" 
".Call" "weightedLowess" "fitTrendVar" ".decompose_log_exprs" ".model_gene_var" ".local" "modelGeneVar" "modelGeneVar" ".calc_hvg_genes" ".select_genes" "psupertime::psupertime" 
".Call" "weightedLowess" "fitTrendVar" ".decompose_log_exprs" ".model_gene_var" ".local" "modelGeneVar" "modelGeneVar" ".calc_hvg_genes" ".select_genes" "psupertime::psupertime" 
".Call" "weightedLowess" "fitTrendVar" ".decompose_log_exprs" ".model_gene_var" ".local" "modelGeneVar" "modelGeneVar" ".calc_hvg_genes" ".select_genes" "psupertime::psupertime" 
".Call" "weightedLowess" "fitTrendVar" ".decompose_log_exprs" ".model_gene_var" ".local" "modelGeneVar" "modelGeneVar" ".calc_hvg_genes" ".select_genes" "psupertime::psupertime" 
"anyDuplicated.default" "anyDuplicated" "data.row.names" "data.frame" "vapply" ".checkMFClasses" "predict.nls" "predict" "PARAMFUN" "FUN" ".correct_logged_expectation" "fitTrendVar" ".decompose_log_exprs" ".model_gene_var" ".local" "modelGeneVar" "modelGeneVar" ".calc_hvg_genes" ".select_genes" "psupertime::psupertime" 
"simpleArgs" "is.simpleInternal" "inlineSimpleInternalCall" "h" "tryInline" "cmpCall" "cmp" "genCode" "cb$putconst" "cmpCallArgs" "cmpCallSymFun" "cmpCall" "cmp" "h" "tryInline" "cmpCall" "cmp" "genCode" "cmpfun" "doTryCatch" "tryCatchOne" "tryCatchList" "tryCatch" "compiler:::tryCmpfun" ".local" "as.data.frame" "as.data.frame" "as.data.frame.Vector" "as.data.frame" "as.data.table" "as.data.table.default" "as.data.table" ".calc_hvg_genes" ".select_genes" "psupertime::psupertime" 
".quickCoerceSelect" "as" "assays" "assays" "doTryCatch" "tryCatchOne" "tryCatchList" "tryCatch" "assay" "assay" ".calc_expressed_genes" ".select_genes" "psupertime::psupertime" 
"getSlots" "setDataPart" "slot<-" "asMethod" "as<-" "initialize" "initialize" "new" ".findNextFromTable" "addNextMethod" "addNextMethod" "callNextMethod" ".nextMethod" "callNextMethod" "updateObject" "updateObject" ".nextMethod" "callNextMethod" "METHOD" "updateObject" "updateObject" "rowRanges" "rowRanges" "names" "names" "names" "dimnames" "dimnames" "dimnames" "assays" "assays" "doTryCatch" "tryCatchOne" "tryCatchList" "tryCatch" "assay" "assay" ".calc_expressed_genes" ".select_genes" "psupertime::psupertime" 
"rowMeans" ".calc_expressed_genes" ".select_genes" "psupertime::psupertime" 
"rowMeans" ".calc_expressed_genes" ".select_genes" "psupertime::psupertime" 
"rowMeans" ".calc_expressed_genes" ".select_genes" "psupertime::psupertime" 
"rowMeans" ".calc_expressed_genes" ".select_genes" "psupertime::psupertime" 
"base::rowMeans" "rowMeans" "rowMeans" ".calc_expressed_genes" ".select_genes" "psupertime::psupertime" 
"base::rowMeans" "rowMeans" "rowMeans" ".calc_expressed_genes" ".select_genes" "psupertime::psupertime" 
"base::rowMeans" "rowMeans" "rowMeans" ".calc_expressed_genes" ".select_genes" "psupertime::psupertime" 
"t.default" "t" "standardGeneric" "t" ".make_x_data" "psupertime::psupertime" 
"t.default" "t" "standardGeneric" "t" ".make_x_data" "psupertime::psupertime" 
"t.default" "t" "standardGeneric" "t" ".make_x_data" "psupertime::psupertime" 
"t.default" "t" "standardGeneric" "t" ".make_x_data" "psupertime::psupertime" 
"t.default" "t" "standardGeneric" "t" ".make_x_data" "psupertime::psupertime" 
"t.default" "t" "standardGeneric" "t" ".make_x_data" "psupertime::psupertime" 
"t.default" "t" "standardGeneric" "t" ".make_x_data" "psupertime::psupertime" 
"t.default" "t" "standardGeneric" "t" ".make_x_data" "psupertime::psupertime" 
"t.default" "t" "standardGeneric" "t" ".make_x_data" "psupertime::psupertime" 
"unique" "setdiff" ".make_x_data" "psupertime::psupertime" 
"cor" "standardGeneric" "cor" ".make_x_data" "psupertime::psupertime" 
"cor" "standardGeneric" "cor" ".make_x_data" "psupertime::psupertime" 
"cor" "standardGeneric" "cor" ".make_x_data" "psupertime::psupertime" 
"cor" "standardGeneric" "cor" ".make_x_data" "psupertime::psupertime" 
"cor" "standardGeneric" "cor" ".make_x_data" "psupertime::psupertime" 
"cor" "standardGeneric" "cor" ".make_x_data" "psupertime::psupertime" 
"aperm.default" "aperm" "apply" ".make_x_data" "psupertime::psupertime" 
"stats::runif" "order" "sort.list" "FUN" "apply" ".make_x_data" "psupertime::psupertime" 
"order" "sort.list" "FUN" "apply" ".make_x_data" "psupertime::psupertime" 
"stats::runif" "order" "sort.list" "FUN" "apply" ".make_x_data" "psupertime::psupertime" 
"stats::runif" "order" "sort.list" "FUN" "apply" ".make_x_data" "psupertime::psupertime" 
"order" "sort.list" "FUN" "apply" ".make_x_data" "psupertime::psupertime" 
"apply" ".make_x_data" "psupertime::psupertime" 
"eval" "match.arg" "order" "sort.list" "FUN" "apply" ".make_x_data" "psupertime::psupertime" 
"unlist" "apply" ".make_x_data" "psupertime::psupertime" 
"%*%" ".make_x_data" "psupertime::psupertime" 
"%*%" ".make_x_data" "psupertime::psupertime" 
"%*%" ".make_x_data" "psupertime::psupertime" 
"%*%" ".make_x_data" "psupertime::psupertime" 
"%*%" ".make_x_data" "psupertime::psupertime" 
"%*%" ".make_x_data" "psupertime::psupertime" 
"scale.default" "FUN" "apply" ".make_x_data" "psupertime::psupertime" 
"$<-" "doWithOneRestart" "withOneRestart" "withRestarts" "message" ".train_on_folds" "psupertime::psupertime" 
"cbind" ".restructure_propodds" ".glmnetcr_propn" ".train_on_folds" "psupertime::psupertime" 
"cbind" ".restructure_propodds" ".glmnetcr_propn" ".train_on_folds" "psupertime::psupertime" 
"cbind" ".restructure_propodds" ".glmnetcr_propn" ".train_on_folds" "psupertime::psupertime" 
"cbind" ".restructure_propodds" ".glmnetcr_propn" ".train_on_folds" "psupertime::psupertime" 
"cbind" ".restructure_propodds" ".glmnetcr_propn" ".train_on_folds" "psupertime::psupertime" 
"cbind" ".restructure_propodds" ".glmnetcr_propn" ".train_on_folds" "psupertime::psupertime" 
"cbind" ".restructure_propodds" ".glmnetcr_propn" ".train_on_folds" "psupertime::psupertime" 
"cbind" ".restructure_propodds" ".glmnetcr_propn" ".train_on_folds" "psupertime::psupertime" 
"cbind" ".restructure_propodds" ".glmnetcr_propn" ".train_on_folds" "psupertime::psupertime" 
"cbind" ".restructure_propodds" ".glmnetcr_propn" ".train_on_folds" "psupertime::psupertime" 
"cbind" ".restructure_propodds" ".glmnetcr_propn" ".train_on_folds" "psupertime::psupertime" 
"cbind" ".restructure_propodds" ".glmnetcr_propn" ".train_on_folds" "psupertime::psupertime" 
"cbind" ".restructure_propodds" ".glmnetcr_propn" ".train_on_folds" "psupertime::psupertime" 
"cbind" ".restructure_propodds" ".glmnetcr_propn" ".train_on_folds" "psupertime::psupertime" 
"cbind" ".restructure_propodds" ".glmnetcr_propn" ".train_on_folds" "psupertime::psupertime" 
"rbind" ".restructure_propodds" ".glmnetcr_propn" ".train_on_folds" "psupertime::psupertime" 
"rbind" ".restructure_propodds" ".glmnetcr_propn" ".train_on_folds" "psupertime::psupertime" 
".glmnetcr_propn" ".train_on_folds" "psupertime::psupertime" 
".Call" "lognet_exp" "lognet" "glmnet" ".glmnetcr_propn" ".train_on_folds" "psupertime::psupertime" 
".Call" "lognet_exp" "lognet" "glmnet" ".glmnetcr_propn" ".train_on_folds" "psupertime::psupertime" 
".Call" "lognet_exp" "lognet" "glmnet" ".glmnetcr_propn" ".train_on_folds" "psupertime::psupertime" 
".Call" "lognet_exp" "lognet" "glmnet" ".glmnetcr_propn" ".train_on_folds" "psupertime::psupertime" 
".Call" "lognet_exp" "lognet" "glmnet" ".glmnetcr_propn" ".train_on_folds" "psupertime::psupertime" 
".Call" "lognet_exp" "lognet" "glmnet" ".glmnetcr_propn" ".train_on_folds" "psupertime::psupertime" 
".Call" "lognet_exp" "lognet" "glmnet" ".glmnetcr_propn" ".train_on_folds" "psupertime::psupertime" 
".Call" "lognet_exp" "lognet" "glmnet" ".glmnetcr_propn" ".train_on_folds" "psupertime::psupertime" 
".Call" "lognet_exp" "lognet" "glmnet" ".glmnetcr_propn" ".train_on_folds" "psupertime::psupertime" 
".Call" "lognet_exp" "lognet" "glmnet" ".glmnetcr_propn" ".train_on_folds" "psupertime::psupertime" 
".predict_glmnetcr_propodds" ".calc_scores_for_one_fit" ".train_on_folds" "psupertime::psupertime" 
"asMethod" "as" "standardGeneric" "drop" "subCsp_cols" "[" "[" "eval" "eval" "callGeneric" "[" "[" ".predict_glmnetcr_propodds" ".calc_scores_for_one_fit" ".train_on_folds" "psupertime::psupertime" 
"apply" ".predict_glmnetcr_propodds" ".calc_scores_for_one_fit" ".train_on_folds" "psupertime::psupertime" 
"apply" ".predict_glmnetcr_propodds" ".calc_scores_for_one_fit" ".train_on_folds" "psupertime::psupertime" 
"apply" ".predict_glmnetcr_propodds" ".calc_scores_for_one_fit" ".train_on_folds" "psupertime::psupertime" 
"apply" ".calc_scores_for_one_fit" ".train_on_folds" "psupertime::psupertime" 
"NextMethod" "Ops.factor" "FUN" "lapply" "sapply" "standardGeneric" "t" ".calc_multiple_scores" "FUN" "lapply" "sapply" ".calc_scores_for_one_fit" ".train_on_folds" "psupertime::psupertime" 
"[" "as.list.factor" "as.list" "lapply" "sapply" "standardGeneric" "t" ".calc_multiple_scores" "FUN" "lapply" "sapply" ".calc_scores_for_one_fit" ".train_on_folds" "psupertime::psupertime" 
"Ops.factor" "FUN" "lapply" "sapply" "standardGeneric" "t" ".calc_multiple_scores" "FUN" "lapply" "sapply" ".calc_scores_for_one_fit" ".train_on_folds" "psupertime::psupertime" 
"levels.default" "levels" "noNA.levels" "Ops.factor" "FUN" "lapply" "sapply" "standardGeneric" "t" ".calc_multiple_scores" "FUN" "lapply" "sapply" ".calc_scores_for_one_fit" ".train_on_folds" "psupertime::psupertime" 
"FUN" "lapply" "sapply" "standardGeneric" "t" ".calc_multiple_scores" "FUN" "lapply" "sapply" ".calc_scores_for_one_fit" ".train_on_folds" "psupertime::psupertime" 
"rbind" ".restructure_propodds" ".glmnetcr_propn" ".train_on_folds" "psupertime::psupertime" 
"rbind" ".restructure_propodds" ".glmnetcr_propn" ".train_on_folds" "psupertime::psupertime" 
".glmnetcr_propn" ".train_on_folds" "psupertime::psupertime" 
".Call" "lognet_exp" "lognet" "glmnet" ".glmnetcr_propn" ".train_on_folds" "psupertime::psupertime" 
".Call" "lognet_exp" "lognet" "glmnet" ".glmnetcr_propn" ".train_on_folds" "psupertime::psupertime" 
".Call" "lognet_exp" "lognet" "glmnet" ".glmnetcr_propn" ".train_on_folds" "psupertime::psupertime" 
".Call" "lognet_exp" "lognet" "glmnet" ".glmnetcr_propn" ".train_on_folds" "psupertime::psupertime" 
".Call" "lognet_exp" "lognet" "glmnet" ".glmnetcr_propn" ".train_on_folds" "psupertime::psupertime" 
".Call" "lognet_exp" "lognet" "glmnet" ".glmnetcr_propn" ".train_on_folds" "psupertime::psupertime" 
".Call" "lognet_exp" "lognet" "glmnet" ".glmnetcr_propn" ".train_on_folds" "psupertime::psupertime" 
".Call" "lognet_exp" "lognet" "glmnet" ".glmnetcr_propn" ".train_on_folds" "psupertime::psupertime" 
".Call" "lognet_exp" "lognet" "glmnet" ".glmnetcr_propn" ".train_on_folds" "psupertime::psupertime" 
".Call" "lognet_exp" "lognet" "glmnet" ".glmnetcr_propn" ".train_on_folds" "psupertime::psupertime" 
"apply" ".predict_glmnetcr_propodds" ".calc_scores_for_one_fit" ".train_on_folds" "psupertime::psupertime" 
"FUN" "apply" ".predict_glmnetcr_propodds" ".calc_scores_for_one_fit" ".train_on_folds" "psupertime::psupertime" 
"@<-" "subCsp_cols" "[" "[" "eval" "eval" "callGeneric" "[" "[" ".predict_glmnetcr_propodds" ".calc_scores_for_one_fit" ".train_on_folds" "psupertime::psupertime" 
"apply" ".predict_glmnetcr_propodds" ".calc_scores_for_one_fit" ".train_on_folds" "psupertime::psupertime" 
"apply" ".predict_glmnetcr_propodds" ".calc_scores_for_one_fit" ".train_on_folds" "psupertime::psupertime" 
"apply" ".predict_glmnetcr_propodds" ".calc_scores_for_one_fit" ".train_on_folds" "psupertime::psupertime" 
"apply" ".predict_glmnetcr_propodds" ".calc_scores_for_one_fit" ".train_on_folds" "psupertime::psupertime" 
"FUN" "lapply" "sapply" "standardGeneric" "t" ".calc_multiple_scores" "FUN" "lapply" "sapply" ".calc_scores_for_one_fit" ".train_on_folds" "psupertime::psupertime" 
"levels" "Ops.factor" "FUN" "lapply" "sapply" "standardGeneric" "t" ".calc_multiple_scores" "FUN" "lapply" "sapply" ".calc_scores_for_one_fit" ".train_on_folds" "psupertime::psupertime" 
"[.factor" "[" "as.list.factor" "as.list" "lapply" "sapply" "standardGeneric" "t" ".calc_multiple_scores" "FUN" "lapply" "sapply" ".calc_scores_for_one_fit" ".train_on_folds" "psupertime::psupertime" 
"levels" "noNA.levels" "Ops.factor" "FUN" "lapply" "sapply" "standardGeneric" "t" ".calc_multiple_scores" "FUN" "lapply" "sapply" ".calc_scores_for_one_fit" ".train_on_folds" "psupertime::psupertime" 
"noNA.levels" "Ops.factor" "FUN" "lapply" "sapply" "standardGeneric" "t" ".calc_multiple_scores" "FUN" "lapply" "sapply" ".calc_scores_for_one_fit" ".train_on_folds" "psupertime::psupertime" 
"rbind" ".restructure_propodds" ".glmnetcr_propn" ".train_on_folds" "psupertime::psupertime" 
"rbind" ".restructure_propodds" ".glmnetcr_propn" ".train_on_folds" "psupertime::psupertime" 
"is.na" "glmnet" ".glmnetcr_propn" ".train_on_folds" "psupertime::psupertime" 
".Call" "lognet_exp" "lognet" "glmnet" ".glmnetcr_propn" ".train_on_folds" "psupertime::psupertime" 
".Call" "lognet_exp" "lognet" "glmnet" ".glmnetcr_propn" ".train_on_folds" "psupertime::psupertime" 
".Call" "lognet_exp" "lognet" "glmnet" ".glmnetcr_propn" ".train_on_folds" "psupertime::psupertime" 
".Call" "lognet_exp" "lognet" "glmnet" ".glmnetcr_propn" ".train_on_folds" "psupertime::psupertime" 
".Call" "lognet_exp" "lognet" "glmnet" ".glmnetcr_propn" ".train_on_folds" "psupertime::psupertime" 
".Call" "lognet_exp" "lognet" "glmnet" ".glmnetcr_propn" ".train_on_folds" "psupertime::psupertime" 
".Call" "lognet_exp" "lognet" "glmnet" ".glmnetcr_propn" ".train_on_folds" "psupertime::psupertime" 
".Call" "lognet_exp" "lognet" "glmnet" ".glmnetcr_propn" ".train_on_folds" "psupertime::psupertime" 
".Call" "lognet_exp" "lognet" "glmnet" ".glmnetcr_propn" ".train_on_folds" "psupertime::psupertime" 
".Call" "lognet_exp" "lognet" "glmnet" ".glmnetcr_propn" ".train_on_folds" "psupertime::psupertime" 
"apply" ".predict_glmnetcr_propodds" ".calc_scores_for_one_fit" ".train_on_folds" "psupertime::psupertime" 
"apply" ".predict_glmnetcr_propodds" ".calc_scores_for_one_fit" ".train_on_folds" "psupertime::psupertime" 
"apply" ".predict_glmnetcr_propodds" ".calc_scores_for_one_fit" ".train_on_folds" "psupertime::psupertime" 
"apply" ".predict_glmnetcr_propodds" ".calc_scores_for_one_fit" ".train_on_folds" "psupertime::psupertime" 
"apply" ".predict_glmnetcr_propodds" ".calc_scores_for_one_fit" ".train_on_folds" "psupertime::psupertime" 
"FUN" "apply" ".calc_scores_for_one_fit" ".train_on_folds" "psupertime::psupertime" 
"[" "as.list.factor" "as.list" "lapply" "sapply" "standardGeneric" "t" ".calc_multiple_scores" "FUN" "lapply" "sapply" ".calc_scores_for_one_fit" ".train_on_folds" "psupertime::psupertime" 
"[.factor" "[" "as.list.factor" "as.list" "lapply" "sapply" "standardGeneric" "t" ".calc_multiple_scores" "FUN" "lapply" "sapply" ".calc_scores_for_one_fit" ".train_on_folds" "psupertime::psupertime" 
"is.na" "Ops.factor" "FUN" "lapply" "sapply" "standardGeneric" "t" ".calc_multiple_scores" "FUN" "lapply" "sapply" ".calc_scores_for_one_fit" ".train_on_folds" "psupertime::psupertime" 
"NextMethod" "Ops.factor" "FUN" "lapply" "sapply" "standardGeneric" "t" ".calc_multiple_scores" "FUN" "lapply" "sapply" ".calc_scores_for_one_fit" ".train_on_folds" "psupertime::psupertime" 
"FUN" "lapply" "sapply" "standardGeneric" "t" ".calc_multiple_scores" "FUN" "lapply" "sapply" ".calc_scores_for_one_fit" ".train_on_folds" "psupertime::psupertime" 
"cbind" ".restructure_propodds" ".glmnetcr_propn" ".train_on_folds" "psupertime::psupertime" 
"rbind" ".restructure_propodds" ".glmnetcr_propn" ".train_on_folds" "psupertime::psupertime" 
"rbind" ".restructure_propodds" ".glmnetcr_propn" ".train_on_folds" "psupertime::psupertime" 
"glmnet" ".glmnetcr_propn" ".train_on_folds" "psupertime::psupertime" 
".Call" "lognet_exp" "lognet" "glmnet" ".glmnetcr_propn" ".train_on_folds" "psupertime::psupertime" 
".Call" "lognet_exp" "lognet" "glmnet" ".glmnetcr_propn" ".train_on_folds" "psupertime::psupertime" 
".Call" "lognet_exp" "lognet" "glmnet" ".glmnetcr_propn" ".train_on_folds" "psupertime::psupertime" 
".Call" "lognet_exp" "lognet" "glmnet" ".glmnetcr_propn" ".train_on_folds" "psupertime::psupertime" 
".Call" "lognet_exp" "lognet" "glmnet" ".glmnetcr_propn" ".train_on_folds" "psupertime::psupertime" 
".Call" "lognet_exp" "lognet" "glmnet" ".glmnetcr_propn" ".train_on_folds" "psupertime::psupertime" 
".Call" "lognet_exp" "lognet" "glmnet" ".glmnetcr_propn" ".train_on_folds" "psupertime::psupertime" 
".Call" "lognet_exp" "lognet" "glmnet" ".glmnetcr_propn" ".train_on_folds" "psupertime::psupertime" 
".Call" "lognet_exp" "lognet" "glmnet" ".glmnetcr_propn" ".train_on_folds" "psupertime::psupertime" 
".Call" "lognet_exp" "lognet" "glmnet" ".glmnetcr_propn" ".train_on_folds" "psupertime::psupertime" 
".Call" "lognet_exp" "lognet" "glmnet" ".glmnetcr_propn" ".train_on_folds" "psupertime::psupertime" 
"apply" ".predict_glmnetcr_propodds" ".calc_scores_for_one_fit" ".train_on_folds" "psupertime::psupertime" 
"apply" ".predict_glmnetcr_propodds" ".calc_scores_for_one_fit" ".train_on_folds" "psupertime::psupertime" 
".predict_glmnetcr_propodds" ".calc_scores_for_one_fit" ".train_on_folds" "psupertime::psupertime" 
"apply" ".predict_glmnetcr_propodds" ".calc_scores_for_one_fit" ".train_on_folds" "psupertime::psupertime" 
"aperm" "apply" ".predict_glmnetcr_propodds" ".calc_scores_for_one_fit" ".train_on_folds" "psupertime::psupertime" 
"apply" ".calc_scores_for_one_fit" ".train_on_folds" "psupertime::psupertime" 
"lapply" "sapply" "standardGeneric" "t" ".calc_multiple_scores" "FUN" "lapply" "sapply" ".calc_scores_for_one_fit" ".train_on_folds" "psupertime::psupertime" 
"levels" "noNA.levels" "Ops.factor" "FUN" "lapply" "sapply" "standardGeneric" "t" ".calc_multiple_scores" "FUN" "lapply" "sapply" ".calc_scores_for_one_fit" ".train_on_folds" "psupertime::psupertime" 
"[" "as.list.factor" "as.list" "lapply" "sapply" "standardGeneric" "t" ".calc_multiple_scores" "FUN" "lapply" "sapply" ".calc_scores_for_one_fit" ".train_on_folds" "psupertime::psupertime" 
"FUN" "lapply" "sapply" "standardGeneric" "t" ".calc_multiple_scores" "FUN" "lapply" "sapply" ".calc_scores_for_one_fit" ".train_on_folds" "psupertime::psupertime" 
"Ops.factor" "FUN" "lapply" "sapply" "standardGeneric" "t" ".calc_multiple_scores" "FUN" "lapply" "sapply" ".calc_scores_for_one_fit" ".train_on_folds" "psupertime::psupertime" 
"rbind" ".restructure_propodds" ".glmnetcr_propn" ".train_on_folds" "psupertime::psupertime" 
"rbind" ".restructure_propodds" ".glmnetcr_propn" ".train_on_folds" "psupertime::psupertime" 
"rbind" ".restructure_propodds" ".glmnetcr_propn" ".train_on_folds" "psupertime::psupertime" 
"glmnet" ".glmnetcr_propn" ".train_on_folds" "psupertime::psupertime" 
".Call" "lognet_exp" "lognet" "glmnet" ".glmnetcr_propn" ".train_on_folds" "psupertime::psupertime" 
".Call" "lognet_exp" "lognet" "glmnet" ".glmnetcr_propn" ".train_on_folds" "psupertime::psupertime" 
".Call" "lognet_exp" "lognet" "glmnet" ".glmnetcr_propn" ".train_on_folds" "psupertime::psupertime" 
".Call" "lognet_exp" "lognet" "glmnet" ".glmnetcr_propn" ".train_on_folds" "psupertime::psupertime" 
".Call" "lognet_exp" "lognet" "glmnet" ".glmnetcr_propn" ".train_on_folds" "psupertime::psupertime" 
".Call" "lognet_exp" "lognet" "glmnet" ".glmnetcr_propn" ".train_on_folds" "psupertime::psupertime" 
".Call" "lognet_exp" "lognet" "glmnet" ".glmnetcr_propn" ".train_on_folds" "psupertime::psupertime" 
".Call" "lognet_exp" "lognet" "glmnet" ".glmnetcr_propn" ".train_on_folds" "psupertime::psupertime" 
".Call" "lognet_exp" "lognet" "glmnet" ".glmnetcr_propn" ".train_on_folds" "psupertime::psupertime" 
"attr" "levels.default" "levels" "noNA.levels" "Ops.factor" "which" ".predict_glmnetcr_propodds" ".calc_scores_for_one_fit" ".train_on_folds" "psupertime::psupertime" 
"apply" ".predict_glmnetcr_propodds" ".calc_scores_for_one_fit" ".train_on_folds" "psupertime::psupertime" 
".predict_glmnetcr_propodds" ".calc_scores_for_one_fit" ".train_on_folds" "psupertime::psupertime" 
"apply" ".predict_glmnetcr_propodds" ".calc_scores_for_one_fit" ".train_on_folds" "psupertime::psupertime" 
"apply" ".predict_glmnetcr_propodds" ".calc_scores_for_one_fit" ".train_on_folds" "psupertime::psupertime" 
"apply" ".predict_glmnetcr_propodds" ".calc_scores_for_one_fit" ".train_on_folds" "psupertime::psupertime" 
"Ops.factor" "FUN" "lapply" "sapply" "standardGeneric" "t" ".calc_multiple_scores" "FUN" "lapply" "sapply" ".calc_scores_for_one_fit" ".train_on_folds" "psupertime::psupertime" 
"FUN" "lapply" "sapply" "standardGeneric" "t" ".calc_multiple_scores" "FUN" "lapply" "sapply" ".calc_scores_for_one_fit" ".train_on_folds" "psupertime::psupertime" 
"[.factor" "[" "as.list.factor" "as.list" "lapply" "sapply" "standardGeneric" "t" ".calc_multiple_scores" "FUN" "lapply" "sapply" ".calc_scores_for_one_fit" ".train_on_folds" "psupertime::psupertime" 
"levels" "noNA.levels" "Ops.factor" "FUN" "lapply" "sapply" "standardGeneric" "t" ".calc_multiple_scores" "FUN" "lapply" "sapply" ".calc_scores_for_one_fit" ".train_on_folds" "psupertime::psupertime" 
"NextMethod" "[.factor" "[" "as.list.factor" "as.list" "lapply" "sapply" "standardGeneric" "t" ".calc_multiple_scores" "FUN" "lapply" "sapply" ".calc_scores_for_one_fit" ".train_on_folds" "psupertime::psupertime" 
".restructure_propodds" ".glmnetcr_propn" ".get_best_fit" "psupertime::psupertime" 
"rbind" ".restructure_propodds" ".glmnetcr_propn" ".get_best_fit" "psupertime::psupertime" 
"rbind" ".restructure_propodds" ".glmnetcr_propn" ".get_best_fit" "psupertime::psupertime" 
"rbind" ".restructure_propodds" ".glmnetcr_propn" ".get_best_fit" "psupertime::psupertime" 
"is.na" "glmnet" ".glmnetcr_propn" ".get_best_fit" "psupertime::psupertime" 
"glmnet" ".glmnetcr_propn" ".get_best_fit" "psupertime::psupertime" 
".Call" "lognet_exp" "lognet" "glmnet" ".glmnetcr_propn" ".get_best_fit" "psupertime::psupertime" 
".Call" "lognet_exp" "lognet" "glmnet" ".glmnetcr_propn" ".get_best_fit" "psupertime::psupertime" 
".Call" "lognet_exp" "lognet" "glmnet" ".glmnetcr_propn" ".get_best_fit" "psupertime::psupertime" 
".Call" "lognet_exp" "lognet" "glmnet" ".glmnetcr_propn" ".get_best_fit" "psupertime::psupertime" 
".Call" "lognet_exp" "lognet" "glmnet" ".glmnetcr_propn" ".get_best_fit" "psupertime::psupertime" 
".Call" "lognet_exp" "lognet" "glmnet" ".glmnetcr_propn" ".get_best_fit" "psupertime::psupertime" 
".Call" "lognet_exp" "lognet" "glmnet" ".glmnetcr_propn" ".get_best_fit" "psupertime::psupertime" 
".Call" "lognet_exp" "lognet" "glmnet" ".glmnetcr_propn" ".get_best_fit" "psupertime::psupertime" 
".Call" "lognet_exp" "lognet" "glmnet" ".glmnetcr_propn" ".get_best_fit" "psupertime::psupertime" 
".Call" "lognet_exp" "lognet" "glmnet" ".glmnetcr_propn" ".get_best_fit" "psupertime::psupertime" 
".Call" "lognet_exp" "lognet" "glmnet" ".glmnetcr_propn" ".get_best_fit" "psupertime::psupertime" 
".Call" "lognet_exp" "lognet" "glmnet" ".glmnetcr_propn" ".get_best_fit" "psupertime::psupertime" 
".Call" "lognet_exp" "lognet" "glmnet" ".glmnetcr_propn" ".get_best_fit" "psupertime::psupertime" 
".predict_glmnetcr_propodds" ".calc_scores_for_one_fit" ".make_scores_dt" "psupertime::psupertime" 
"apply" ".predict_glmnetcr_propodds" ".calc_scores_for_one_fit" ".make_scores_dt" "psupertime::psupertime" 
"FUN" "apply" ".predict_glmnetcr_propodds" ".calc_scores_for_one_fit" ".make_scores_dt" "psupertime::psupertime" 
"apply" ".predict_glmnetcr_propodds" ".calc_scores_for_one_fit" ".make_scores_dt" "psupertime::psupertime" 
"levels" "noNA.levels" "Ops.factor" "FUN" "lapply" "sapply" "standardGeneric" "t" ".calc_multiple_scores" "FUN" "lapply" "sapply" ".calc_scores_for_one_fit" ".make_scores_dt" "psupertime::psupertime" 
"[" "as.list.factor" "as.list" "lapply" "sapply" "standardGeneric" "t" ".calc_multiple_scores" "FUN" "lapply" "sapply" ".calc_scores_for_one_fit" ".make_scores_dt" "psupertime::psupertime" 
"noNA.levels" "Ops.factor" "FUN" "lapply" "sapply" "standardGeneric" "t" ".calc_multiple_scores" "FUN" "lapply" "sapply" ".calc_scores_for_one_fit" ".make_scores_dt" "psupertime::psupertime" 
"paste" ".sigLabel" ".findMethodInTable" ".quickCoerceSelect" "as" "as.matrix.Matrix" "as.matrix" "apply" ".predict_glmnetcr_propodds" ".calc_proj_dt" "psupertime::psupertime" 
"lengths" "apply" ".predict_glmnetcr_propodds" ".calc_proj_dt" "psupertime::psupertime" 
"%*%" ".predict_glmnetcr_propodds" ".calc_proj_dt" "psupertime::psupertime" 
"apply" ".predict_glmnetcr_propodds" ".calc_proj_dt" "psupertime::psupertime" 
"apply" ".predict_glmnetcr_propodds" ".calc_proj_dt" "psupertime::psupertime" 
"apply" ".predict_glmnetcr_propodds" ".calc_proj_dt" "psupertime::psupertime" 
"FUN" "apply" ".predict_glmnetcr_propodds" ".calc_proj_dt" "psupertime::psupertime" 
"apply" ".predict_glmnetcr_propodds" ".calc_proj_dt" "psupertime::psupertime" 
"apply" ".predict_glmnetcr_propodds" ".calc_proj_dt" "psupertime::psupertime" 
"FUN" "apply" ".predict_glmnetcr_propodds" ".calc_proj_dt" "psupertime::psupertime" 
"apply" ".predict_glmnetcr_propodds" ".calc_proj_dt" "psupertime::psupertime" 
"apply" ".predict_glmnetcr_propodds" ".calc_proj_dt" "psupertime::psupertime" 
"t.default" "t" "standardGeneric" "t" ".predict_glmnetcr_propodds" ".calc_proj_dt" "psupertime::psupertime" 
"FUN" "apply" ".predict_glmnetcr_propodds" ".calc_proj_dt" "psupertime::psupertime" 
"apply" ".predict_glmnetcr_propodds" ".calc_proj_dt" "psupertime::psupertime" 
"apply" ".predict_glmnetcr_propodds" ".calc_proj_dt" "psupertime::psupertime" 
"apply" ".predict_glmnetcr_propodds" ".calc_proj_dt" "psupertime::psupertime" 
"t.default" "t" "standardGeneric" "t" ".predict_glmnetcr_propodds" ".calc_proj_dt" "psupertime::psupertime" 
".predict_glmnetcr_propodds" ".calc_proj_dt" "psupertime::psupertime" 
"lengths" "apply" ".predict_glmnetcr_propodds" ".calc_proj_dt" "psupertime::psupertime" 
".predict_glmnetcr_propodds" ".calc_proj_dt" "psupertime::psupertime" 
"t.default" "t" "standardGeneric" "t" ".predict_glmnetcr_propodds" ".calc_proj_dt" "psupertime::psupertime" 
"apply" ".predict_glmnetcr_propodds" ".calc_proj_dt" "psupertime::psupertime" 
"apply" ".predict_glmnetcr_propodds" ".calc_proj_dt" "psupertime::psupertime" 
"apply" ".predict_glmnetcr_propodds" ".calc_proj_dt" "psupertime::psupertime" 
"FUN" "apply" ".predict_glmnetcr_propodds" ".calc_proj_dt" "psupertime::psupertime" 
"apply" ".predict_glmnetcr_propodds" ".calc_proj_dt" "psupertime::psupertime" 
"apply" ".predict_glmnetcr_propodds" ".calc_proj_dt" "psupertime::psupertime" 
"readChar" "load" 
"load" 
"load" 
"load" 
"load" 
"load" 
"load" 
"load" 
"load" 
"load" 
"load" 
"load" 
"load" 
"load" 
"load" 
"load" 
"load" 
"load" 
"load" 
"load" 
"load" 
"load" 
"load" 
"load" 
"load" 
"load" 
"load" 
"load" 
"load" 
"load" 
"load" 
"load" 
"load" 
"load" 
"load" 
"load" 
"load" 
"load" 
"load" 
"load" 
"load" 
"load" 
"load" 
"load" 
"load" 
"load" 
"load" 
"load" 
"load" 
"load" 
"load" 
"load" 
"load" 
"load" 
"load" 
"load" 
"load" 
"load" 
"load" 
"load" 
"load" 
"load" 
"load" 
"load" 
"load" 
"load" 
"load" 
"load" 
"load" 
"load" 
"load" 
"load" 
"load" 
"load" 
"load" 
"load" 
"load" 
"load" 
"load" 
"load" 
"load" 
"load" 
"load" 
"load" 
"load" 
"load" 
"load" 
"load" 
"load" 
"load" 
"load" 
"load" 
"load" 
"load" 
"load" 
"load" 
"load" 
"load" 
"load" 
"load" 
"load" 
"load" 
"load" 
"load" 
"load" 
"load" 
"load" 
"load" 
"load" 
"load" 
"load" 
"load" 
"load" 
"load" 
"load" 
"load" 
"load" 
"load" 
"load" 
"load" 
"load" 
"load" 
"load" 
"load" 
"load" 
"load" 
"load" 
"load" 
"load" 
"load" 
"load" 
"load" 
"load" 
"load" 
"load" 
"load" 
"load" 
"load" 
"load" 
"load" 
"load" 
"load" 
"load" 
"load" 
"load" 
"load" 
"load" 
"load" 
"load" 
"load" 
"load" 
"load" 
"load" 
"load" 
"load" 
"load" 
"load" 
"load" 
"load" 
"load" 
"load" 
"load" 
"load" 
"load" 
"load" 
"load" 
"load" 
"load" 
"load" 
"load" 
"load" 
"load" 
"load" 
"load" 
"load" 
"load" 
"load" 
"load" 
"load" 
"load" 
"load" 
"load" 
"load" 
"load" 
"load" 
"load" 
"load" 
"load" 
"load" 
"load" 
"load" 
"load" 
"load" 
"load" 
"load" 
"load" 
"load" 
"load" 
"load" 
"load" 
"load" 
"load" 
"load" 
"load" 
"load" 
"load" 
"load" 
"load" 
"load" 
"load" 
"load" 
"load" 
"load" 
"load" 
"load" 
"load" 
"load" 
"load" 
"load" 
"load" 
"load" 
"load" 
"load" 
"load" 
"load" 
"load" 
"load" 
"load" 
"load" 
"load" 
"load" 
"load" 
"load" 
"load" 
"load" 
"load" 
"load" 
"load" 
"load" 
"load" 
"load" 
"load" 
"load" 
"load" 
"load" 
"load" 
"load" 
"load" 
"load" 
"load" 
"load" 
"load" 
"load" 
"load" 
"load" 
"load" 
"load" 
"load" 
"load" 
"load" 
"load" 
"load" 
"load" 
"load" 
"load" 
"load" 
"load" 
"load" 
"load" 
"load" 
"load" 
"load" 
"load" 
"load" 
"load" 
"load" 
"load" 
"load" 
"load" 
"load" 
"load" 
"load" 
"load" 
"load" 
"load" 
"load" 
"load" 
"load" 
"load" 
"load" 
"load" 
"load" 
"load" 
"load" 
"load" 
"load" 
"load" 
"load" 
"load" 
"load" 
"load" 
"load" 
"load" 
"load" 
"load" 
"load" 
"load" 
"load" 
"load" 
"load" 
"load" 
"load" 
"load" 
"load" 
"load" 
"load" 
"load" 
"load" 
"load" 
"load" 
"load" 
"load" 
"load" 
"load" 
"load" 
"load" 
"load" 
"load" 
"load" 
"load" 
"load" 
"load" 
"load" 
"load" 
"load" 
"load" 
"load" 
"load" 
"load" 
"load" 
"load" 
"load" 
"load" 
"load" 
"load" 
"load" 
"load" 
"load" 
"load" 
"load" 
"load" 
"load" 
"load" 
"load" 
"load" 
"load" 
"load" 
"load" 
"load" 
"load" 
"load" 
"load" 
"load" 
"load" 
"load" 
"load" 
"load" 
"load" 
"load" 
"load" 
"load" 
"load" 
"load" 
"load" 
"load" 
"load" 
"load" 
"load" 
"load" 
"load" 
"load" 
"load" 
"load" 
"load" 
"load" 
"load" 
"load" 
"load" 
"load" 
"load" 
"load" 
"load" 
"load" 
"load" 
"load" 
"load" 
"load" 
"load" 
"load" 
"load" 
"load" 
"load" 
"load" 
"load" 
"load" 
"load" 
"load" 
"load" 
"load" 
"load" 
"load" 
"load" 
"load" 
"load" 
"load" 
"load" 
"load" 
"load" 
"load" 
"load" 
"load" 
"load" 
"load" 
"load" 
"load" 
"load" 
"load" 
"load" 
"load" 
"load" 
"load" 
"load" 
"load" 
"load" 
"load" 
"load" 
"load" 
"load" 
"load" 
"load" 
"load" 
"load" 
"load" 
"load" 
"load" 
"load" 
"load" 
"load" 
"load" 
"load" 
"load" 
"load" 
"load" 
"load" 
"load" 
"load" 
"load" 
"load" 
"load" 
"load" 
"load" 
"load" 
"load" 
"load" 
"load" 
"load" 
"load" 
"load" 
"load" 
"load" 
"load" 
"load" 
"load" 
"load" 
"load" 
"load" 
"load" 
"load" 
"ls" "apropos" "normalCompletions" ".completeToken" 
".classEnv" "as" "initialize" "initialize" "new" ".findNextFromTable" "addNextMethod" "addNextMethod" "callNextMethod" ".nextMethod" "callNextMethod" "updateObject" "updateObject" ".nextMethod" "callNextMethod" "updateObject" "updateObject" "METHOD" "updateObject" "updateObject" "rowRanges" "rowRanges" "names" "names" "names" "dimnames" "dimnames" "dimnames" "rownames" "rownames" ".nextMethod" "callNextMethod" "<Anonymous>" "<Anonymous>" 
"unique.default" "unique" ".findInheritedMethods" ".findNextFromTable" "addNextMethod" "addNextMethod" "callNextMethod" ".nextMethod" "callNextMethod" "updateObject" "updateObject" "updateObject" "updateObject" ".get_internal_names" "reducedDimNames" "reducedDimNames" "ifelse" "coolcat" "<Anonymous>" "<Anonymous>" 
".identC" "possibleExtends" "validObject" "initialize" "initialize" "new" ".findNextFromTable" "addNextMethod" "addNextMethod" "callNextMethod" ".nextMethod" "callNextMethod" "updateObject" "updateObject" "updateObject" "updateObject" ".set_internal_all" "altExps<-" "altExps<-" "updateObject" "updateObject" ".get_internal_names" "reducedDimNames" "reducedDimNames" "ifelse" "coolcat" "<Anonymous>" "<Anonymous>" 
"structure" "simpleError" "tryCatchOne" "tryCatchList" "tryCatch" "try" ".nextMethod" "callNextMethod" "doTryCatch" "tryCatchOne" "tryCatchList" "tryCatch" "try" "coerce2" "coerce2" ".make_endoapply_ans" "endoapply" "updateObject" "updateObject" ".nextMethod" "callNextMethod" ".nextMethod" "callNextMethod" "updateObject" "updateObject" ".local" "sizeFactors" "sizeFactors" "updateObject" "updateObject" ".get_internal_names" "reducedDimNames" "reducedDimNames" "ifelse" "coolcat" "<Anonymous>" "<Anonymous>" 
"tryCatch" "try" "validObject" "updateObject" ".nextMethod" "callNextMethod" "updateObject" "updateObject" "updateObject" "updateObject" ".nextMethod" "callNextMethod" "updateObject" "updateObject" "sizeFactors<-" "sizeFactors<-" "updateObject" "updateObject" ".get_internal_names" "reducedDimNames" "reducedDimNames" "ifelse" "coolcat" "<Anonymous>" "<Anonymous>" 
"validObject" "initialize" "initialize" "new" ".findNextFromTable" "addNextMethod" "addNextMethod" "callNextMethod" ".nextMethod" "callNextMethod" "updateObject" "updateObject" "updateObject" "updateObject" ".set_internal_all" ".local" "rowPairs<-" "rowPairs<-" "updateObject" "updateObject" ".get_internal_names" "reducedDimNames" "reducedDimNames" "ifelse" "coolcat" "<Anonymous>" "<Anonymous>" 
"sapply" "sapply" "standardGeneric" "which" "listClassName" "coerceToSimpleList" "asMethod" "as" ".nextMethod" "callNextMethod" "doTryCatch" "tryCatchOne" "tryCatchList" "tryCatch" "try" "coerce2" "coerce2" ".make_endoapply_ans" "endoapply" "updateObject" "updateObject" ".nextMethod" "callNextMethod" ".nextMethod" "callNextMethod" "updateObject" "updateObject" ".set_internal_all" ".local" "colPairs<-" "colPairs<-" "updateObject" "updateObject" ".get_internal_names" "reducedDimNames" "reducedDimNames" "ifelse" "coolcat" "<Anonymous>" "<Anonymous>" 
".eligibleSuperClasses" ".findInheritedMethods" ".findNextFromTable" "addNextMethod" "addNextMethod" "callNextMethod" ".nextMethod" "callNextMethod" "updateObject" "updateObject" ".nextMethod" "callNextMethod" "updateObject" "updateObject" "METHOD" "updateObject" "updateObject" ".nextMethod" "callNextMethod" "updateObject" "updateObject" ".get_internal_names" "reducedDimNames" "reducedDimNames" "ifelse" "coolcat" "<Anonymous>" "<Anonymous>" 
"get" "disableValidity" "validityMethod" "isTRUE" "anyStrings" "validObject" "updateObject" ".nextMethod" "callNextMethod" ".nextMethod" "callNextMethod" ".nextMethod" "callNextMethod" "updateObject" "updateObject" ".set_internal_all" "reducedDims<-" "reducedDims<-" "updateObject" "updateObject" ".get_internal_names" ".local" "altExpNames" "altExpNames" "ifelse" "coolcat" "<Anonymous>" "<Anonymous>" 
"tryCatchList" "tryCatch" "try" "validObject" "updateObject" "METHOD" "updateObject" "updateObject" ".nextMethod" "callNextMethod" "updateObject" "updateObject" ".set_internal_all" "altExps<-" "altExps<-" "updateObject" "updateObject" ".get_internal_names" ".local" "altExpNames" "altExpNames" "ifelse" "coolcat" "<Anonymous>" "<Anonymous>" 
"is" "callNextMethod" "updateObject" "updateObject" ".nextMethod" "eval" "eval" "callNextMethod" ".local" "colData" "colData" ".local" "sizeFactors" "sizeFactors" "updateObject" "updateObject" ".get_internal_names" ".local" "altExpNames" "altExpNames" "ifelse" "coolcat" "<Anonymous>" "<Anonymous>" 
"initialize" "initialize" "new" ".findNextFromTable" "addNextMethod" "addNextMethod" "callNextMethod" ".nextMethod" "callNextMethod" "updateObject" "updateObject" "colData<-" "colData<-" "sizeFactors<-" "sizeFactors<-" "updateObject" "updateObject" ".get_internal_names" ".local" "altExpNames" "altExpNames" "ifelse" "coolcat" "<Anonymous>" "<Anonymous>" 
"validObject" "updateObject" "METHOD" "updateObject" "updateObject" ".nextMethod" "callNextMethod" "updateObject" "updateObject" ".set_internal_all" ".local" "rowPairs<-" "rowPairs<-" "updateObject" "updateObject" ".get_internal_names" ".local" "altExpNames" "altExpNames" "ifelse" "coolcat" "<Anonymous>" "<Anonymous>" 
"withOneRestart" "withRestarts" ".signalSimpleWarning" "min" "withCallingHandlers" "suppressWarnings" "NSBS" "NSBS" "normalizeSingleBracketSubscript" "extractROWS" "extractROWS" "extractCOLS" "extractCOLS" "[" "[" ".set_internal_all" ".local" "colPairs<-" "colPairs<-" "updateObject" "updateObject" ".get_internal_names" ".local" "altExpNames" "altExpNames" "ifelse" "coolcat" "<Anonymous>" "<Anonymous>" 
".findInheritedMethods" ".findNextFromTable" "addNextMethod" "addNextMethod" "callNextMethod" ".nextMethod" "callNextMethod" "updateObject" "updateObject" ".nextMethod" "eval" "eval" "callNextMethod" ".local" "colData" "colData" "standardGeneric" "nrow" "dim" "dim" "dim" "nrow" "standardGeneric" "nrow" "method" "validityMethod" "isTRUE" "anyStrings" "validObject" "updateObject" ".get_internal_names" ".local" "altExpNames" "altExpNames" "ifelse" "coolcat" "<Anonymous>" "<Anonymous>" 
